#
# There is insufficient memory for the Java Runtime Environment to continue.
# Native memory allocation (mmap) failed to map 41943040 bytes for G1 virtual space
# Possible reasons:
#   The system is out of physical RAM or swap space
#   The process is running with CompressedOops enabled, and the Java Heap may be blocking the growth of the native heap
# Possible solutions:
#   Reduce memory load on the system
#   Increase physical memory or swap space
#   Check if swap backing store is full
#   Decrease Java heap size (-Xmx/-Xms)
#   Decrease number of Java threads
#   Decrease Java thread stack sizes (-Xss)
#   Set larger code cache with -XX:ReservedCodeCacheSize=
#   JVM is running with Unscaled Compressed Oops mode in which the Java heap is
#     placed in the first 4GB address space. The Java Heap base address is the
#     maximum limit for the native heap growth. Please use -XX:HeapBaseMinAddress
#     to set the Java Heap base and to place the Java Heap above 4GB virtual address.
# This output file may be truncated or incomplete.
#
#  Out of Memory Error (os_windows.cpp:3600), pid=29788, tid=20400
#
# JRE version: OpenJDK Runtime Environment (21.0+35) (build 21+35-2513)
# Java VM: OpenJDK 64-Bit Server VM (21+35-2513, mixed mode, sharing, tiered, compressed oops, compressed class ptrs, g1 gc, windows-amd64)
# No core dump will be written. Minidumps are not enabled by default on client versions of Windows
#

---------------  S U M M A R Y ------------

Command Line: -javaagent:D:\Program Files\IntelliJ IDEA 2023.2.4\lib\idea_rt.jar=53218:D:\Program Files\IntelliJ IDEA 2023.2.4\bin -Dfile.encoding=UTF-8 -Dsun.stdout.encoding=UTF-8 -Dsun.stderr.encoding=UTF-8 --module-path=C:\Users\kleggy\.m2\repository\org\openjfx\javafx-graphics\21-ea+24\javafx-graphics-21-ea+24-win.jar;C:\Users\kleggy\.m2\repository\org\openjfx\javafx-fxml\21-ea+24\javafx-fxml-21-ea+24-win.jar;D:\university\Git\psymk6_comp2013_cw\snakegame\target\classes;C:\Users\kleggy\.m2\repository\org\openjfx\javafx-base\21-ea+24\javafx-base-21-ea+24-win.jar;C:\Users\kleggy\.m2\repository\org\openjfx\javafx-controls\21-ea+24\javafx-controls-21-ea+24-win.jar;C:\Users\kleggy\.m2\repository\com\googlecode\soundlibs\jlayer\1.0.1.4\jlayer-1.0.1.4.jar -Djdk.module.main=com.COMP2013.javafxmultiscenes com.COMP2013.javafxmultiscenes/com.psymk6.Main

Host: AMD Ryzen 5 3500U with Radeon Vega Mobile Gfx  , 8 cores, 6G,  Windows 11 , 64 bit Build 22000 (10.0.22000.2538)
Time: Tue Dec  5 17:48:16 2023 GMT Standard Time elapsed time: 26.528027 seconds (0d 0h 0m 26s)

---------------  T H R E A D  ---------------

Current thread (0x0000014cb1612630):  VMThread "VM Thread"          [id=20400, stack(0x0000001148200000,0x0000001148300000) (1024K)]

Stack: [0x0000001148200000,0x0000001148300000]
Native frames: (J=compiled Java code, j=interpreted, Vv=VM code, C=native code)
V  [jvm.dll+0x6c8d39]
V  [jvm.dll+0x854091]
V  [jvm.dll+0x85630e]
V  [jvm.dll+0x8569e3]
V  [jvm.dll+0x2809a6]
V  [jvm.dll+0x6c5425]
V  [jvm.dll+0x6b9e1a]
V  [jvm.dll+0x3555ba]
V  [jvm.dll+0x35d206]
V  [jvm.dll+0x3adf6e]
V  [jvm.dll+0x3ae218]
V  [jvm.dll+0x328fcc]
V  [jvm.dll+0x32b876]
V  [jvm.dll+0x3357ce]
V  [jvm.dll+0x36ba35]
V  [jvm.dll+0x85c4e8]
V  [jvm.dll+0x85d5e4]
V  [jvm.dll+0x85db20]
V  [jvm.dll+0x85ddc3]
V  [jvm.dll+0x7fd2c8]
V  [jvm.dll+0x6c748d]
C  [ucrtbase.dll+0x26c0c]
C  [KERNEL32.DLL+0x153e0]
C  [ntdll.dll+0x485b]

VM_Operation (0x0000001147dff530): G1PauseRemark, mode: safepoint, requested by thread 0x0000014c95237bd0


---------------  P R O C E S S  ---------------

Threads class SMR info:
_java_thread_list=0x0000014cf835ed40, length=20, elements={
0x0000014c93061f50, 0x0000014cb1630fd0, 0x0000014cb1631cf0, 0x0000014cb1633b40,
0x0000014cb16345a0, 0x0000014cb1635000, 0x0000014cb1636270, 0x0000014cb1646530,
0x0000014cb1667ff0, 0x0000014cb15fad40, 0x0000014cb18ca180, 0x0000014cf7295d90,
0x0000014cf73dd300, 0x0000014cf7876930, 0x0000014cf7582d70, 0x0000014cf79e77f0,
0x0000014cf763ec60, 0x0000014cf7d6edf0, 0x0000014cf7d6c690, 0x0000014cf7d6c000
}

Java Threads: ( => current thread )
  0x0000014c93061f50 JavaThread "main"                              [_thread_blocked, id=32648, stack(0x0000001147b00000,0x0000001147c00000) (1024K)]
  0x0000014cb1630fd0 JavaThread "Reference Handler"          daemon [_thread_blocked, id=7584, stack(0x0000001148300000,0x0000001148400000) (1024K)]
  0x0000014cb1631cf0 JavaThread "Finalizer"                  daemon [_thread_blocked, id=308, stack(0x0000001148400000,0x0000001148500000) (1024K)]
  0x0000014cb1633b40 JavaThread "Signal Dispatcher"          daemon [_thread_blocked, id=7488, stack(0x0000001148500000,0x0000001148600000) (1024K)]
  0x0000014cb16345a0 JavaThread "Attach Listener"            daemon [_thread_blocked, id=20496, stack(0x0000001148600000,0x0000001148700000) (1024K)]
  0x0000014cb1635000 JavaThread "Service Thread"             daemon [_thread_blocked, id=19912, stack(0x0000001148700000,0x0000001148800000) (1024K)]
  0x0000014cb1636270 JavaThread "Monitor Deflation Thread"   daemon [_thread_blocked, id=6536, stack(0x0000001148800000,0x0000001148900000) (1024K)]
  0x0000014cb1646530 JavaThread "C2 CompilerThread0"         daemon [_thread_blocked, id=38256, stack(0x0000001148900000,0x0000001148a00000) (1024K)]
  0x0000014cb1667ff0 JavaThread "C1 CompilerThread0"         daemon [_thread_blocked, id=15608, stack(0x0000001148a00000,0x0000001148b00000) (1024K)]
  0x0000014cb15fad40 JavaThread "Common-Cleaner"             daemon [_thread_blocked, id=36236, stack(0x0000001148b00000,0x0000001148c00000) (1024K)]
  0x0000014cb18ca180 JavaThread "Monitor Ctrl-Break"         daemon [_thread_in_native, id=15320, stack(0x0000001148e00000,0x0000001148f00000) (1024K)]
  0x0000014cf7295d90 JavaThread "Notification Thread"        daemon [_thread_blocked, id=30012, stack(0x0000001148f00000,0x0000001149000000) (1024K)]
  0x0000014cf73dd300 JavaThread "QuantumRenderer-0"          daemon [_thread_blocked, id=3120, stack(0x0000001148c00000,0x0000001148d00000) (1024K)]
  0x0000014cf7876930 JavaThread "InvokeLaterDispatcher"      daemon [_thread_blocked, id=15256, stack(0x0000001149200000,0x0000001149300000) (1024K)]
  0x0000014cf7582d70 JavaThread "JavaFX Application Thread"         [_thread_blocked, id=24468, stack(0x0000001149300000,0x0000001149400000) (1024K)]
  0x0000014cf79e77f0 JavaThread "Thread-1"                   daemon [_thread_blocked, id=10348, stack(0x0000001149a00000,0x0000001149b00000) (1024K)]
  0x0000014cf763ec60 JavaThread "JavaFX-Launcher"                   [_thread_blocked, id=21112, stack(0x0000001149b00000,0x0000001149c00000) (1024K)]
  0x0000014cf7d6edf0 JavaThread "Prism Font Disposer"        daemon [_thread_blocked, id=28024, stack(0x000000114a300000,0x000000114a400000) (1024K)]
  0x0000014cf7d6c690 JavaThread "Cleaner-0"                  daemon [_thread_blocked, id=4408, stack(0x000000114a500000,0x000000114a600000) (1024K)]
  0x0000014cf7d6c000 JavaThread "Java Sound Event Dispatcher" daemon [_thread_blocked, id=26752, stack(0x000000114ad00000,0x000000114ae00000) (1024K)]
Total: 20

Other Threads:
=>0x0000014cb1612630 VMThread "VM Thread"                           [id=20400, stack(0x0000001148200000,0x0000001148300000) (1024K)]
  0x0000014cb15fa250 WatcherThread "VM Periodic Task Thread"        [id=13232, stack(0x0000001148100000,0x0000001148200000) (1024K)]
  0x0000014c95228c40 WorkerThread "GC Thread#0"                     [id=10136, stack(0x0000001147c00000,0x0000001147d00000) (1024K)]
  0x0000014cf7645a80 WorkerThread "GC Thread#1"                     [id=13652, stack(0x0000001149c00000,0x0000001149d00000) (1024K)]
  0x0000014cf75c01f0 WorkerThread "GC Thread#2"                     [id=21572, stack(0x0000001149d00000,0x0000001149e00000) (1024K)]
  0x0000014cf75c0590 WorkerThread "GC Thread#3"                     [id=27860, stack(0x0000001149e00000,0x0000001149f00000) (1024K)]
  0x0000014cf75c0930 WorkerThread "GC Thread#4"                     [id=1904, stack(0x0000001149f00000,0x000000114a000000) (1024K)]
  0x0000014cf75c0cd0 WorkerThread "GC Thread#5"                     [id=17044, stack(0x000000114a000000,0x000000114a100000) (1024K)]
  0x0000014cf75d1600 WorkerThread "GC Thread#6"                     [id=22016, stack(0x000000114a100000,0x000000114a200000) (1024K)]
  0x0000014cf75d19a0 WorkerThread "GC Thread#7"                     [id=8416, stack(0x000000114a200000,0x000000114a300000) (1024K)]
  0x0000014c95237bd0 ConcurrentGCThread "G1 Main Marker"            [id=34380, stack(0x0000001147d00000,0x0000001147e00000) (1024K)]
  0x0000014c95238e70 WorkerThread "G1 Conc#0"                       [id=5124, stack(0x0000001147e00000,0x0000001147f00000) (1024K)]
  0x0000014c8013bee0 WorkerThread "G1 Conc#1"                       [id=10984, stack(0x000000114a400000,0x000000114a500000) (1024K)]
  0x0000014c952a6580 ConcurrentGCThread "G1 Refine#0"               [id=9512, stack(0x0000001147f00000,0x0000001148000000) (1024K)]
  0x0000014cb14d2210 ConcurrentGCThread "G1 Service"                [id=36524, stack(0x0000001148000000,0x0000001148100000) (1024K)]
Total: 15

Threads with active compile tasks:
Total: 0

VM state: at safepoint (normal execution)

VM Mutex/Monitor currently owned by a thread:  ([mutex/lock_event])
[0x00007ffddc618548] Threads_lock - owner thread: 0x0000014cb1612630
[0x00007ffddc618648] Heap_lock - owner thread: 0x0000014c95237bd0

Heap address: 0x0000000091000000, size: 1776 MB, Compressed Oops mode: 32-bit

CDS archive(s) mapped at: [0x0000014cb2000000-0x0000014cb2c90000-0x0000014cb2c90000), size 13172736, SharedBaseAddress: 0x0000014cb2000000, ArchiveRelocationMode: 1.
Compressed class space mapped at: 0x0000014cb3000000-0x0000014cf3000000, reserved size: 1073741824
Narrow klass base: 0x0000014cb2000000, Narrow klass shift: 0, Narrow klass range: 0x100000000

GC Precious Log:
 CardTable entry size: 512
 Card Set container configuration: InlinePtr #cards 5 size 8 Array Of Cards #cards 12 size 40 Howl #buckets 4 coarsen threshold 1843 Howl Bitmap #cards 512 size 80 coarsen threshold 460 Card regions per heap region 1 cards per card region 2048
 CPUs: 8 total, 8 available
 Memory: 7103M
 Large Page Support: Disabled
 NUMA Support: Disabled
 Compressed Oops: Enabled (32-bit)
 Heap Region Size: 1M
 Heap Min Capacity: 8M
 Heap Initial Capacity: 112M
 Heap Max Capacity: 1776M
 Pre-touch: Disabled
 Parallel Workers: 8
 Concurrent Workers: 2
 Concurrent Refinement Workers: 8
 Periodic GC: Disabled

Heap:
 garbage-first heap   total 222208K, used 155599K [0x0000000091000000, 0x0000000100000000)
  region size 1024K, 6 young (6144K), 4 survivors (4096K)
 Metaspace       used 20016K, committed 20352K, reserved 1114112K
  class space    used 2856K, committed 3008K, reserved 1048576K

Heap Regions: E=young(eden), S=young(survivor), O=old, HS=humongous(starts), HC=humongous(continues), CS=collection set, F=free, TAMS=top-at-mark-start, PB=parsable bottom
|   0|0x0000000091000000, 0x0000000091100000, 0x0000000091100000|100%| O|  |TAMS 0x0000000091100000| PB 0x0000000091100000| Untracked 
|   1|0x0000000091100000, 0x0000000091200000, 0x0000000091200000|100%| O|  |TAMS 0x0000000091200000| PB 0x0000000091200000| Untracked 
|   2|0x0000000091200000, 0x0000000091300000, 0x0000000091300000|100%| O|  |TAMS 0x0000000091300000| PB 0x0000000091300000| Untracked 
|   3|0x0000000091300000, 0x0000000091400000, 0x0000000091400000|100%| O|  |TAMS 0x0000000091400000| PB 0x0000000091400000| Untracked 
|   4|0x0000000091400000, 0x0000000091500000, 0x0000000091500000|100%|HS|  |TAMS 0x0000000091500000| PB 0x0000000091400000| Complete 
|   5|0x0000000091500000, 0x0000000091600000, 0x0000000091600000|100%|HC|  |TAMS 0x0000000091600000| PB 0x0000000091500000| Complete 
|   6|0x0000000091600000, 0x0000000091700000, 0x0000000091700000|100%|HC|  |TAMS 0x0000000091700000| PB 0x0000000091600000| Complete 
|   7|0x0000000091700000, 0x0000000091800000, 0x0000000091800000|100%|HC|  |TAMS 0x0000000091800000| PB 0x0000000091700000| Complete 
|   8|0x0000000091800000, 0x0000000091900000, 0x0000000091900000|100%|HC|  |TAMS 0x0000000091900000| PB 0x0000000091800000| Complete 
|   9|0x0000000091900000, 0x0000000091a00000, 0x0000000091a00000|100%|HC|  |TAMS 0x0000000091a00000| PB 0x0000000091900000| Complete 
|  10|0x0000000091a00000, 0x0000000091b00000, 0x0000000091b00000|100%|HC|  |TAMS 0x0000000091b00000| PB 0x0000000091a00000| Complete 
|  11|0x0000000091b00000, 0x0000000091c00000, 0x0000000091c00000|100%|HC|  |TAMS 0x0000000091c00000| PB 0x0000000091b00000| Complete 
|  12|0x0000000091c00000, 0x0000000091d00000, 0x0000000091d00000|100%|HC|  |TAMS 0x0000000091d00000| PB 0x0000000091c00000| Complete 
|  13|0x0000000091d00000, 0x0000000091e00000, 0x0000000091e00000|100%|HC|  |TAMS 0x0000000091e00000| PB 0x0000000091d00000| Complete 
|  14|0x0000000091e00000, 0x0000000091f00000, 0x0000000091f00000|100%|HC|  |TAMS 0x0000000091f00000| PB 0x0000000091e00000| Complete 
|  15|0x0000000091f00000, 0x0000000092000000, 0x0000000092000000|100%|HC|  |TAMS 0x0000000092000000| PB 0x0000000091f00000| Complete 
|  16|0x0000000092000000, 0x0000000092100000, 0x0000000092100000|100%|HC|  |TAMS 0x0000000092100000| PB 0x0000000092000000| Complete 
|  17|0x0000000092100000, 0x0000000092200000, 0x0000000092200000|100%|HC|  |TAMS 0x0000000092200000| PB 0x0000000092100000| Complete 
|  18|0x0000000092200000, 0x0000000092300000, 0x0000000092300000|100%|HC|  |TAMS 0x0000000092300000| PB 0x0000000092200000| Complete 
|  19|0x0000000092300000, 0x0000000092400000, 0x0000000092400000|100%|HC|  |TAMS 0x0000000092400000| PB 0x0000000092300000| Complete 
|  20|0x0000000092400000, 0x0000000092500000, 0x0000000092500000|100%|HC|  |TAMS 0x0000000092500000| PB 0x0000000092400000| Complete 
|  21|0x0000000092500000, 0x0000000092600000, 0x0000000092600000|100%|HC|  |TAMS 0x0000000092600000| PB 0x0000000092500000| Complete 
|  22|0x0000000092600000, 0x0000000092700000, 0x0000000092700000|100%|HC|  |TAMS 0x0000000092700000| PB 0x0000000092600000| Complete 
|  23|0x0000000092700000, 0x0000000092800000, 0x0000000092800000|100%|HC|  |TAMS 0x0000000092800000| PB 0x0000000092700000| Complete 
|  24|0x0000000092800000, 0x0000000092900000, 0x0000000092900000|100%|HC|  |TAMS 0x0000000092900000| PB 0x0000000092800000| Complete 
|  25|0x0000000092900000, 0x0000000092a00000, 0x0000000092a00000|100%|HC|  |TAMS 0x0000000092a00000| PB 0x0000000092900000| Complete 
|  26|0x0000000092a00000, 0x0000000092b00000, 0x0000000092b00000|100%|HC|  |TAMS 0x0000000092b00000| PB 0x0000000092a00000| Complete 
|  27|0x0000000092b00000, 0x0000000092c00000, 0x0000000092c00000|100%|HC|  |TAMS 0x0000000092c00000| PB 0x0000000092b00000| Complete 
|  28|0x0000000092c00000, 0x0000000092d00000, 0x0000000092d00000|100%|HS|  |TAMS 0x0000000092d00000| PB 0x0000000092c00000| Complete 
|  29|0x0000000092d00000, 0x0000000092e00000, 0x0000000092e00000|100%|HC|  |TAMS 0x0000000092e00000| PB 0x0000000092d00000| Complete 
|  30|0x0000000092e00000, 0x0000000092f00000, 0x0000000092f00000|100%|HC|  |TAMS 0x0000000092f00000| PB 0x0000000092e00000| Complete 
|  31|0x0000000092f00000, 0x0000000093000000, 0x0000000093000000|100%|HC|  |TAMS 0x0000000093000000| PB 0x0000000092f00000| Complete 
|  32|0x0000000093000000, 0x0000000093100000, 0x0000000093100000|100%|HC|  |TAMS 0x0000000093100000| PB 0x0000000093000000| Complete 
|  33|0x0000000093100000, 0x0000000093200000, 0x0000000093200000|100%|HC|  |TAMS 0x0000000093200000| PB 0x0000000093100000| Complete 
|  34|0x0000000093200000, 0x0000000093300000, 0x0000000093300000|100%|HC|  |TAMS 0x0000000093300000| PB 0x0000000093200000| Complete 
|  35|0x0000000093300000, 0x0000000093400000, 0x0000000093400000|100%|HS|  |TAMS 0x0000000093400000| PB 0x0000000093300000| Complete 
|  36|0x0000000093400000, 0x0000000093500000, 0x0000000093500000|100%|HC|  |TAMS 0x0000000093500000| PB 0x0000000093400000| Complete 
|  37|0x0000000093500000, 0x0000000093600000, 0x0000000093600000|100%|HC|  |TAMS 0x0000000093600000| PB 0x0000000093500000| Complete 
|  38|0x0000000093600000, 0x0000000093700000, 0x0000000093700000|100%|HS|  |TAMS 0x0000000093700000| PB 0x0000000093600000| Complete 
|  39|0x0000000093700000, 0x0000000093800000, 0x0000000093800000|100%|HC|  |TAMS 0x0000000093800000| PB 0x0000000093700000| Complete 
|  40|0x0000000093800000, 0x0000000093800000, 0x0000000093900000|  0%| F|  |TAMS 0x0000000093800000| PB 0x0000000093800000| Untracked 
|  41|0x0000000093900000, 0x0000000093900000, 0x0000000093a00000|  0%| F|  |TAMS 0x0000000093900000| PB 0x0000000093900000| Untracked 
|  42|0x0000000093a00000, 0x0000000093a00000, 0x0000000093b00000|  0%| F|  |TAMS 0x0000000093a00000| PB 0x0000000093a00000| Untracked 
|  43|0x0000000093b00000, 0x0000000093b00000, 0x0000000093c00000|  0%| F|  |TAMS 0x0000000093b00000| PB 0x0000000093b00000| Untracked 
|  44|0x0000000093c00000, 0x0000000093c00000, 0x0000000093d00000|  0%| F|  |TAMS 0x0000000093c00000| PB 0x0000000093c00000| Untracked 
|  45|0x0000000093d00000, 0x0000000093d00000, 0x0000000093e00000|  0%| F|  |TAMS 0x0000000093d00000| PB 0x0000000093d00000| Untracked 
|  46|0x0000000093e00000, 0x0000000093e00000, 0x0000000093f00000|  0%| F|  |TAMS 0x0000000093e00000| PB 0x0000000093e00000| Untracked 
|  47|0x0000000093f00000, 0x0000000093f00000, 0x0000000094000000|  0%| F|  |TAMS 0x0000000093f00000| PB 0x0000000093f00000| Untracked 
|  48|0x0000000094000000, 0x0000000094000000, 0x0000000094100000|  0%| F|  |TAMS 0x0000000094000000| PB 0x0000000094000000| Untracked 
|  49|0x0000000094100000, 0x0000000094200000, 0x0000000094200000|100%|HS|  |TAMS 0x0000000094200000| PB 0x0000000094100000| Complete 
|  50|0x0000000094200000, 0x0000000094300000, 0x0000000094300000|100%|HC|  |TAMS 0x0000000094300000| PB 0x0000000094200000| Complete 
|  51|0x0000000094300000, 0x0000000094400000, 0x0000000094400000|100%|HC|  |TAMS 0x0000000094400000| PB 0x0000000094300000| Complete 
|  52|0x0000000094400000, 0x0000000094500000, 0x0000000094500000|100%|HC|  |TAMS 0x0000000094500000| PB 0x0000000094400000| Complete 
|  53|0x0000000094500000, 0x0000000094600000, 0x0000000094600000|100%|HC|  |TAMS 0x0000000094600000| PB 0x0000000094500000| Complete 
|  54|0x0000000094600000, 0x0000000094700000, 0x0000000094700000|100%|HC|  |TAMS 0x0000000094700000| PB 0x0000000094600000| Complete 
|  55|0x0000000094700000, 0x0000000094800000, 0x0000000094800000|100%|HC|  |TAMS 0x0000000094800000| PB 0x0000000094700000| Complete 
|  56|0x0000000094800000, 0x0000000094900000, 0x0000000094900000|100%|HC|  |TAMS 0x0000000094900000| PB 0x0000000094800000| Complete 
|  57|0x0000000094900000, 0x0000000094a00000, 0x0000000094a00000|100%|HC|  |TAMS 0x0000000094a00000| PB 0x0000000094900000| Complete 
|  58|0x0000000094a00000, 0x0000000094a00000, 0x0000000094b00000|  0%| F|  |TAMS 0x0000000094a00000| PB 0x0000000094a00000| Untracked 
|  59|0x0000000094b00000, 0x0000000094b00000, 0x0000000094c00000|  0%| F|  |TAMS 0x0000000094b00000| PB 0x0000000094b00000| Untracked 
|  60|0x0000000094c00000, 0x0000000094c00000, 0x0000000094d00000|  0%| F|  |TAMS 0x0000000094c00000| PB 0x0000000094c00000| Untracked 
|  61|0x0000000094d00000, 0x0000000094d00000, 0x0000000094e00000|  0%| F|  |TAMS 0x0000000094d00000| PB 0x0000000094d00000| Untracked 
|  62|0x0000000094e00000, 0x0000000094e00000, 0x0000000094f00000|  0%| F|  |TAMS 0x0000000094e00000| PB 0x0000000094e00000| Untracked 
|  63|0x0000000094f00000, 0x0000000094f00000, 0x0000000095000000|  0%| F|  |TAMS 0x0000000094f00000| PB 0x0000000094f00000| Untracked 
|  64|0x0000000095000000, 0x0000000095000000, 0x0000000095100000|  0%| F|  |TAMS 0x0000000095000000| PB 0x0000000095000000| Untracked 
|  65|0x0000000095100000, 0x0000000095100000, 0x0000000095200000|  0%| F|  |TAMS 0x0000000095100000| PB 0x0000000095100000| Untracked 
|  66|0x0000000095200000, 0x0000000095200000, 0x0000000095300000|  0%| F|  |TAMS 0x0000000095200000| PB 0x0000000095200000| Untracked 
|  67|0x0000000095300000, 0x0000000095300000, 0x0000000095400000|  0%| F|  |TAMS 0x0000000095300000| PB 0x0000000095300000| Untracked 
|  68|0x0000000095400000, 0x0000000095400000, 0x0000000095500000|  0%| F|  |TAMS 0x0000000095400000| PB 0x0000000095400000| Untracked 
|  69|0x0000000095500000, 0x0000000095500000, 0x0000000095600000|  0%| F|  |TAMS 0x0000000095500000| PB 0x0000000095500000| Untracked 
|  70|0x0000000095600000, 0x0000000095600000, 0x0000000095700000|  0%| F|  |TAMS 0x0000000095600000| PB 0x0000000095600000| Untracked 
|  71|0x0000000095700000, 0x0000000095700000, 0x0000000095800000|  0%| F|  |TAMS 0x0000000095700000| PB 0x0000000095700000| Untracked 
|  72|0x0000000095800000, 0x0000000095800000, 0x0000000095900000|  0%| F|  |TAMS 0x0000000095800000| PB 0x0000000095800000| Untracked 
|  73|0x0000000095900000, 0x0000000095900000, 0x0000000095a00000|  0%| F|  |TAMS 0x0000000095900000| PB 0x0000000095900000| Untracked 
|  74|0x0000000095a00000, 0x0000000095b00000, 0x0000000095b00000|100%| O|  |TAMS 0x0000000095b00000| PB 0x0000000095b00000| Untracked 
|  75|0x0000000095b00000, 0x0000000095c00000, 0x0000000095c00000|100%| O|  |TAMS 0x0000000095c00000| PB 0x0000000095c00000| Untracked 
|  76|0x0000000095c00000, 0x0000000095cbc130, 0x0000000095d00000| 73%| O|  |TAMS 0x0000000095cbc130| PB 0x0000000095cbc130| Updating 
|  77|0x0000000095d00000, 0x0000000095e00000, 0x0000000095e00000|100%|HS|  |TAMS 0x0000000095d00000| PB 0x0000000095d00000| Complete 
|  78|0x0000000095e00000, 0x0000000095f00000, 0x0000000095f00000|100%|HC|  |TAMS 0x0000000095e00000| PB 0x0000000095e00000| Complete 
|  79|0x0000000095f00000, 0x0000000096000000, 0x0000000096000000|100%|HC|  |TAMS 0x0000000095f00000| PB 0x0000000095f00000| Complete 
|  80|0x0000000096000000, 0x0000000096100000, 0x0000000096100000|100%|HC|  |TAMS 0x0000000096000000| PB 0x0000000096000000| Complete 
|  81|0x0000000096100000, 0x0000000096200000, 0x0000000096200000|100%|HC|  |TAMS 0x0000000096100000| PB 0x0000000096100000| Complete 
|  82|0x0000000096200000, 0x0000000096300000, 0x0000000096300000|100%|HC|  |TAMS 0x0000000096200000| PB 0x0000000096200000| Complete 
|  83|0x0000000096300000, 0x0000000096400000, 0x0000000096400000|100%|HC|  |TAMS 0x0000000096300000| PB 0x0000000096300000| Complete 
|  84|0x0000000096400000, 0x0000000096500000, 0x0000000096500000|100%|HC|  |TAMS 0x0000000096400000| PB 0x0000000096400000| Complete 
|  85|0x0000000096500000, 0x0000000096600000, 0x0000000096600000|100%|HC|  |TAMS 0x0000000096500000| PB 0x0000000096500000| Complete 
|  86|0x0000000096600000, 0x0000000096700000, 0x0000000096700000|100%|HC|  |TAMS 0x0000000096600000| PB 0x0000000096600000| Complete 
|  87|0x0000000096700000, 0x0000000096800000, 0x0000000096800000|100%|HC|  |TAMS 0x0000000096700000| PB 0x0000000096700000| Complete 
|  88|0x0000000096800000, 0x0000000096900000, 0x0000000096900000|100%|HC|  |TAMS 0x0000000096800000| PB 0x0000000096800000| Complete 
|  89|0x0000000096900000, 0x0000000096a00000, 0x0000000096a00000|100%|HC|  |TAMS 0x0000000096900000| PB 0x0000000096900000| Complete 
|  90|0x0000000096a00000, 0x0000000096b00000, 0x0000000096b00000|100%|HC|  |TAMS 0x0000000096a00000| PB 0x0000000096a00000| Complete 
|  91|0x0000000096b00000, 0x0000000096c00000, 0x0000000096c00000|100%|HC|  |TAMS 0x0000000096b00000| PB 0x0000000096b00000| Complete 
|  92|0x0000000096c00000, 0x0000000096d00000, 0x0000000096d00000|100%|HC|  |TAMS 0x0000000096c00000| PB 0x0000000096c00000| Complete 
|  93|0x0000000096d00000, 0x0000000096e00000, 0x0000000096e00000|100%|HC|  |TAMS 0x0000000096d00000| PB 0x0000000096d00000| Complete 
|  94|0x0000000096e00000, 0x0000000096f00000, 0x0000000096f00000|100%|HC|  |TAMS 0x0000000096e00000| PB 0x0000000096e00000| Complete 
|  95|0x0000000096f00000, 0x0000000097000000, 0x0000000097000000|100%|HC|  |TAMS 0x0000000096f00000| PB 0x0000000096f00000| Complete 
|  96|0x0000000097000000, 0x0000000097100000, 0x0000000097100000|100%|HC|  |TAMS 0x0000000097000000| PB 0x0000000097000000| Complete 
|  97|0x0000000097100000, 0x0000000097200000, 0x0000000097200000|100%|HC|  |TAMS 0x0000000097100000| PB 0x0000000097100000| Complete 
|  98|0x0000000097200000, 0x0000000097300000, 0x0000000097300000|100%|HC|  |TAMS 0x0000000097200000| PB 0x0000000097200000| Complete 
|  99|0x0000000097300000, 0x0000000097400000, 0x0000000097400000|100%|HC|  |TAMS 0x0000000097300000| PB 0x0000000097300000| Complete 
| 100|0x0000000097400000, 0x0000000097500000, 0x0000000097500000|100%|HC|  |TAMS 0x0000000097400000| PB 0x0000000097400000| Complete 
| 101|0x0000000097500000, 0x0000000097600000, 0x0000000097600000|100%|HC|  |TAMS 0x0000000097500000| PB 0x0000000097500000| Complete 
| 102|0x0000000097600000, 0x0000000097700000, 0x0000000097700000|100%|HC|  |TAMS 0x0000000097600000| PB 0x0000000097600000| Complete 
| 103|0x0000000097700000, 0x0000000097800000, 0x0000000097800000|100%|HC|  |TAMS 0x0000000097700000| PB 0x0000000097700000| Complete 
| 104|0x0000000097800000, 0x0000000097900000, 0x0000000097900000|100%|HC|  |TAMS 0x0000000097800000| PB 0x0000000097800000| Complete 
| 105|0x0000000097900000, 0x0000000097a00000, 0x0000000097a00000|100%|HC|  |TAMS 0x0000000097900000| PB 0x0000000097900000| Complete 
| 106|0x0000000097a00000, 0x0000000097b00000, 0x0000000097b00000|100%|HC|  |TAMS 0x0000000097a00000| PB 0x0000000097a00000| Complete 
| 107|0x0000000097b00000, 0x0000000097c00000, 0x0000000097c00000|100%|HC|  |TAMS 0x0000000097b00000| PB 0x0000000097b00000| Complete 
| 108|0x0000000097c00000, 0x0000000097d00000, 0x0000000097d00000|100%|HC|  |TAMS 0x0000000097c00000| PB 0x0000000097c00000| Complete 
| 109|0x0000000097d00000, 0x0000000097d00000, 0x0000000097e00000|  0%| F|  |TAMS 0x0000000097d00000| PB 0x0000000097d00000| Untracked 
| 110|0x0000000097e00000, 0x0000000097f00000, 0x0000000097f00000|100%|HS|  |TAMS 0x0000000097f00000| PB 0x0000000097e00000| Complete 
| 111|0x0000000097f00000, 0x0000000098000000, 0x0000000098000000|100%|HC|  |TAMS 0x0000000098000000| PB 0x0000000097f00000| Complete 
| 112|0x0000000098000000, 0x0000000098100000, 0x0000000098100000|100%|HC|  |TAMS 0x0000000098100000| PB 0x0000000098000000| Complete 
| 113|0x0000000098100000, 0x0000000098200000, 0x0000000098200000|100%|HC|  |TAMS 0x0000000098200000| PB 0x0000000098100000| Complete 
| 114|0x0000000098200000, 0x0000000098300000, 0x0000000098300000|100%|HC|  |TAMS 0x0000000098300000| PB 0x0000000098200000| Complete 
| 115|0x0000000098300000, 0x0000000098400000, 0x0000000098400000|100%|HC|  |TAMS 0x0000000098400000| PB 0x0000000098300000| Complete 
| 116|0x0000000098400000, 0x0000000098500000, 0x0000000098500000|100%|HC|  |TAMS 0x0000000098500000| PB 0x0000000098400000| Complete 
| 117|0x0000000098500000, 0x0000000098600000, 0x0000000098600000|100%|HC|  |TAMS 0x0000000098600000| PB 0x0000000098500000| Complete 
| 118|0x0000000098600000, 0x0000000098700000, 0x0000000098700000|100%|HC|  |TAMS 0x0000000098700000| PB 0x0000000098600000| Complete 
| 119|0x0000000098700000, 0x0000000098800000, 0x0000000098800000|100%|HC|  |TAMS 0x0000000098800000| PB 0x0000000098700000| Complete 
| 120|0x0000000098800000, 0x0000000098900000, 0x0000000098900000|100%|HC|  |TAMS 0x0000000098900000| PB 0x0000000098800000| Complete 
| 121|0x0000000098900000, 0x0000000098a00000, 0x0000000098a00000|100%|HC|  |TAMS 0x0000000098a00000| PB 0x0000000098900000| Complete 
| 122|0x0000000098a00000, 0x0000000098b00000, 0x0000000098b00000|100%|HC|  |TAMS 0x0000000098b00000| PB 0x0000000098a00000| Complete 
| 123|0x0000000098b00000, 0x0000000098c00000, 0x0000000098c00000|100%|HC|  |TAMS 0x0000000098c00000| PB 0x0000000098b00000| Complete 
| 124|0x0000000098c00000, 0x0000000098d00000, 0x0000000098d00000|100%|HC|  |TAMS 0x0000000098d00000| PB 0x0000000098c00000| Complete 
| 125|0x0000000098d00000, 0x0000000098e00000, 0x0000000098e00000|100%|HC|  |TAMS 0x0000000098e00000| PB 0x0000000098d00000| Complete 
| 126|0x0000000098e00000, 0x0000000098f00000, 0x0000000098f00000|100%|HC|  |TAMS 0x0000000098f00000| PB 0x0000000098e00000| Complete 
| 127|0x0000000098f00000, 0x0000000099000000, 0x0000000099000000|100%|HC|  |TAMS 0x0000000099000000| PB 0x0000000098f00000| Complete 
| 128|0x0000000099000000, 0x0000000099100000, 0x0000000099100000|100%|HC|  |TAMS 0x0000000099100000| PB 0x0000000099000000| Complete 
| 129|0x0000000099100000, 0x0000000099200000, 0x0000000099200000|100%|HC|  |TAMS 0x0000000099200000| PB 0x0000000099100000| Complete 
| 130|0x0000000099200000, 0x0000000099300000, 0x0000000099300000|100%|HC|  |TAMS 0x0000000099300000| PB 0x0000000099200000| Complete 
| 131|0x0000000099300000, 0x0000000099400000, 0x0000000099400000|100%|HC|  |TAMS 0x0000000099400000| PB 0x0000000099300000| Complete 
| 132|0x0000000099400000, 0x0000000099500000, 0x0000000099500000|100%|HC|  |TAMS 0x0000000099500000| PB 0x0000000099400000| Complete 
| 133|0x0000000099500000, 0x0000000099600000, 0x0000000099600000|100%|HC|  |TAMS 0x0000000099600000| PB 0x0000000099500000| Complete 
| 134|0x0000000099600000, 0x0000000099700000, 0x0000000099700000|100%|HC|  |TAMS 0x0000000099700000| PB 0x0000000099600000| Complete 
| 135|0x0000000099700000, 0x0000000099800000, 0x0000000099800000|100%|HC|  |TAMS 0x0000000099800000| PB 0x0000000099700000| Complete 
| 136|0x0000000099800000, 0x0000000099900000, 0x0000000099900000|100%|HC|  |TAMS 0x0000000099900000| PB 0x0000000099800000| Complete 
| 137|0x0000000099900000, 0x0000000099a00000, 0x0000000099a00000|100%|HC|  |TAMS 0x0000000099a00000| PB 0x0000000099900000| Complete 
| 138|0x0000000099a00000, 0x0000000099b00000, 0x0000000099b00000|100%|HC|  |TAMS 0x0000000099b00000| PB 0x0000000099a00000| Complete 
| 139|0x0000000099b00000, 0x0000000099c00000, 0x0000000099c00000|100%|HC|  |TAMS 0x0000000099c00000| PB 0x0000000099b00000| Complete 
| 140|0x0000000099c00000, 0x0000000099d00000, 0x0000000099d00000|100%|HC|  |TAMS 0x0000000099d00000| PB 0x0000000099c00000| Complete 
| 141|0x0000000099d00000, 0x0000000099e00000, 0x0000000099e00000|100%|HC|  |TAMS 0x0000000099e00000| PB 0x0000000099d00000| Complete 
| 142|0x0000000099e00000, 0x0000000099e00000, 0x0000000099f00000|  0%| F|  |TAMS 0x0000000099e00000| PB 0x0000000099e00000| Untracked 
| 143|0x0000000099f00000, 0x0000000099f00000, 0x000000009a000000|  0%| F|  |TAMS 0x0000000099f00000| PB 0x0000000099f00000| Untracked 
| 144|0x000000009a000000, 0x000000009a000000, 0x000000009a100000|  0%| F|  |TAMS 0x000000009a000000| PB 0x000000009a000000| Untracked 
| 145|0x000000009a100000, 0x000000009a100000, 0x000000009a200000|  0%| F|  |TAMS 0x000000009a100000| PB 0x000000009a100000| Untracked 
| 146|0x000000009a200000, 0x000000009a200000, 0x000000009a300000|  0%| F|  |TAMS 0x000000009a200000| PB 0x000000009a200000| Untracked 
| 147|0x000000009a300000, 0x000000009a300000, 0x000000009a400000|  0%| F|  |TAMS 0x000000009a300000| PB 0x000000009a300000| Untracked 
| 148|0x000000009a400000, 0x000000009a400000, 0x000000009a500000|  0%| F|  |TAMS 0x000000009a400000| PB 0x000000009a400000| Untracked 
| 149|0x000000009a500000, 0x000000009a500000, 0x000000009a600000|  0%| F|  |TAMS 0x000000009a500000| PB 0x000000009a500000| Untracked 
| 150|0x000000009a600000, 0x000000009a600000, 0x000000009a700000|  0%| F|  |TAMS 0x000000009a600000| PB 0x000000009a600000| Untracked 
| 151|0x000000009a700000, 0x000000009a700000, 0x000000009a800000|  0%| F|  |TAMS 0x000000009a700000| PB 0x000000009a700000| Untracked 
| 152|0x000000009a800000, 0x000000009a800000, 0x000000009a900000|  0%| F|  |TAMS 0x000000009a800000| PB 0x000000009a800000| Untracked 
| 153|0x000000009a900000, 0x000000009a900000, 0x000000009aa00000|  0%| F|  |TAMS 0x000000009a900000| PB 0x000000009a900000| Untracked 
| 154|0x000000009aa00000, 0x000000009aa00000, 0x000000009ab00000|  0%| F|  |TAMS 0x000000009aa00000| PB 0x000000009aa00000| Untracked 
| 155|0x000000009ab00000, 0x000000009ab00000, 0x000000009ac00000|  0%| F|  |TAMS 0x000000009ab00000| PB 0x000000009ab00000| Untracked 
| 156|0x000000009ac00000, 0x000000009ac00000, 0x000000009ad00000|  0%| F|  |TAMS 0x000000009ac00000| PB 0x000000009ac00000| Untracked 
| 157|0x000000009ad00000, 0x000000009ad00000, 0x000000009ae00000|  0%| F|  |TAMS 0x000000009ad00000| PB 0x000000009ad00000| Untracked 
| 158|0x000000009ae00000, 0x000000009ae00000, 0x000000009af00000|  0%| F|  |TAMS 0x000000009ae00000| PB 0x000000009ae00000| Untracked 
| 159|0x000000009af00000, 0x000000009af00000, 0x000000009b000000|  0%| F|  |TAMS 0x000000009af00000| PB 0x000000009af00000| Untracked 
| 160|0x000000009b000000, 0x000000009b000000, 0x000000009b100000|  0%| F|  |TAMS 0x000000009b000000| PB 0x000000009b000000| Untracked 
| 161|0x000000009b100000, 0x000000009b137ea0, 0x000000009b200000| 21%| S|CS|TAMS 0x000000009b100000| PB 0x000000009b100000| Complete 
| 162|0x000000009b200000, 0x000000009b300000, 0x000000009b300000|100%| S|CS|TAMS 0x000000009b200000| PB 0x000000009b200000| Complete 
| 163|0x000000009b300000, 0x000000009b400000, 0x000000009b400000|100%| S|CS|TAMS 0x000000009b300000| PB 0x000000009b300000| Complete 
| 164|0x000000009b400000, 0x000000009b500000, 0x000000009b500000|100%| S|CS|TAMS 0x000000009b400000| PB 0x000000009b400000| Complete 
| 165|0x000000009b500000, 0x000000009b500000, 0x000000009b600000|  0%| F|  |TAMS 0x000000009b500000| PB 0x000000009b500000| Untracked 
| 166|0x000000009b600000, 0x000000009b600000, 0x000000009b700000|  0%| F|  |TAMS 0x000000009b600000| PB 0x000000009b600000| Untracked 
| 167|0x000000009b700000, 0x000000009b700000, 0x000000009b800000|  0%| F|  |TAMS 0x000000009b700000| PB 0x000000009b700000| Untracked 
| 168|0x000000009b800000, 0x000000009b800000, 0x000000009b900000|  0%| F|  |TAMS 0x000000009b800000| PB 0x000000009b800000| Untracked 
| 169|0x000000009b900000, 0x000000009b900000, 0x000000009ba00000|  0%| F|  |TAMS 0x000000009b900000| PB 0x000000009b900000| Untracked 
| 170|0x000000009ba00000, 0x000000009ba00000, 0x000000009bb00000|  0%| F|  |TAMS 0x000000009ba00000| PB 0x000000009ba00000| Untracked 
| 171|0x000000009bb00000, 0x000000009bb00000, 0x000000009bc00000|  0%| F|  |TAMS 0x000000009bb00000| PB 0x000000009bb00000| Untracked 
| 172|0x000000009bc00000, 0x000000009bc00000, 0x000000009bd00000|  0%| F|  |TAMS 0x000000009bc00000| PB 0x000000009bc00000| Untracked 
| 173|0x000000009bd00000, 0x000000009bd00000, 0x000000009be00000|  0%| F|  |TAMS 0x000000009bd00000| PB 0x000000009bd00000| Untracked 
| 174|0x000000009be00000, 0x000000009be00000, 0x000000009bf00000|  0%| F|  |TAMS 0x000000009be00000| PB 0x000000009be00000| Untracked 
| 175|0x000000009bf00000, 0x000000009bf00000, 0x000000009c000000|  0%| F|  |TAMS 0x000000009bf00000| PB 0x000000009bf00000| Untracked 
| 176|0x000000009c000000, 0x000000009c000000, 0x000000009c100000|  0%| F|  |TAMS 0x000000009c000000| PB 0x000000009c000000| Untracked 
| 177|0x000000009c100000, 0x000000009c100000, 0x000000009c200000|  0%| F|  |TAMS 0x000000009c100000| PB 0x000000009c100000| Untracked 
| 178|0x000000009c200000, 0x000000009c200000, 0x000000009c300000|  0%| F|  |TAMS 0x000000009c200000| PB 0x000000009c200000| Untracked 
| 179|0x000000009c300000, 0x000000009c300000, 0x000000009c400000|  0%| F|  |TAMS 0x000000009c300000| PB 0x000000009c300000| Untracked 
| 180|0x000000009c400000, 0x000000009c400000, 0x000000009c500000|  0%| F|  |TAMS 0x000000009c400000| PB 0x000000009c400000| Untracked 
| 181|0x000000009c500000, 0x000000009c500000, 0x000000009c600000|  0%| F|  |TAMS 0x000000009c500000| PB 0x000000009c500000| Untracked 
| 182|0x000000009c600000, 0x000000009c600000, 0x000000009c700000|  0%| F|  |TAMS 0x000000009c600000| PB 0x000000009c600000| Untracked 
| 183|0x000000009c700000, 0x000000009c780800, 0x000000009c800000| 50%| E|  |TAMS 0x000000009c700000| PB 0x000000009c700000| Complete 
| 184|0x000000009c800000, 0x000000009c900000, 0x000000009c900000|100%| E|CS|TAMS 0x000000009c800000| PB 0x000000009c800000| Complete 
| 185|0x000000009c900000, 0x000000009ca00000, 0x000000009ca00000|100%|HS|  |TAMS 0x000000009c900000| PB 0x000000009c900000| Complete 
| 186|0x000000009ca00000, 0x000000009cb00000, 0x000000009cb00000|100%|HC|  |TAMS 0x000000009ca00000| PB 0x000000009ca00000| Complete 
| 187|0x000000009cb00000, 0x000000009cc00000, 0x000000009cc00000|100%|HC|  |TAMS 0x000000009cb00000| PB 0x000000009cb00000| Complete 
| 188|0x000000009cc00000, 0x000000009cd00000, 0x000000009cd00000|100%|HC|  |TAMS 0x000000009cc00000| PB 0x000000009cc00000| Complete 
| 189|0x000000009cd00000, 0x000000009ce00000, 0x000000009ce00000|100%|HC|  |TAMS 0x000000009cd00000| PB 0x000000009cd00000| Complete 
| 190|0x000000009ce00000, 0x000000009cf00000, 0x000000009cf00000|100%|HC|  |TAMS 0x000000009ce00000| PB 0x000000009ce00000| Complete 
| 191|0x000000009cf00000, 0x000000009d000000, 0x000000009d000000|100%|HC|  |TAMS 0x000000009cf00000| PB 0x000000009cf00000| Complete 
| 192|0x000000009d000000, 0x000000009d100000, 0x000000009d100000|100%|HC|  |TAMS 0x000000009d000000| PB 0x000000009d000000| Complete 
| 193|0x000000009d100000, 0x000000009d200000, 0x000000009d200000|100%|HC|  |TAMS 0x000000009d100000| PB 0x000000009d100000| Complete 
| 194|0x000000009d200000, 0x000000009d300000, 0x000000009d300000|100%|HC|  |TAMS 0x000000009d200000| PB 0x000000009d200000| Complete 
| 195|0x000000009d300000, 0x000000009d400000, 0x000000009d400000|100%|HC|  |TAMS 0x000000009d300000| PB 0x000000009d300000| Complete 
| 196|0x000000009d400000, 0x000000009d500000, 0x000000009d500000|100%|HC|  |TAMS 0x000000009d400000| PB 0x000000009d400000| Complete 
| 197|0x000000009d500000, 0x000000009d600000, 0x000000009d600000|100%|HC|  |TAMS 0x000000009d500000| PB 0x000000009d500000| Complete 
| 198|0x000000009d600000, 0x000000009d700000, 0x000000009d700000|100%|HC|  |TAMS 0x000000009d600000| PB 0x000000009d600000| Complete 
| 199|0x000000009d700000, 0x000000009d800000, 0x000000009d800000|100%|HC|  |TAMS 0x000000009d700000| PB 0x000000009d700000| Complete 
| 200|0x000000009d800000, 0x000000009d900000, 0x000000009d900000|100%|HC|  |TAMS 0x000000009d800000| PB 0x000000009d800000| Complete 
| 201|0x000000009d900000, 0x000000009da00000, 0x000000009da00000|100%|HC|  |TAMS 0x000000009d900000| PB 0x000000009d900000| Complete 
| 202|0x000000009da00000, 0x000000009db00000, 0x000000009db00000|100%|HC|  |TAMS 0x000000009da00000| PB 0x000000009da00000| Complete 
| 203|0x000000009db00000, 0x000000009dc00000, 0x000000009dc00000|100%|HC|  |TAMS 0x000000009db00000| PB 0x000000009db00000| Complete 
| 204|0x000000009dc00000, 0x000000009dd00000, 0x000000009dd00000|100%|HC|  |TAMS 0x000000009dc00000| PB 0x000000009dc00000| Complete 
| 205|0x000000009dd00000, 0x000000009de00000, 0x000000009de00000|100%|HC|  |TAMS 0x000000009dd00000| PB 0x000000009dd00000| Complete 
| 206|0x000000009de00000, 0x000000009df00000, 0x000000009df00000|100%|HC|  |TAMS 0x000000009de00000| PB 0x000000009de00000| Complete 
| 207|0x000000009df00000, 0x000000009e000000, 0x000000009e000000|100%|HC|  |TAMS 0x000000009df00000| PB 0x000000009df00000| Complete 
| 208|0x000000009e000000, 0x000000009e100000, 0x000000009e100000|100%|HC|  |TAMS 0x000000009e000000| PB 0x000000009e000000| Complete 
| 209|0x000000009e100000, 0x000000009e200000, 0x000000009e200000|100%|HC|  |TAMS 0x000000009e100000| PB 0x000000009e100000| Complete 
| 210|0x000000009e200000, 0x000000009e300000, 0x000000009e300000|100%|HC|  |TAMS 0x000000009e200000| PB 0x000000009e200000| Complete 
| 211|0x000000009e300000, 0x000000009e400000, 0x000000009e400000|100%|HC|  |TAMS 0x000000009e300000| PB 0x000000009e300000| Complete 
| 212|0x000000009e400000, 0x000000009e500000, 0x000000009e500000|100%|HC|  |TAMS 0x000000009e400000| PB 0x000000009e400000| Complete 
| 213|0x000000009e500000, 0x000000009e600000, 0x000000009e600000|100%|HC|  |TAMS 0x000000009e500000| PB 0x000000009e500000| Complete 
| 214|0x000000009e600000, 0x000000009e700000, 0x000000009e700000|100%|HC|  |TAMS 0x000000009e600000| PB 0x000000009e600000| Complete 
| 215|0x000000009e700000, 0x000000009e800000, 0x000000009e800000|100%|HC|  |TAMS 0x000000009e700000| PB 0x000000009e700000| Complete 
| 216|0x000000009e800000, 0x000000009e900000, 0x000000009e900000|100%|HC|  |TAMS 0x000000009e800000| PB 0x000000009e800000| Complete 

Card table byte_map: [0x0000014caccf0000,0x0000014cad070000] _byte_map_base: 0x0000014cac868000

Marking Bits: (CMBitMap*) 0x0000014c95229340
 Bits: [0x0000014cad070000, 0x0000014caec30000)

Polling page: 0x0000014c949b0000

Metaspace:

Usage:
  Non-class:     16.76 MB used.
      Class:      2.79 MB used.
       Both:     19.55 MB used.

Virtual space:
  Non-class space:       64.00 MB reserved,      16.94 MB ( 26%) committed,  1 nodes.
      Class space:        1.00 GB reserved,       2.94 MB ( <1%) committed,  1 nodes.
             Both:        1.06 GB reserved,      19.88 MB (  2%) committed. 

Chunk freelists:
   Non-Class:  14.25 MB
       Class:  13.09 MB
        Both:  27.34 MB

MaxMetaspaceSize: unlimited
CompressedClassSpaceSize: 1.00 GB
Initial GC threshold: 21.00 MB
Current GC threshold: 29.50 MB
CDS: on
 - commit_granule_bytes: 65536.
 - commit_granule_words: 8192.
 - virtual_space_node_default_size: 8388608.
 - enlarge_chunks_in_place: 1.
 - use_allocation_guard: 0.


Internal statistics:

num_allocs_failed_limit: 0.
num_arena_births: 398.
num_arena_deaths: 0.
num_vsnodes_births: 2.
num_vsnodes_deaths: 0.
num_space_committed: 318.
num_space_uncommitted: 0.
num_chunks_returned_to_freelist: 0.
num_chunks_taken_from_freelist: 1035.
num_chunk_merges: 0.
num_chunk_splits: 718.
num_chunks_enlarged: 529.
num_inconsistent_stats: 0.

CodeHeap 'non-profiled nmethods': size=120000Kb used=2124Kb max_used=2124Kb free=117875Kb
 bounds [0x0000014ca5100000, 0x0000014ca5370000, 0x0000014cac630000]
CodeHeap 'profiled nmethods': size=120000Kb used=8316Kb max_used=8316Kb free=111683Kb
 bounds [0x0000014c9d630000, 0x0000014c9de50000, 0x0000014ca4b60000]
CodeHeap 'non-nmethods': size=5760Kb used=1865Kb max_used=1904Kb free=3894Kb
 bounds [0x0000014ca4b60000, 0x0000014ca4dd0000, 0x0000014ca5100000]
 total_blobs=5034 nmethods=4169 adapters=768
 compilation: enabled
              stopped_count=0, restarted_count=0
 full_count=0

Compilation events (20 events):
Event: 26.480 Thread 0x0000014cb1667ff0 nmethod 4499 0x0000014c9de4cb10 code [0x0000014c9de4ccc0, 0x0000014c9de4ce00]
Event: 26.480 Thread 0x0000014cb1667ff0 4500       3       javafx.css.CssLexer$$Lambda/0x0000014cb31bf920::recognize (5 bytes)
Event: 26.481 Thread 0x0000014cb1667ff0 nmethod 4500 0x0000014c9de4cf10 code [0x0000014c9de4d0c0, 0x0000014c9de4d338]
Event: 26.481 Thread 0x0000014cb1667ff0 4501       3       javafx.css.CssLexer::lambda$new$26 (30 bytes)
Event: 26.481 Thread 0x0000014cb1667ff0 nmethod 4501 0x0000014c9de4d410 code [0x0000014c9de4d5c0, 0x0000014c9de4d7b8]
Event: 26.481 Thread 0x0000014cb1667ff0 4502       3       javafx.css.CssLexer$$Lambda/0x0000014cb31c1708::recognize (5 bytes)
Event: 26.481 Thread 0x0000014cb1667ff0 nmethod 4502 0x0000014c9de4d890 code [0x0000014c9de4da40, 0x0000014c9de4dc08]
Event: 26.481 Thread 0x0000014cb1646530 nmethod 4497 0x0000014ca5312710 code [0x0000014ca53128a0, 0x0000014ca5312a78]
Event: 26.481 Thread 0x0000014cb1646530 4498       4       java.util.regex.Matcher::checkMatch (19 bytes)
Event: 26.481 Thread 0x0000014cb1667ff0 4503       3       javafx.css.CssLexer::lambda$new$41 (12 bytes)
Event: 26.482 Thread 0x0000014cb1667ff0 nmethod 4503 0x0000014c9de4dd10 code [0x0000014c9de4dea0, 0x0000014c9de4dfe8]
Event: 26.482 Thread 0x0000014cb1667ff0 4504       3       javafx.css.CssLexer::readChar (72 bytes)
Event: 26.482 Thread 0x0000014cb1646530 nmethod 4498 0x0000014ca5312b90 code [0x0000014ca5312d20, 0x0000014ca5312dc8]
Event: 26.487 Thread 0x0000014cb1667ff0 nmethod 4504 0x0000014c9de4e090 code [0x0000014c9de4e240, 0x0000014c9de4e510]
Event: 26.487 Thread 0x0000014cb1667ff0 4505   !   3       java.io.CharArrayReader::read (50 bytes)
Event: 26.488 Thread 0x0000014cb1667ff0 nmethod 4505 0x0000014c9de4e610 code [0x0000014c9de4e800, 0x0000014c9de4ec58]
Event: 26.488 Thread 0x0000014cb1667ff0 4507       3       java.util.concurrent.atomic.AtomicLong::addAndGet (14 bytes)
Event: 26.489 Thread 0x0000014cb1667ff0 nmethod 4507 0x0000014c9de4ef10 code [0x0000014c9de4f0a0, 0x0000014c9de4f1c0]
Event: 26.489 Thread 0x0000014cb1667ff0 4506       1       javafx.scene.Parent::isPerformingLayout (5 bytes)
Event: 26.489 Thread 0x0000014cb1667ff0 nmethod 4506 0x0000014ca5312e90 code [0x0000014ca5313020, 0x0000014ca53130f0]

GC Heap History (14 events):
Event: 1.315 GC heap before
{Heap before GC invocations=0 (full 0):
 garbage-first heap   total 114688K, used 22528K [0x0000000091000000, 0x0000000100000000)
  region size 1024K, 23 young (23552K), 0 survivors (0K)
 Metaspace       used 4937K, committed 5120K, reserved 1114112K
  class space    used 519K, committed 576K, reserved 1048576K
}
Event: 1.321 GC heap after
{Heap after GC invocations=1 (full 0):
 garbage-first heap   total 114688K, used 3624K [0x0000000091000000, 0x0000000100000000)
  region size 1024K, 3 young (3072K), 3 survivors (3072K)
 Metaspace       used 4937K, committed 5120K, reserved 1114112K
  class space    used 519K, committed 576K, reserved 1048576K
}
Event: 2.319 GC heap before
{Heap before GC invocations=1 (full 0):
 garbage-first heap   total 114688K, used 34344K [0x0000000091000000, 0x0000000100000000)
  region size 1024K, 34 young (34816K), 3 survivors (3072K)
 Metaspace       used 11792K, committed 12160K, reserved 1114112K
  class space    used 1657K, committed 1856K, reserved 1048576K
}
Event: 2.326 GC heap after
{Heap after GC invocations=2 (full 0):
 garbage-first heap   total 114688K, used 7087K [0x0000000091000000, 0x0000000100000000)
  region size 1024K, 4 young (4096K), 4 survivors (4096K)
 Metaspace       used 11792K, committed 12160K, reserved 1114112K
  class space    used 1657K, committed 1856K, reserved 1048576K
}
Event: 4.600 GC heap before
{Heap before GC invocations=2 (full 0):
 garbage-first heap   total 114688K, used 73647K [0x0000000091000000, 0x0000000100000000)
  region size 1024K, 34 young (34816K), 4 survivors (4096K)
 Metaspace       used 17697K, committed 18048K, reserved 1114112K
  class space    used 2729K, committed 2880K, reserved 1048576K
}
Event: 4.607 GC heap after
{Heap after GC invocations=3 (full 0):
 garbage-first heap   total 114688K, used 45987K [0x0000000091000000, 0x0000000100000000)
  region size 1024K, 6 young (6144K), 6 survivors (6144K)
 Metaspace       used 17697K, committed 18048K, reserved 1114112K
  class space    used 2729K, committed 2880K, reserved 1048576K
}
Event: 4.671 GC heap before
{Heap before GC invocations=3 (full 0):
 garbage-first heap   total 114688K, used 79779K [0x0000000091000000, 0x0000000100000000)
  region size 1024K, 8 young (8192K), 6 survivors (6144K)
 Metaspace       used 17746K, committed 18112K, reserved 1114112K
  class space    used 2735K, committed 2880K, reserved 1048576K
}
Event: 4.676 GC heap after
{Heap after GC invocations=4 (full 0):
 garbage-first heap   total 114688K, used 79020K [0x0000000091000000, 0x0000000100000000)
  region size 1024K, 3 young (3072K), 3 survivors (3072K)
 Metaspace       used 17746K, committed 18112K, reserved 1114112K
  class space    used 2735K, committed 2880K, reserved 1048576K
}
Event: 4.859 GC heap before
{Heap before GC invocations=5 (full 0):
 garbage-first heap   total 189440K, used 111788K [0x0000000091000000, 0x0000000100000000)
  region size 1024K, 4 young (4096K), 3 survivors (3072K)
 Metaspace       used 17746K, committed 18112K, reserved 1114112K
  class space    used 2735K, committed 2880K, reserved 1048576K
}
Event: 4.862 GC heap after
{Heap after GC invocations=6 (full 0):
 garbage-first heap   total 189440K, used 78730K [0x0000000091000000, 0x0000000100000000)
  region size 1024K, 3 young (3072K), 3 survivors (3072K)
 Metaspace       used 17746K, committed 18112K, reserved 1114112K
  class space    used 2735K, committed 2880K, reserved 1048576K
}
Event: 4.872 GC heap before
{Heap before GC invocations=6 (full 0):
 garbage-first heap   total 189440K, used 87946K [0x0000000091000000, 0x0000000100000000)
  region size 1024K, 4 young (4096K), 3 survivors (3072K)
 Metaspace       used 17746K, committed 18112K, reserved 1114112K
  class space    used 2735K, committed 2880K, reserved 1048576K
}
Event: 4.875 GC heap after
{Heap after GC invocations=7 (full 0):
 garbage-first heap   total 189440K, used 88031K [0x0000000091000000, 0x0000000100000000)
  region size 1024K, 3 young (3072K), 3 survivors (3072K)
 Metaspace       used 17746K, committed 18112K, reserved 1114112K
  class space    used 2735K, committed 2880K, reserved 1048576K
}
Event: 26.482 GC heap before
{Heap before GC invocations=8 (full 0):
 garbage-first heap   total 189440K, used 113631K [0x0000000091000000, 0x0000000100000000)
  region size 1024K, 20 young (20480K), 3 survivors (3072K)
 Metaspace       used 20015K, committed 20352K, reserved 1114112K
  class space    used 2856K, committed 3008K, reserved 1048576K
}
Event: 26.487 GC heap after
{Heap after GC invocations=9 (full 0):
 garbage-first heap   total 189440K, used 89039K [0x0000000091000000, 0x0000000100000000)
  region size 1024K, 4 young (4096K), 4 survivors (4096K)
 Metaspace       used 20015K, committed 20352K, reserved 1114112K
  class space    used 2856K, committed 3008K, reserved 1048576K
}

Dll operation events (20 events):
Event: 0.858 Loaded shared library C:\Users\kleggy\.openjfx\cache\21-ea+null\amd64\api-ms-win-crt-private-l1-1-0.dll
Event: 0.866 Loaded shared library C:\Users\kleggy\.openjfx\cache\21-ea+null\amd64\api-ms-win-crt-process-l1-1-0.dll
Event: 0.874 Loaded shared library C:\Users\kleggy\.openjfx\cache\21-ea+null\amd64\api-ms-win-crt-runtime-l1-1-0.dll
Event: 0.882 Loaded shared library C:\Users\kleggy\.openjfx\cache\21-ea+null\amd64\api-ms-win-crt-stdio-l1-1-0.dll
Event: 0.891 Loaded shared library C:\Users\kleggy\.openjfx\cache\21-ea+null\amd64\api-ms-win-crt-string-l1-1-0.dll
Event: 0.899 Loaded shared library C:\Users\kleggy\.openjfx\cache\21-ea+null\amd64\api-ms-win-crt-time-l1-1-0.dll
Event: 0.906 Loaded shared library C:\Users\kleggy\.openjfx\cache\21-ea+null\amd64\api-ms-win-crt-utility-l1-1-0.dll
Event: 0.928 Loaded shared library C:\Users\kleggy\.openjfx\cache\21-ea+null\amd64\ucrtbase.dll
Event: 0.935 Loaded shared library C:\Users\kleggy\.openjfx\cache\21-ea+null\amd64\vcruntime140.dll
Event: 0.942 Loaded shared library C:\Users\kleggy\.openjfx\cache\21-ea+null\amd64\vcruntime140_1.dll
Event: 0.957 Loaded shared library C:\Users\kleggy\.openjfx\cache\21-ea+null\amd64\msvcp140.dll
Event: 0.964 Loaded shared library C:\Users\kleggy\.openjfx\cache\21-ea+null\amd64\msvcp140_1.dll
Event: 0.974 Loaded shared library C:\Users\kleggy\.openjfx\cache\21-ea+null\amd64\msvcp140_2.dll
Event: 1.046 Loaded shared library D:\Program Files\Java21\bin\jimage.dll
Event: 1.048 Loaded shared library C:\Users\kleggy\.openjfx\cache\21-ea+null\amd64\prism_d3d.dll
Event: 1.139 Loaded shared library C:\Users\kleggy\.openjfx\cache\21-ea+null\amd64\glass.dll
Event: 1.594 Loaded shared library C:\Users\kleggy\.openjfx\cache\21-ea+null\amd64\javafx_font.dll
Event: 2.435 Loaded shared library C:\Users\kleggy\.openjfx\cache\21-ea+null\amd64\javafx_iio.dll
Event: 4.926 Loaded shared library D:\Program Files\Java21\bin\verify.dll
Event: 4.959 Loaded shared library D:\Program Files\Java21\bin\jsound.dll

Deoptimization events (20 events):
Event: 23.331 Thread 0x0000014cf7582d70 DEOPT PACKING pc=0x0000014ca529d2cc sp=0x00000011493fe3d0
Event: 23.331 Thread 0x0000014cf7582d70 DEOPT UNPACKING pc=0x0000014ca4bb46a2 sp=0x00000011493fe398 mode 2
Event: 23.491 Thread 0x0000014cf7582d70 Uncommon trap: trap_request=0xffffff45 fr.pc=0x0000014ca5204818 relative=0x0000000000000078
Event: 23.491 Thread 0x0000014cf7582d70 Uncommon trap: reason=unstable_if action=reinterpret pc=0x0000014ca5204818 method=com.sun.javafx.sg.prism.GrowableDataBuffer.ensureWriteCapacity(I)V @ 11 c2
Event: 23.491 Thread 0x0000014cf7582d70 DEOPT PACKING pc=0x0000014ca5204818 sp=0x00000011493fe2b0
Event: 23.491 Thread 0x0000014cf7582d70 DEOPT UNPACKING pc=0x0000014ca4bb46a2 sp=0x00000011493fe228 mode 2
Event: 23.556 Thread 0x0000014cf73dd300 Uncommon trap: trap_request=0xffffff45 fr.pc=0x0000014ca521bd10 relative=0x00000000000000f0
Event: 23.556 Thread 0x0000014cf73dd300 Uncommon trap: reason=unstable_if action=reinterpret pc=0x0000014ca521bd10 method=com.sun.marlin.Helpers.outcode(DD[D)I @ 57 c2
Event: 23.556 Thread 0x0000014cf73dd300 DEOPT PACKING pc=0x0000014ca521bd10 sp=0x0000001148cfce50
Event: 23.556 Thread 0x0000014cf73dd300 DEOPT UNPACKING pc=0x0000014ca4bb46a2 sp=0x0000001148cfcdd0 mode 2
Event: 23.557 Thread 0x0000014cf73dd300 DEOPT PACKING pc=0x0000014c9dda7a58 sp=0x0000001148cfce20
Event: 23.557 Thread 0x0000014cf73dd300 DEOPT UNPACKING pc=0x0000014ca4bb4e42 sp=0x0000001148cfc270 mode 0
Event: 24.646 Thread 0x0000014cf73dd300 Uncommon trap: trap_request=0xffffff45 fr.pc=0x0000014ca52bb1dc relative=0x000000000000011c
Event: 24.646 Thread 0x0000014cf73dd300 Uncommon trap: reason=unstable_if action=reinterpret pc=0x0000014ca52bb1dc method=com.sun.prism.impl.ManagedResource.bumpAge(I)V @ 7 c2
Event: 24.646 Thread 0x0000014cf73dd300 DEOPT PACKING pc=0x0000014ca52bb1dc sp=0x0000001148cfec80
Event: 24.646 Thread 0x0000014cf73dd300 DEOPT UNPACKING pc=0x0000014ca4bb46a2 sp=0x0000001148cfebb8 mode 2
Event: 26.498 Thread 0x0000014cf73dd300 Uncommon trap: trap_request=0xffffff45 fr.pc=0x0000014ca530b8e0 relative=0x00000000000000c0
Event: 26.498 Thread 0x0000014cf73dd300 Uncommon trap: reason=unstable_if action=reinterpret pc=0x0000014ca530b8e0 method=com.sun.prism.d3d.D3DTextureResource.isValid()Z @ 4 c2
Event: 26.498 Thread 0x0000014cf73dd300 DEOPT PACKING pc=0x0000014ca530b8e0 sp=0x0000001148cfe3a0
Event: 26.498 Thread 0x0000014cf73dd300 DEOPT UNPACKING pc=0x0000014ca4bb46a2 sp=0x0000001148cfe328 mode 2

Classes loaded (20 events):
Event: 6.118 Loading class java/io/ObjectStreamClass$Caches
Event: 6.118 Loading class java/io/ObjectStreamClass$Caches done
Event: 6.118 Loading class java/io/ObjectStreamClass$Caches$1
Event: 6.118 Loading class java/io/ClassCache
Event: 6.118 Loading class java/io/ClassCache done
Event: 6.118 Loading class java/io/ObjectStreamClass$Caches$1 done
Event: 6.119 Loading class java/io/ClassCache$1
Event: 6.119 Loading class java/io/ClassCache$1 done
Event: 6.119 Loading class java/io/ObjectStreamClass$Caches$2
Event: 6.119 Loading class java/io/ObjectStreamClass$Caches$2 done
Event: 6.119 Loading class java/io/ObjectStreamClass$2
Event: 6.119 Loading class java/io/ObjectStreamClass$2 done
Event: 6.119 Loading class java/io/ClassCache$CacheRef
Event: 6.119 Loading class java/io/ClassCache$CacheRef done
Event: 6.119 Loading class java/io/ObjectStreamClass$FieldReflectorKey
Event: 6.119 Loading class java/io/ObjectStreamClass$FieldReflectorKey done
Event: 6.119 Loading class java/io/ObjectStreamClass$FieldReflector
Event: 6.120 Loading class java/io/ObjectStreamClass$FieldReflector done
Event: 6.120 Loading class java/io/ObjectStreamClass$ExceptionInfo
Event: 6.120 Loading class java/io/ObjectStreamClass$ExceptionInfo done

Classes unloaded (0 events):
No events

Classes redefined (0 events):
No events

Internal exceptions (20 events):
Event: 2.229 Thread 0x0000014cf7582d70 Implicit null exception at 0x0000014ca5127ebd to 0x0000014ca5127f41
Event: 2.290 Thread 0x0000014cf7582d70 Exception <a 'java/lang/NoSuchMethodError'{0x0000000095e03df8}: 'int java.lang.invoke.DirectMethodHandle$Holder.invokeStatic(java.lang.Object, java.lang.Object, java.lang.Object, java.lang.Object)'> (0x0000000095e03df8) 
thrown [s\open\src\hotspot\share\interpreter\linkResolver.cpp, line 773]
Event: 2.757 Thread 0x0000014cf7582d70 Exception <a 'java/lang/ClassNotFoundException'{0x0000000097708c68}: com/sun/javafx/scene/control/skin/resources/controls> (0x0000000097708c68) 
thrown [s\open\src\hotspot\share\prims\jni.cpp, line 539]
Event: 2.758 Thread 0x0000014cf7582d70 Exception <a 'java/lang/ClassNotFoundException'{0x0000000097716e68}: com/sun/javafx/scene/control/skin/resources/controls_en> (0x0000000097716e68) 
thrown [s\open\src\hotspot\share\prims\jni.cpp, line 539]
Event: 2.758 Thread 0x0000014cf7582d70 Exception <a 'java/lang/ClassNotFoundException'{0x0000000097717e10}: com/sun/javafx/scene/control/skin/resources/controls_en_GB> (0x0000000097717e10) 
thrown [s\open\src\hotspot\share\prims\jni.cpp, line 539]
Event: 2.808 Thread 0x0000014cf7582d70 Exception <a 'java/lang/NoSuchMethodError'{0x00000000976f9e08}: 'void java.lang.invoke.DirectMethodHandle$Holder.invokeSpecial(java.lang.Object, java.lang.Object, java.lang.Object, java.lang.Object, java.lang.Object, java.lang.Object)'> (0x00000000976f9e08) 
thrown [s\open\src\hotspot\share\interpreter\linkResolver.cpp, line 773]
Event: 2.811 Thread 0x0000014cf7582d70 Exception <a 'java/lang/IncompatibleClassChangeError'{0x0000000097518bd0}: Found class java.lang.Object, but interface was expected> (0x0000000097518bd0) 
thrown [s\open\src\hotspot\share\interpreter\linkResolver.cpp, line 840]
Event: 2.875 Thread 0x0000014cf7582d70 Exception <a 'java/lang/NoSuchMethodError'{0x000000009712e968}: 'int java.lang.invoke.DirectMethodHandle$Holder.invokeSpecial(java.lang.Object, java.lang.Object, int)'> (0x000000009712e968) 
thrown [s\open\src\hotspot\share\interpreter\linkResolver.cpp, line 773]
Event: 3.097 Thread 0x0000014cf7582d70 Exception <a 'java/lang/NoSuchMethodError'{0x0000000096b5c750}: 'void java.lang.invoke.DirectMethodHandle$Holder.invokeSpecial(java.lang.Object, java.lang.Object, int, int)'> (0x0000000096b5c750) 
thrown [s\open\src\hotspot\share\interpreter\linkResolver.cpp, line 773]
Event: 3.098 Thread 0x0000014cf7582d70 Exception <a 'java/lang/NoSuchMethodError'{0x0000000096b62548}: 'java.lang.Object java.lang.invoke.DirectMethodHandle$Holder.newInvokeSpecial(java.lang.Object, java.lang.Object, int, int)'> (0x0000000096b62548) 
thrown [s\open\src\hotspot\share\interpreter\linkResolver.cpp, line 773]
Event: 3.098 Thread 0x0000014cf7582d70 Exception <a 'java/lang/NoSuchMethodError'{0x0000000096b664a8}: 'java.lang.Object java.lang.invoke.DirectMethodHandle$Holder.invokeSpecial(java.lang.Object, java.lang.Object, java.lang.Object, int, int)'> (0x0000000096b664a8) 
thrown [s\open\src\hotspot\share\interpreter\linkResolver.cpp, line 773]
Event: 3.104 Thread 0x0000014cf7582d70 Exception <a 'java/lang/NoSuchMethodError'{0x0000000096b74dd0}: 'java.lang.Object java.lang.invoke.DirectMethodHandle$Holder.newInvokeSpecial(java.lang.Object, java.lang.Object, int)'> (0x0000000096b74dd0) 
thrown [s\open\src\hotspot\share\interpreter\linkResolver.cpp, line 773]
Event: 3.206 Thread 0x0000014cf73dd300 Exception <a 'java/lang/NoSuchMethodError'{0x0000000096af4a90}: 'int java.lang.invoke.DirectMethodHandle$Holder.invokeStaticInit(java.lang.Object, java.lang.Object)'> (0x0000000096af4a90) 
thrown [s\open\src\hotspot\share\interpreter\linkResolver.cpp, line 773]
Event: 3.330 Thread 0x0000014cf73dd300 Exception <a 'java/lang/NoSuchMethodError'{0x000000009656e750}: 'java.lang.Object java.lang.invoke.DirectMethodHandle$Holder.invokeStaticInit(java.lang.Object, int)'> (0x000000009656e750) 
thrown [s\open\src\hotspot\share\interpreter\linkResolver.cpp, line 773]
Event: 4.421 Thread 0x0000014cf7582d70 Exception <a 'java/lang/NoSuchMethodError'{0x0000000096330670}: 'long java.lang.invoke.DirectMethodHandle$Holder.invokeStatic(java.lang.Object, java.lang.Object, java.lang.Object)'> (0x0000000096330670) 
thrown [s\open\src\hotspot\share\interpreter\linkResolver.cpp, line 773]
Event: 4.422 Thread 0x0000014cf7582d70 Exception <a 'java/lang/NoSuchMethodError'{0x0000000096333a40}: 'long java.lang.invoke.DirectMethodHandle$Holder.invokeStaticInit(java.lang.Object, java.lang.Object, java.lang.Object)'> (0x0000000096333a40) 
thrown [s\open\src\hotspot\share\interpreter\linkResolver.cpp, line 773]
Event: 4.426 Thread 0x0000014cf7582d70 Exception <a 'java/lang/NoSuchMethodError'{0x0000000096348038}: 'java.lang.Object java.lang.invoke.DirectMethodHandle$Holder.newInvokeSpecial(java.lang.Object, java.lang.Object, long)'> (0x0000000096348038) 
thrown [s\open\src\hotspot\share\interpreter\linkResolver.cpp, line 773]
Event: 4.426 Thread 0x0000014cf7582d70 Exception <a 'java/lang/NoSuchMethodError'{0x000000009634b930}: 'java.lang.Object java.lang.invoke.Invokers$Holder.linkToTargetMethod(java.lang.Object, long, java.lang.Object)'> (0x000000009634b930) 
thrown [s\open\src\hotspot\share\interpreter\linkResolver.cpp, line 773]
Event: 5.038 Thread 0x0000014cf7d6cd20 Exception <a 'sun/nio/fs/WindowsException'{0x000000009c7b9148}> (0x000000009c7b9148) 
thrown [s\open\src\hotspot\share\prims\jni.cpp, line 520]
Event: 26.498 Thread 0x0000014cf73dd300 Implicit null exception at 0x0000014ca530b85e to 0x0000014ca530b8d0

ZGC Phase Switch (0 events):
No events

VM Operations (20 events):
Event: 15.896 Executing VM operation: Cleanup done
Event: 17.897 Executing VM operation: Cleanup
Event: 17.897 Executing VM operation: Cleanup done
Event: 18.897 Executing VM operation: Cleanup
Event: 18.897 Executing VM operation: Cleanup done
Event: 20.898 Executing VM operation: Cleanup
Event: 20.898 Executing VM operation: Cleanup done
Event: 21.898 Executing VM operation: Cleanup
Event: 21.898 Executing VM operation: Cleanup done
Event: 23.523 Executing VM operation: ICBufferFull
Event: 23.523 Executing VM operation: ICBufferFull done
Event: 23.558 Executing VM operation: HandshakeAllThreads (Deoptimize)
Event: 23.559 Executing VM operation: HandshakeAllThreads (Deoptimize) done
Event: 24.559 Executing VM operation: Cleanup
Event: 24.559 Executing VM operation: Cleanup done
Event: 25.559 Executing VM operation: Cleanup
Event: 25.559 Executing VM operation: Cleanup done
Event: 26.482 Executing VM operation: G1TryInitiateConcMark (G1 Humongous Allocation)
Event: 26.487 Executing VM operation: G1TryInitiateConcMark (G1 Humongous Allocation) done
Event: 26.505 Executing VM operation: G1PauseRemark

Events (20 events):
Event: 4.890 Thread 0x0000014cb1612630 flushing nmethod 0x0000014ca511ec90
Event: 4.890 Thread 0x0000014cb1612630 flushing nmethod 0x0000014ca510fa10
Event: 4.890 Thread 0x0000014cb1612630 flushing nmethod 0x0000014ca511d790
Event: 4.890 Thread 0x0000014cb1612630 flushing nmethod 0x0000014ca5119090
Event: 4.890 Thread 0x0000014cb1612630 flushing nmethod 0x0000014ca5109910
Event: 4.890 Thread 0x0000014cb1612630 flushing nmethod 0x0000014ca5114190
Event: 4.890 Thread 0x0000014cb1612630 flushing nmethod 0x0000014ca510ec10
Event: 4.890 Thread 0x0000014cb1612630 flushing nmethod 0x0000014ca5105110
Event: 4.890 Thread 0x0000014cb1612630 flushing nmethod 0x0000014ca510a010
Event: 4.924 Thread 0x0000014cf7d6cd20 Thread added: 0x0000014cf7d6cd20
Event: 5.047 Thread 0x0000014cf7d6c000 Thread added: 0x0000014cf7d6c000
Event: 6.484 Thread 0x0000014cf7450c70 Thread added: 0x0000014cf7450c70
Event: 7.550 Thread 0x0000014cf7450c70 Thread exited: 0x0000014cf7450c70
Event: 12.118 Thread 0x0000014cf70625e0 Thread added: 0x0000014cf70625e0
Event: 12.415 Thread 0x0000014cf70625e0 Thread exited: 0x0000014cf70625e0
Event: 13.813 Thread 0x0000014cf71d5c20 Thread added: 0x0000014cf71d5c20
Event: 14.464 Thread 0x0000014cf71d5c20 Thread exited: 0x0000014cf71d5c20
Event: 22.151 Thread 0x0000014cf7d6cd20 Thread exited: 0x0000014cf7d6cd20
Event: 22.186 Thread 0x0000014cf7ed47b0 Thread added: 0x0000014cf7ed47b0
Event: 23.417 Thread 0x0000014cf7ed47b0 Thread exited: 0x0000014cf7ed47b0


Dynamic libraries:
0x00007ff6fa830000 - 0x00007ff6fa83e000 	D:\Program Files\Java21\bin\java.exe
0x00007ffe31ce0000 - 0x00007ffe31ee9000 	C:\WINDOWS\SYSTEM32\ntdll.dll
0x00007ffe308b0000 - 0x00007ffe3096d000 	C:\WINDOWS\System32\KERNEL32.DLL
0x00007ffe2f2d0000 - 0x00007ffe2f654000 	C:\WINDOWS\System32\KERNELBASE.dll
0x00007ffe2fa10000 - 0x00007ffe2fb21000 	C:\WINDOWS\System32\ucrtbase.dll
0x00007ffe2e960000 - 0x00007ffe2e97b000 	D:\Program Files\Java21\bin\VCRUNTIME140.dll
0x00007ffe2e980000 - 0x00007ffe2e998000 	D:\Program Files\Java21\bin\jli.dll
0x00007ffe313c0000 - 0x00007ffe3156d000 	C:\WINDOWS\System32\USER32.dll
0x00007ffe2e370000 - 0x00007ffe2e615000 	C:\WINDOWS\WinSxS\amd64_microsoft.windows.common-controls_6595b64144ccf1df_6.0.22000.120_none_9d947278b86cc467\COMCTL32.dll
0x00007ffe2f6d0000 - 0x00007ffe2f6f6000 	C:\WINDOWS\System32\win32u.dll
0x00007ffe30390000 - 0x00007ffe30433000 	C:\WINDOWS\System32\msvcrt.dll
0x00007ffe2fb30000 - 0x00007ffe2fb5a000 	C:\WINDOWS\System32\GDI32.dll
0x00007ffe2f700000 - 0x00007ffe2f81e000 	C:\WINDOWS\System32\gdi32full.dll
0x00007ffe2f230000 - 0x00007ffe2f2cd000 	C:\WINDOWS\System32\msvcp_win.dll
0x00007ffe30870000 - 0x00007ffe308a1000 	C:\WINDOWS\System32\IMM32.DLL
0x00007ffe2e950000 - 0x00007ffe2e95c000 	D:\Program Files\Java21\bin\vcruntime140_1.dll
0x00007ffe1f060000 - 0x00007ffe1f0ee000 	D:\Program Files\Java21\bin\msvcp140.dll
0x00007ffddb9e0000 - 0x00007ffddc6f3000 	D:\Program Files\Java21\bin\server\jvm.dll
0x00007ffe31b90000 - 0x00007ffe31c3e000 	C:\WINDOWS\System32\ADVAPI32.dll
0x00007ffe31930000 - 0x00007ffe319ce000 	C:\WINDOWS\System32\sechost.dll
0x00007ffe30970000 - 0x00007ffe30a91000 	C:\WINDOWS\System32\RPCRT4.dll
0x00007ffe30450000 - 0x00007ffe304bf000 	C:\WINDOWS\System32\WS2_32.dll
0x00007ffe2f040000 - 0x00007ffe2f08d000 	C:\WINDOWS\SYSTEM32\POWRPROF.dll
0x00007ffe27c40000 - 0x00007ffe27c73000 	C:\WINDOWS\SYSTEM32\WINMM.dll
0x00007ffe2b530000 - 0x00007ffe2b53a000 	C:\WINDOWS\SYSTEM32\VERSION.dll
0x00007ffe2f020000 - 0x00007ffe2f033000 	C:\WINDOWS\SYSTEM32\UMPDC.dll
0x00007ffe2d310000 - 0x00007ffe2d328000 	C:\WINDOWS\SYSTEM32\kernel.appcore.dll
0x00007ffe2a8d0000 - 0x00007ffe2a8da000 	D:\Program Files\Java21\bin\jimage.dll
0x00007ffe2ea10000 - 0x00007ffe2ec31000 	C:\WINDOWS\SYSTEM32\DBGHELP.DLL
0x00007ffe2e750000 - 0x00007ffe2e781000 	C:\WINDOWS\SYSTEM32\dbgcore.DLL
0x00007ffe2f990000 - 0x00007ffe2fa0f000 	C:\WINDOWS\System32\bcryptPrimitives.dll
0x00007ffe27d70000 - 0x00007ffe27d7f000 	D:\Program Files\Java21\bin\instrument.dll
0x00007ffe27d80000 - 0x00007ffe27d9f000 	D:\Program Files\Java21\bin\java.dll
0x00007ffe2fbc0000 - 0x00007ffe30385000 	C:\WINDOWS\System32\SHELL32.dll
0x00007ffe2c380000 - 0x00007ffe2cbe2000 	C:\WINDOWS\SYSTEM32\windows.storage.dll
0x00007ffe315a0000 - 0x00007ffe31916000 	C:\WINDOWS\System32\combase.dll
0x00007ffe2c210000 - 0x00007ffe2c377000 	C:\WINDOWS\SYSTEM32\wintypes.dll
0x00007ffe30780000 - 0x00007ffe3086a000 	C:\WINDOWS\System32\SHCORE.dll
0x00007ffe31c40000 - 0x00007ffe31c9d000 	C:\WINDOWS\System32\shlwapi.dll
0x00007ffe2f0a0000 - 0x00007ffe2f0c5000 	C:\WINDOWS\SYSTEM32\profapi.dll
0x00007ffe1ed00000 - 0x00007ffe1edd7000 	D:\Program Files\Java21\bin\jsvml.dll
0x00007ffe27d60000 - 0x00007ffe27d70000 	D:\Program Files\Java21\bin\net.dll
0x00007ffe260e0000 - 0x00007ffe261f4000 	C:\WINDOWS\SYSTEM32\WINHTTP.dll
0x00007ffe2dfa0000 - 0x00007ffe2e007000 	C:\WINDOWS\system32\mswsock.dll
0x00007ffe264d0000 - 0x00007ffe264e6000 	D:\Program Files\Java21\bin\nio.dll
0x00007ffe21c70000 - 0x00007ffe21c88000 	D:\Program Files\Java21\bin\zip.dll
0x00007ffe1fdf0000 - 0x00007ffe1fe0a000 	D:\Program Files\IntelliJ IDEA 2023.2.4\bin\breakgen64.dll
0x0000014cb1bb0000 - 0x0000014cb1bb3000 	C:\Users\kleggy\.openjfx\cache\21-ea+null\amd64\api-ms-win-core-console-l1-1-0.dll
0x0000014cb1bc0000 - 0x0000014cb1bc3000 	C:\Users\kleggy\.openjfx\cache\21-ea+null\amd64\api-ms-win-core-console-l1-2-0.dll
0x0000014cb1bd0000 - 0x0000014cb1bd3000 	C:\Users\kleggy\.openjfx\cache\21-ea+null\amd64\api-ms-win-core-datetime-l1-1-0.dll
0x0000014cb1be0000 - 0x0000014cb1be3000 	C:\Users\kleggy\.openjfx\cache\21-ea+null\amd64\api-ms-win-core-debug-l1-1-0.dll
0x0000014cb1bf0000 - 0x0000014cb1bf3000 	C:\Users\kleggy\.openjfx\cache\21-ea+null\amd64\api-ms-win-core-errorhandling-l1-1-0.dll
0x0000014cb1c00000 - 0x0000014cb1c04000 	C:\Users\kleggy\.openjfx\cache\21-ea+null\amd64\api-ms-win-core-file-l1-1-0.dll
0x0000014cb1c10000 - 0x0000014cb1c13000 	C:\Users\kleggy\.openjfx\cache\21-ea+null\amd64\api-ms-win-core-file-l1-2-0.dll
0x0000014cb1c20000 - 0x0000014cb1c23000 	C:\Users\kleggy\.openjfx\cache\21-ea+null\amd64\api-ms-win-core-file-l2-1-0.dll
0x0000014cb1c30000 - 0x0000014cb1c33000 	C:\Users\kleggy\.openjfx\cache\21-ea+null\amd64\api-ms-win-core-handle-l1-1-0.dll
0x0000014cb1c40000 - 0x0000014cb1c43000 	C:\Users\kleggy\.openjfx\cache\21-ea+null\amd64\api-ms-win-core-heap-l1-1-0.dll
0x0000014cb1c50000 - 0x0000014cb1c53000 	C:\Users\kleggy\.openjfx\cache\21-ea+null\amd64\api-ms-win-core-interlocked-l1-1-0.dll
0x0000014cb1c60000 - 0x0000014cb1c63000 	C:\Users\kleggy\.openjfx\cache\21-ea+null\amd64\api-ms-win-core-libraryloader-l1-1-0.dll
0x0000014cb1c70000 - 0x0000014cb1c73000 	C:\Users\kleggy\.openjfx\cache\21-ea+null\amd64\api-ms-win-core-localization-l1-2-0.dll
0x0000014cb1c80000 - 0x0000014cb1c83000 	C:\Users\kleggy\.openjfx\cache\21-ea+null\amd64\api-ms-win-core-memory-l1-1-0.dll
0x0000014cb1c90000 - 0x0000014cb1c93000 	C:\Users\kleggy\.openjfx\cache\21-ea+null\amd64\api-ms-win-core-namedpipe-l1-1-0.dll
0x0000014cb1ca0000 - 0x0000014cb1ca3000 	C:\Users\kleggy\.openjfx\cache\21-ea+null\amd64\api-ms-win-core-processenvironment-l1-1-0.dll
0x0000014cb1cb0000 - 0x0000014cb1cb3000 	C:\Users\kleggy\.openjfx\cache\21-ea+null\amd64\api-ms-win-core-processthreads-l1-1-0.dll
0x0000014cb1cc0000 - 0x0000014cb1cc3000 	C:\Users\kleggy\.openjfx\cache\21-ea+null\amd64\api-ms-win-core-processthreads-l1-1-1.dll
0x0000014cb1cd0000 - 0x0000014cb1cd3000 	C:\Users\kleggy\.openjfx\cache\21-ea+null\amd64\api-ms-win-core-profile-l1-1-0.dll
0x0000014cb1ce0000 - 0x0000014cb1ce3000 	C:\Users\kleggy\.openjfx\cache\21-ea+null\amd64\api-ms-win-core-rtlsupport-l1-1-0.dll
0x0000014cb1cf0000 - 0x0000014cb1cf3000 	C:\Users\kleggy\.openjfx\cache\21-ea+null\amd64\api-ms-win-core-string-l1-1-0.dll
0x0000014cb1d00000 - 0x0000014cb1d03000 	C:\Users\kleggy\.openjfx\cache\21-ea+null\amd64\api-ms-win-core-synch-l1-1-0.dll
0x0000014cb1d10000 - 0x0000014cb1d13000 	C:\Users\kleggy\.openjfx\cache\21-ea+null\amd64\api-ms-win-core-synch-l1-2-0.dll
0x0000014cb1d20000 - 0x0000014cb1d23000 	C:\Users\kleggy\.openjfx\cache\21-ea+null\amd64\api-ms-win-core-sysinfo-l1-1-0.dll
0x0000014cb1d30000 - 0x0000014cb1d33000 	C:\Users\kleggy\.openjfx\cache\21-ea+null\amd64\api-ms-win-core-timezone-l1-1-0.dll
0x0000014cb1d40000 - 0x0000014cb1d43000 	C:\Users\kleggy\.openjfx\cache\21-ea+null\amd64\api-ms-win-core-util-l1-1-0.dll
0x0000014cb1d50000 - 0x0000014cb1d53000 	C:\Users\kleggy\.openjfx\cache\21-ea+null\amd64\api-ms-win-crt-conio-l1-1-0.dll
0x0000014cb1d60000 - 0x0000014cb1d64000 	C:\Users\kleggy\.openjfx\cache\21-ea+null\amd64\api-ms-win-crt-convert-l1-1-0.dll
0x0000014cb1d70000 - 0x0000014cb1d73000 	C:\Users\kleggy\.openjfx\cache\21-ea+null\amd64\api-ms-win-crt-environment-l1-1-0.dll
0x0000014cb1d80000 - 0x0000014cb1d83000 	C:\Users\kleggy\.openjfx\cache\21-ea+null\amd64\api-ms-win-crt-filesystem-l1-1-0.dll
0x0000014cb1d90000 - 0x0000014cb1d93000 	C:\Users\kleggy\.openjfx\cache\21-ea+null\amd64\api-ms-win-crt-heap-l1-1-0.dll
0x0000014cb1da0000 - 0x0000014cb1da3000 	C:\Users\kleggy\.openjfx\cache\21-ea+null\amd64\api-ms-win-crt-locale-l1-1-0.dll
0x0000014cb1db0000 - 0x0000014cb1db5000 	C:\Users\kleggy\.openjfx\cache\21-ea+null\amd64\api-ms-win-crt-math-l1-1-0.dll
0x0000014cb1dc0000 - 0x0000014cb1dc5000 	C:\Users\kleggy\.openjfx\cache\21-ea+null\amd64\api-ms-win-crt-multibyte-l1-1-0.dll
0x0000014cb1dd0000 - 0x0000014cb1de0000 	C:\Users\kleggy\.openjfx\cache\21-ea+null\amd64\api-ms-win-crt-private-l1-1-0.dll
0x0000014cb1de0000 - 0x0000014cb1de3000 	C:\Users\kleggy\.openjfx\cache\21-ea+null\amd64\api-ms-win-crt-process-l1-1-0.dll
0x0000014cb1df0000 - 0x0000014cb1df4000 	C:\Users\kleggy\.openjfx\cache\21-ea+null\amd64\api-ms-win-crt-runtime-l1-1-0.dll
0x0000014cb1e00000 - 0x0000014cb1e04000 	C:\Users\kleggy\.openjfx\cache\21-ea+null\amd64\api-ms-win-crt-stdio-l1-1-0.dll
0x0000014cb1e10000 - 0x0000014cb1e14000 	C:\Users\kleggy\.openjfx\cache\21-ea+null\amd64\api-ms-win-crt-string-l1-1-0.dll
0x0000014cb1e20000 - 0x0000014cb1e23000 	C:\Users\kleggy\.openjfx\cache\21-ea+null\amd64\api-ms-win-crt-time-l1-1-0.dll
0x0000014cb1e30000 - 0x0000014cb1e33000 	C:\Users\kleggy\.openjfx\cache\21-ea+null\amd64\api-ms-win-crt-utility-l1-1-0.dll
0x00007ffe06760000 - 0x00007ffe0685c000 	C:\Users\kleggy\.openjfx\cache\21-ea+null\amd64\ucrtbase.dll
0x00007ffe1fa50000 - 0x00007ffe1fa6b000 	C:\Users\kleggy\.openjfx\cache\21-ea+null\amd64\vcruntime140.dll
0x00007ffe201b0000 - 0x00007ffe201bc000 	C:\Users\kleggy\.openjfx\cache\21-ea+null\amd64\vcruntime140_1.dll
0x00007ffe08e20000 - 0x00007ffe08eae000 	C:\Users\kleggy\.openjfx\cache\21-ea+null\amd64\msvcp140.dll
0x00007ffe304c0000 - 0x00007ffe3065a000 	C:\WINDOWS\System32\ole32.dll
0x00007ffe1fa40000 - 0x00007ffe1fa49000 	C:\Users\kleggy\.openjfx\cache\21-ea+null\amd64\msvcp140_1.dll
0x00007ffe1ee80000 - 0x00007ffe1eeaf000 	C:\Users\kleggy\.openjfx\cache\21-ea+null\amd64\msvcp140_2.dll
0x00007ffe1ee50000 - 0x00007ffe1ee7f000 	C:\Users\kleggy\.openjfx\cache\21-ea+null\amd64\prism_d3d.dll
0x00007ffdda850000 - 0x00007ffdda9f6000 	C:\WINDOWS\system32\d3d9.dll
0x00007ffe2b9d0000 - 0x00007ffe2b9ff000 	C:\WINDOWS\SYSTEM32\dwmapi.dll
0x00007ffe2b750000 - 0x00007ffe2b788000 	C:\WINDOWS\SYSTEM32\dxcore.dll
0x00007ffe2b660000 - 0x00007ffe2b70c000 	C:\WINDOWS\system32\uxtheme.dll
0x00007ffe24ad0000 - 0x00007ffe24cad000 	C:\WINDOWS\System32\DriverStore\FileRepository\u0347924.inf_amd64_04af308e61660124\B347730\aticfx64.dll
0x00007ffe21d50000 - 0x00007ffe21d80000 	C:\WINDOWS\System32\DriverStore\FileRepository\u0347924.inf_amd64_04af308e61660124\B347730\atiu9p64.dll
0x00007ffe01630000 - 0x00007ffe022fb000 	C:\WINDOWS\System32\DriverStore\FileRepository\u0347924.inf_amd64_04af308e61660124\B347730\atiumd64.dll
0x0000000075210000 - 0x0000000075f93000 	C:\WINDOWS\System32\DriverStore\FileRepository\u0347924.inf_amd64_04af308e61660124\B347730\atiumd6a.dll
0x00007ffe28da0000 - 0x00007ffe28de4000 	C:\WINDOWS\SYSTEM32\directxdatabasehelper.dll
0x00007ffe2e9a0000 - 0x00007ffe2e9d4000 	C:\WINDOWS\SYSTEM32\ntmarta.dll
0x00007ffe18500000 - 0x00007ffe18542000 	C:\Users\kleggy\.openjfx\cache\21-ea+null\amd64\glass.dll
0x00007ffe31130000 - 0x00007ffe3121c000 	C:\WINDOWS\System32\COMDLG32.dll
0x00007ffe312e0000 - 0x00007ffe313b6000 	C:\WINDOWS\System32\OLEAUT32.dll
0x00007ffe30b90000 - 0x00007ffe30cad000 	C:\WINDOWS\System32\MSCTF.dll
0x00007ffe1e430000 - 0x00007ffe1e444000 	C:\Users\kleggy\.openjfx\cache\21-ea+null\amd64\javafx_font.dll
0x00007ffe1c880000 - 0x00007ffe1cadf000 	C:\WINDOWS\SYSTEM32\dwrite.dll
0x00007ffe1c850000 - 0x00007ffe1c87d000 	C:\Users\kleggy\.openjfx\cache\21-ea+null\amd64\javafx_iio.dll
0x00007ffe306d0000 - 0x00007ffe3077f000 	C:\WINDOWS\System32\clbcatq.dll
0x00007ffe26800000 - 0x00007ffe269ae000 	C:\WINDOWS\SYSTEM32\WindowsCodecs.dll
0x00007ffe0e6d0000 - 0x00007ffe0e72d000 	C:\WINDOWS\system32\dataexchange.dll
0x00007ffe25a80000 - 0x00007ffe25ce5000 	C:\WINDOWS\system32\twinapi.appcore.dll
0x00007ffe1c470000 - 0x00007ffe1c4a2000 	C:\Program Files\Common Files\Microsoft Shared\Ink\rtscom.dll
0x00007ffe1b010000 - 0x00007ffe1b13c000 	C:\WINDOWS\SYSTEM32\textinputframework.dll
0x00007ffe2b1a0000 - 0x00007ffe2b2d1000 	C:\WINDOWS\SYSTEM32\CoreMessaging.dll
0x00007ffe27e70000 - 0x00007ffe281dd000 	C:\WINDOWS\SYSTEM32\CoreUIComponents.dll
0x00007ffe2e290000 - 0x00007ffe2e29c000 	C:\WINDOWS\SYSTEM32\CRYPTBASE.DLL
0x00007ffe27d50000 - 0x00007ffe27d60000 	D:\Program Files\Java21\bin\verify.dll
0x00007ffe1e3b0000 - 0x00007ffe1e3c2000 	D:\Program Files\Java21\bin\jsound.dll
0x00007ffe072c0000 - 0x00007ffe07362000 	C:\WINDOWS\SYSTEM32\DSOUND.dll
0x00007ffe20c20000 - 0x00007ffe20c49000 	C:\WINDOWS\SYSTEM32\winmmbase.dll
0x00007ffe03cf0000 - 0x00007ffe03da1000 	C:\WINDOWS\SYSTEM32\ResampleDmo.DLL
0x00007ffdf1ab0000 - 0x00007ffdf1abb000 	C:\WINDOWS\SYSTEM32\msdmo.dll

dbghelp: loaded successfully - version: 4.0.5 - missing functions: none
symbol engine: initialized successfully - sym options: 0x614 - pdb path: .;D:\Program Files\Java21\bin;C:\WINDOWS\SYSTEM32;C:\WINDOWS\WinSxS\amd64_microsoft.windows.common-controls_6595b64144ccf1df_6.0.22000.120_none_9d947278b86cc467;D:\Program Files\Java21\bin\server;D:\Program Files\IntelliJ IDEA 2023.2.4\bin;C:\Users\kleggy\.openjfx\cache\21-ea+null\amd64;C:\WINDOWS\System32\DriverStore\FileRepository\u0347924.inf_amd64_04af308e61660124\B347730;C:\Program Files\Common Files\Microsoft Shared\Ink

VM Arguments:
jvm_args: -javaagent:D:\Program Files\IntelliJ IDEA 2023.2.4\lib\idea_rt.jar=53218:D:\Program Files\IntelliJ IDEA 2023.2.4\bin -Dfile.encoding=UTF-8 -Dsun.stdout.encoding=UTF-8 -Dsun.stderr.encoding=UTF-8 --module-path=C:\Users\kleggy\.m2\repository\org\openjfx\javafx-graphics\21-ea+24\javafx-graphics-21-ea+24-win.jar;C:\Users\kleggy\.m2\repository\org\openjfx\javafx-fxml\21-ea+24\javafx-fxml-21-ea+24-win.jar;D:\university\Git\psymk6_comp2013_cw\snakegame\target\classes;C:\Users\kleggy\.m2\repository\org\openjfx\javafx-base\21-ea+24\javafx-base-21-ea+24-win.jar;C:\Users\kleggy\.m2\repository\org\openjfx\javafx-controls\21-ea+24\javafx-controls-21-ea+24-win.jar;C:\Users\kleggy\.m2\repository\com\googlecode\soundlibs\jlayer\1.0.1.4\jlayer-1.0.1.4.jar -Djdk.module.main=com.COMP2013.javafxmultiscenes 
java_command: com.COMP2013.javafxmultiscenes/com.psymk6.Main
java_class_path (initial): C:\Users\kleggy\.m2\repository\org\openjfx\javafx-controls\21-ea+24\javafx-controls-21-ea+24.jar;C:\Users\kleggy\.m2\repository\org\openjfx\javafx-graphics\21-ea+24\javafx-graphics-21-ea+24.jar;C:\Users\kleggy\.m2\repository\org\openjfx\javafx-base\21-ea+24\javafx-base-21-ea+24.jar;C:\Users\kleggy\.m2\repository\org\openjfx\javafx-fxml\21-ea+24\javafx-fxml-21-ea+24.jar;C:\Users\kleggy\.m2\repository\junit\junit\3.8.2\junit-3.8.2.jar;C:\Users\kleggy\.m2\repository\org\controlsfx\controlsfx\11.1.2\controlsfx-11.1.2.jar
Launcher Type: SUN_STANDARD

[Global flags]
     intx CICompilerCount                          = 4                                         {product} {ergonomic}
     uint ConcGCThreads                            = 2                                         {product} {ergonomic}
     uint G1ConcRefinementThreads                  = 8                                         {product} {ergonomic}
   size_t G1HeapRegionSize                         = 1048576                                   {product} {ergonomic}
    uintx GCDrainStackTargetSize                   = 64                                        {product} {ergonomic}
   size_t InitialHeapSize                          = 117440512                                 {product} {ergonomic}
   size_t MarkStackSize                            = 4194304                                   {product} {ergonomic}
   size_t MaxHeapSize                              = 1862270976                                {product} {ergonomic}
   size_t MaxNewSize                               = 1116733440                                {product} {ergonomic}
   size_t MinHeapDeltaBytes                        = 1048576                                   {product} {ergonomic}
   size_t MinHeapSize                              = 8388608                                   {product} {ergonomic}
    uintx NonNMethodCodeHeapSize                   = 5839372                                {pd product} {ergonomic}
    uintx NonProfiledCodeHeapSize                  = 122909434                              {pd product} {ergonomic}
    uintx ProfiledCodeHeapSize                     = 122909434                              {pd product} {ergonomic}
    uintx ReservedCodeCacheSize                    = 251658240                              {pd product} {ergonomic}
     bool SegmentedCodeCache                       = true                                      {product} {ergonomic}
   size_t SoftMaxHeapSize                          = 1862270976                             {manageable} {ergonomic}
     bool UseCompressedOops                        = true                           {product lp64_product} {ergonomic}
     bool UseG1GC                                  = true                                      {product} {ergonomic}
     bool UseLargePagesIndividualAllocation        = false                                  {pd product} {ergonomic}

Logging:
Log output configuration:
 #0: stdout all=warning uptime,level,tags foldmultilines=false
 #1: stderr all=off uptime,level,tags foldmultilines=false

Environment Variables:
PATH=C:\WINDOWS\system32;C:\WINDOWS;C:\WINDOWS\System32\Wbem;C:\WINDOWS\System32\WindowsPowerShell\v1.0\;C:\WINDOWS\System32\OpenSSH\;C:\Users\natal\AppData\Local\Programs\Python\Python310;C:\Users\natal\AppData\Local\Programs\Python\Python310\Scripts;D:\Program Files\Git\cmd;D:\Program Files\pUTTY\;C:\Users\kleggy\.elan\bin;C:\Users\kleggy\AppData\Local\Programs\Python\Python310\Scripts\;C:\Users\kleggy\AppData\Local\Programs\Python\Python310\;C:\Users\kleggy\AppData\Local\Programs\Python\Launcher\;C:\Users\kleggy\AppData\Local\Microsoft\WindowsApps;C:\Users\kleggy\AppData\Local\Programs\Microsoft VS Code\bin;C:\msys64\mingw64\bin;C:\ghcup\bin;C:\Users\kleggy\AppData\Local\spicetify;C:\Users\kleggy\AppData\Local\GitHubDesktop\bin;D:\Program Files\CLion 2023.2.2\bin;;D:\Program Files\IntelliJ IDEA 2023.2.4\bin;
USERNAME=kleggy
OS=Windows_NT
PROCESSOR_IDENTIFIER=AMD64 Family 23 Model 24 Stepping 1, AuthenticAMD
TMP=C:\Users\kleggy\AppData\Local\Temp
TEMP=C:\Users\kleggy\AppData\Local\Temp




---------------  S Y S T E M  ---------------

OS:
 Windows 11 , 64 bit Build 22000 (10.0.22000.2538)
OS uptime: 4 days 3:45 hours

CPU: total 8 (initial active 8) (8 cores per cpu, 2 threads per core) family 23 model 24 stepping 1 microcode 0x0, cx8, cmov, fxsr, ht, mmx, 3dnowpref, sse, sse2, sse3, ssse3, sse4a, sse4.1, sse4.2, popcnt, lzcnt, tsc, tscinvbit, avx, avx2, aes, clmul, bmi1, bmi2, adx, sha, fma, vzeroupper, clflush, clflushopt, rdtscp, f16c
Processor Information for all 8 processors :
  Max Mhz: 2100, Current Mhz: 2100, Mhz Limit: 2100

Memory: 4k page, system-wide physical 7103M (502M free)
TotalPageFile size 17343M (AvailPageFile size 16M)
current process WorkingSet (physical memory assigned to process): 418M, peak: 418M
current process commit charge ("private bytes"): 850M, peak: 890M

vm_info: OpenJDK 64-Bit Server VM (21+35-2513) for windows-amd64 JRE (21+35-2513), built on 2023-08-09T20:25:10Z by "mach5one" with MS VC++ 17.1 (VS2022)

END.
