#
# There is insufficient memory for the Java Runtime Environment to continue.
# Native memory allocation (mmap) failed to map 36700160 bytes for G1 virtual space
# Possible reasons:
#   The system is out of physical RAM or swap space
#   The process is running with CompressedOops enabled, and the Java Heap may be blocking the growth of the native heap
# Possible solutions:
#   Reduce memory load on the system
#   Increase physical memory or swap space
#   Check if swap backing store is full
#   Decrease Java heap size (-Xmx/-Xms)
#   Decrease number of Java threads
#   Decrease Java thread stack sizes (-Xss)
#   Set larger code cache with -XX:ReservedCodeCacheSize=
#   JVM is running with Unscaled Compressed Oops mode in which the Java heap is
#     placed in the first 4GB address space. The Java Heap base address is the
#     maximum limit for the native heap growth. Please use -XX:HeapBaseMinAddress
#     to set the Java Heap base and to place the Java Heap above 4GB virtual address.
# This output file may be truncated or incomplete.
#
#  Out of Memory Error (os_windows.cpp:3600), pid=29796, tid=27636
#
# JRE version: OpenJDK Runtime Environment (21.0+35) (build 21+35-2513)
# Java VM: OpenJDK 64-Bit Server VM (21+35-2513, mixed mode, sharing, tiered, compressed oops, compressed class ptrs, g1 gc, windows-amd64)
# No core dump will be written. Minidumps are not enabled by default on client versions of Windows
#

---------------  S U M M A R Y ------------

Command Line: -javaagent:D:\Program Files\IntelliJ IDEA 2023.2.4\lib\idea_rt.jar=53123:D:\Program Files\IntelliJ IDEA 2023.2.4\bin -Dfile.encoding=UTF-8 -Dsun.stdout.encoding=UTF-8 -Dsun.stderr.encoding=UTF-8 --module-path=C:\Users\kleggy\.m2\repository\org\openjfx\javafx-graphics\21-ea+24\javafx-graphics-21-ea+24-win.jar;C:\Users\kleggy\.m2\repository\org\openjfx\javafx-fxml\21-ea+24\javafx-fxml-21-ea+24-win.jar;D:\university\Git\psymk6_comp2013_cw\snakegame\target\classes;C:\Users\kleggy\.m2\repository\org\openjfx\javafx-base\21-ea+24\javafx-base-21-ea+24-win.jar;C:\Users\kleggy\.m2\repository\org\openjfx\javafx-controls\21-ea+24\javafx-controls-21-ea+24-win.jar;C:\Users\kleggy\.m2\repository\com\googlecode\soundlibs\jlayer\1.0.1.4\jlayer-1.0.1.4.jar -Djdk.module.main=com.COMP2013.javafxmultiscenes com.COMP2013.javafxmultiscenes/com.psymk6.Main

Host: AMD Ryzen 5 3500U with Radeon Vega Mobile Gfx  , 8 cores, 6G,  Windows 11 , 64 bit Build 22000 (10.0.22000.2538)
Time: Tue Dec  5 17:40:36 2023 GMT Standard Time elapsed time: 4.099823 seconds (0d 0h 0m 4s)

---------------  T H R E A D  ---------------

Current thread (0x000002aac25f0880):  VMThread "VM Thread"          [id=27636, stack(0x000000ae7f700000,0x000000ae7f800000) (1024K)]

Stack: [0x000000ae7f700000,0x000000ae7f800000]
Native frames: (J=compiled Java code, j=interpreted, Vv=VM code, C=native code)
V  [jvm.dll+0x6c8d39]
V  [jvm.dll+0x854091]
V  [jvm.dll+0x85630e]
V  [jvm.dll+0x8569e3]
V  [jvm.dll+0x2809a6]
V  [jvm.dll+0x6c5425]
V  [jvm.dll+0x6b9e1a]
V  [jvm.dll+0x3555ba]
V  [jvm.dll+0x35d206]
V  [jvm.dll+0x3adf6e]
V  [jvm.dll+0x3ae218]
V  [jvm.dll+0x328fcc]
V  [jvm.dll+0x32b876]
V  [jvm.dll+0x3357ce]
V  [jvm.dll+0x36ba35]
V  [jvm.dll+0x85c4e8]
V  [jvm.dll+0x85d5e4]
V  [jvm.dll+0x85db20]
V  [jvm.dll+0x85ddc3]
V  [jvm.dll+0x7fd2c8]
V  [jvm.dll+0x6c748d]
C  [ucrtbase.dll+0x26c0c]
C  [KERNEL32.DLL+0x153e0]
C  [ntdll.dll+0x485b]

VM_Operation (0x000000ae7f2ff3f0): G1PauseRemark, mode: safepoint, requested by thread 0x000002aaa6226ae0


---------------  P R O C E S S  ---------------

Threads class SMR info:
_java_thread_list=0x000002ab08c398d0, length=19, elements={
0x000002aaa61c6e20, 0x000002aac260d0b0, 0x000002aac260db90, 0x000002aac26195f0,
0x000002aac2619c60, 0x000002aac261a630, 0x000002aac261ee60, 0x000002aac262afb0,
0x000002aac262b810, 0x000002aac28368f0, 0x000002aac2888940, 0x000002ab08117cb0,
0x000002ab082752a0, 0x000002ab089b78a0, 0x000002ab089bcb70, 0x000002ab087a5390,
0x000002ab08a19f20, 0x000002ab08b8c090, 0x000002ab08b8c720
}

Java Threads: ( => current thread )
  0x000002aaa61c6e20 JavaThread "main"                              [_thread_blocked, id=2368, stack(0x000000ae7f000000,0x000000ae7f100000) (1024K)]
  0x000002aac260d0b0 JavaThread "Reference Handler"          daemon [_thread_blocked, id=21948, stack(0x000000ae7f800000,0x000000ae7f900000) (1024K)]
  0x000002aac260db90 JavaThread "Finalizer"                  daemon [_thread_blocked, id=18488, stack(0x000000ae7f900000,0x000000ae7fa00000) (1024K)]
  0x000002aac26195f0 JavaThread "Signal Dispatcher"          daemon [_thread_blocked, id=35976, stack(0x000000ae7fa00000,0x000000ae7fb00000) (1024K)]
  0x000002aac2619c60 JavaThread "Attach Listener"            daemon [_thread_blocked, id=10592, stack(0x000000ae7fb00000,0x000000ae7fc00000) (1024K)]
  0x000002aac261a630 JavaThread "Service Thread"             daemon [_thread_blocked, id=30956, stack(0x000000ae7fc00000,0x000000ae7fd00000) (1024K)]
  0x000002aac261ee60 JavaThread "Monitor Deflation Thread"   daemon [_thread_blocked, id=15408, stack(0x000000ae7fd00000,0x000000ae7fe00000) (1024K)]
  0x000002aac262afb0 JavaThread "C2 CompilerThread0"         daemon [_thread_blocked, id=20880, stack(0x000000ae7fe00000,0x000000ae7ff00000) (1024K)]
  0x000002aac262b810 JavaThread "C1 CompilerThread0"         daemon [_thread_blocked, id=17968, stack(0x000000ae7ff00000,0x000000ae80000000) (1024K)]
  0x000002aac28368f0 JavaThread "Common-Cleaner"             daemon [_thread_blocked, id=12460, stack(0x000000ae00000000,0x000000ae00100000) (1024K)]
  0x000002aac2888940 JavaThread "Monitor Ctrl-Break"         daemon [_thread_in_native, id=12644, stack(0x000000ae00200000,0x000000ae00300000) (1024K)]
  0x000002ab08117cb0 JavaThread "Notification Thread"        daemon [_thread_blocked, id=4172, stack(0x000000ae00300000,0x000000ae00400000) (1024K)]
  0x000002ab082752a0 JavaThread "QuantumRenderer-0"          daemon [_thread_blocked, id=33660, stack(0x000000ae00400000,0x000000ae00500000) (1024K)]
  0x000002ab089b78a0 JavaThread "InvokeLaterDispatcher"      daemon [_thread_blocked, id=16096, stack(0x000000ae00700000,0x000000ae00800000) (1024K)]
  0x000002ab089bcb70 JavaThread "JavaFX Application Thread"         [_thread_blocked, id=38516, stack(0x000000ae00800000,0x000000ae00900000) (1024K)]
  0x000002ab087a5390 JavaThread "Thread-1"                   daemon [_thread_blocked, id=35760, stack(0x000000ae00100000,0x000000ae00200000) (1024K)]
  0x000002ab08a19f20 JavaThread "JavaFX-Launcher"                   [_thread_blocked, id=23076, stack(0x000000ae00f00000,0x000000ae01000000) (1024K)]
  0x000002ab08b8c090 JavaThread "Prism Font Disposer"        daemon [_thread_blocked, id=7880, stack(0x000000ae01500000,0x000000ae01600000) (1024K)]
  0x000002ab08b8c720 JavaThread "Cleaner-0"                  daemon [_thread_blocked, id=8832, stack(0x000000ae01900000,0x000000ae01a00000) (1024K)]
Total: 19

Other Threads:
=>0x000002aac25f0880 VMThread "VM Thread"                           [id=27636, stack(0x000000ae7f700000,0x000000ae7f800000) (1024K)]
  0x000002aac25d9130 WatcherThread "VM Periodic Task Thread"        [id=24108, stack(0x000000ae7f600000,0x000000ae7f700000) (1024K)]
  0x000002aaa6217b50 WorkerThread "GC Thread#0"                     [id=38568, stack(0x000000ae7f100000,0x000000ae7f200000) (1024K)]
  0x000002ab08a32ac0 WorkerThread "GC Thread#1"                     [id=37860, stack(0x000000ae01000000,0x000000ae01100000) (1024K)]
  0x000002ab08a32e60 WorkerThread "GC Thread#2"                     [id=32604, stack(0x000000ae01100000,0x000000ae01200000) (1024K)]
  0x000002ab08a63620 WorkerThread "GC Thread#3"                     [id=16256, stack(0x000000ae01200000,0x000000ae01300000) (1024K)]
  0x000002ab08a2d550 WorkerThread "GC Thread#4"                     [id=36096, stack(0x000000ae01300000,0x000000ae01400000) (1024K)]
  0x000002ab08a2d8f0 WorkerThread "GC Thread#5"                     [id=5520, stack(0x000000ae01400000,0x000000ae01500000) (1024K)]
  0x000002ab08a79b90 WorkerThread "GC Thread#6"                     [id=17524, stack(0x000000ae01600000,0x000000ae01700000) (1024K)]
  0x000002ab08cf5880 WorkerThread "GC Thread#7"                     [id=9460, stack(0x000000ae01700000,0x000000ae01800000) (1024K)]
  0x000002aaa6226ae0 ConcurrentGCThread "G1 Main Marker"            [id=17552, stack(0x000000ae7f200000,0x000000ae7f300000) (1024K)]
  0x000002aaa62275e0 WorkerThread "G1 Conc#0"                       [id=18800, stack(0x000000ae7f300000,0x000000ae7f400000) (1024K)]
  0x000002ab08ed4d70 WorkerThread "G1 Conc#1"                       [id=38528, stack(0x000000ae01a00000,0x000000ae01b00000) (1024K)]
  0x000002aac24b20b0 ConcurrentGCThread "G1 Refine#0"               [id=30052, stack(0x000000ae7f400000,0x000000ae7f500000) (1024K)]
  0x000002aac24b2830 ConcurrentGCThread "G1 Service"                [id=8696, stack(0x000000ae7f500000,0x000000ae7f600000) (1024K)]
Total: 15

Threads with active compile tasks:
C2 CompilerThread0     4136 2702       4       jdk.internal.misc.InternalLock::unlock (8 bytes)
C1 CompilerThread0     4136 2704   !   3       java.io.BufferedWriter::write (82 bytes)
Total: 2

VM state: at safepoint (normal execution)

VM Mutex/Monitor currently owned by a thread:  ([mutex/lock_event])
[0x00007ffdd7938548] Threads_lock - owner thread: 0x000002aac25f0880
[0x00007ffdd7938648] Heap_lock - owner thread: 0x000002aaa6226ae0

Heap address: 0x0000000091000000, size: 1776 MB, Compressed Oops mode: 32-bit

CDS archive(s) mapped at: [0x000002aac3000000-0x000002aac3c90000-0x000002aac3c90000), size 13172736, SharedBaseAddress: 0x000002aac3000000, ArchiveRelocationMode: 1.
Compressed class space mapped at: 0x000002aac4000000-0x000002ab04000000, reserved size: 1073741824
Narrow klass base: 0x000002aac3000000, Narrow klass shift: 0, Narrow klass range: 0x100000000

GC Precious Log:
 CardTable entry size: 512
 Card Set container configuration: InlinePtr #cards 5 size 8 Array Of Cards #cards 12 size 40 Howl #buckets 4 coarsen threshold 1843 Howl Bitmap #cards 512 size 80 coarsen threshold 460 Card regions per heap region 1 cards per card region 2048
 CPUs: 8 total, 8 available
 Memory: 7103M
 Large Page Support: Disabled
 NUMA Support: Disabled
 Compressed Oops: Enabled (32-bit)
 Heap Region Size: 1M
 Heap Min Capacity: 8M
 Heap Initial Capacity: 112M
 Heap Max Capacity: 1776M
 Pre-touch: Disabled
 Parallel Workers: 8
 Concurrent Workers: 2
 Concurrent Refinement Workers: 8
 Periodic GC: Disabled

Heap:
 garbage-first heap   total 114688K, used 88220K [0x0000000091000000, 0x0000000100000000)
  region size 1024K, 3 young (3072K), 2 survivors (2048K)
 Metaspace       used 17745K, committed 18112K, reserved 1114112K
  class space    used 2736K, committed 2880K, reserved 1048576K

Heap Regions: E=young(eden), S=young(survivor), O=old, HS=humongous(starts), HC=humongous(continues), CS=collection set, F=free, TAMS=top-at-mark-start, PB=parsable bottom
|   0|0x0000000091000000, 0x0000000091100000, 0x0000000091100000|100%|HS|  |TAMS 0x0000000091100000| PB 0x0000000091000000| Complete 
|   1|0x0000000091100000, 0x0000000091200000, 0x0000000091200000|100%|HC|  |TAMS 0x0000000091200000| PB 0x0000000091100000| Complete 
|   2|0x0000000091200000, 0x0000000091300000, 0x0000000091300000|100%|HC|  |TAMS 0x0000000091300000| PB 0x0000000091200000| Complete 
|   3|0x0000000091300000, 0x0000000091400000, 0x0000000091400000|100%|HC|  |TAMS 0x0000000091400000| PB 0x0000000091300000| Complete 
|   4|0x0000000091400000, 0x0000000091500000, 0x0000000091500000|100%|HC|  |TAMS 0x0000000091500000| PB 0x0000000091400000| Complete 
|   5|0x0000000091500000, 0x0000000091600000, 0x0000000091600000|100%|HC|  |TAMS 0x0000000091600000| PB 0x0000000091500000| Complete 
|   6|0x0000000091600000, 0x0000000091700000, 0x0000000091700000|100%|HC|  |TAMS 0x0000000091700000| PB 0x0000000091600000| Complete 
|   7|0x0000000091700000, 0x0000000091800000, 0x0000000091800000|100%|HC|  |TAMS 0x0000000091800000| PB 0x0000000091700000| Complete 
|   8|0x0000000091800000, 0x0000000091900000, 0x0000000091900000|100%|HC|  |TAMS 0x0000000091900000| PB 0x0000000091800000| Complete 
|   9|0x0000000091900000, 0x0000000091a00000, 0x0000000091a00000|100%|HC|  |TAMS 0x0000000091a00000| PB 0x0000000091900000| Complete 
|  10|0x0000000091a00000, 0x0000000091b00000, 0x0000000091b00000|100%|HC|  |TAMS 0x0000000091b00000| PB 0x0000000091a00000| Complete 
|  11|0x0000000091b00000, 0x0000000091c00000, 0x0000000091c00000|100%|HC|  |TAMS 0x0000000091c00000| PB 0x0000000091b00000| Complete 
|  12|0x0000000091c00000, 0x0000000091d00000, 0x0000000091d00000|100%|HC|  |TAMS 0x0000000091d00000| PB 0x0000000091c00000| Complete 
|  13|0x0000000091d00000, 0x0000000091e00000, 0x0000000091e00000|100%|HC|  |TAMS 0x0000000091e00000| PB 0x0000000091d00000| Complete 
|  14|0x0000000091e00000, 0x0000000091f00000, 0x0000000091f00000|100%|HC|  |TAMS 0x0000000091f00000| PB 0x0000000091e00000| Complete 
|  15|0x0000000091f00000, 0x0000000092000000, 0x0000000092000000|100%|HC|  |TAMS 0x0000000092000000| PB 0x0000000091f00000| Complete 
|  16|0x0000000092000000, 0x0000000092100000, 0x0000000092100000|100%|HC|  |TAMS 0x0000000092100000| PB 0x0000000092000000| Complete 
|  17|0x0000000092100000, 0x0000000092200000, 0x0000000092200000|100%|HC|  |TAMS 0x0000000092200000| PB 0x0000000092100000| Complete 
|  18|0x0000000092200000, 0x0000000092300000, 0x0000000092300000|100%|HC|  |TAMS 0x0000000092300000| PB 0x0000000092200000| Complete 
|  19|0x0000000092300000, 0x0000000092400000, 0x0000000092400000|100%|HC|  |TAMS 0x0000000092400000| PB 0x0000000092300000| Complete 
|  20|0x0000000092400000, 0x0000000092500000, 0x0000000092500000|100%|HC|  |TAMS 0x0000000092500000| PB 0x0000000092400000| Complete 
|  21|0x0000000092500000, 0x0000000092600000, 0x0000000092600000|100%|HC|  |TAMS 0x0000000092600000| PB 0x0000000092500000| Complete 
|  22|0x0000000092600000, 0x0000000092700000, 0x0000000092700000|100%|HC|  |TAMS 0x0000000092700000| PB 0x0000000092600000| Complete 
|  23|0x0000000092700000, 0x0000000092800000, 0x0000000092800000|100%|HC|  |TAMS 0x0000000092800000| PB 0x0000000092700000| Complete 
|  24|0x0000000092800000, 0x0000000092900000, 0x0000000092900000|100%|HS|  |TAMS 0x0000000092900000| PB 0x0000000092800000| Complete 
|  25|0x0000000092900000, 0x0000000092a00000, 0x0000000092a00000|100%|HC|  |TAMS 0x0000000092a00000| PB 0x0000000092900000| Complete 
|  26|0x0000000092a00000, 0x0000000092b00000, 0x0000000092b00000|100%|HC|  |TAMS 0x0000000092b00000| PB 0x0000000092a00000| Complete 
|  27|0x0000000092b00000, 0x0000000092c00000, 0x0000000092c00000|100%|HC|  |TAMS 0x0000000092c00000| PB 0x0000000092b00000| Complete 
|  28|0x0000000092c00000, 0x0000000092d00000, 0x0000000092d00000|100%|HC|  |TAMS 0x0000000092d00000| PB 0x0000000092c00000| Complete 
|  29|0x0000000092d00000, 0x0000000092e00000, 0x0000000092e00000|100%|HC|  |TAMS 0x0000000092e00000| PB 0x0000000092d00000| Complete 
|  30|0x0000000092e00000, 0x0000000092f00000, 0x0000000092f00000|100%|HC|  |TAMS 0x0000000092f00000| PB 0x0000000092e00000| Complete 
|  31|0x0000000092f00000, 0x0000000093000000, 0x0000000093000000|100%|HS|  |TAMS 0x0000000093000000| PB 0x0000000092f00000| Complete 
|  32|0x0000000093000000, 0x0000000093100000, 0x0000000093100000|100%|HC|  |TAMS 0x0000000093100000| PB 0x0000000093000000| Complete 
|  33|0x0000000093100000, 0x0000000093200000, 0x0000000093200000|100%|HC|  |TAMS 0x0000000093200000| PB 0x0000000093100000| Complete 
|  34|0x0000000093200000, 0x0000000093300000, 0x0000000093300000|100%| O|  |TAMS 0x0000000093300000| PB 0x0000000093300000| Updating 
|  35|0x0000000093300000, 0x0000000093400000, 0x0000000093400000|100%| O|  |TAMS 0x0000000093400000| PB 0x0000000093400000| Untracked 
|  36|0x0000000093400000, 0x0000000093500000, 0x0000000093500000|100%| O|  |TAMS 0x0000000093500000| PB 0x0000000093500000| Untracked 
|  37|0x0000000093500000, 0x0000000093600000, 0x0000000093600000|100%|HS|  |TAMS 0x0000000093600000| PB 0x0000000093500000| Complete 
|  38|0x0000000093600000, 0x0000000093700000, 0x0000000093700000|100%|HC|  |TAMS 0x0000000093700000| PB 0x0000000093600000| Complete 
|  39|0x0000000093700000, 0x0000000093800000, 0x0000000093800000|100%| O|  |TAMS 0x0000000093800000| PB 0x0000000093800000| Untracked 
|  40|0x0000000093800000, 0x0000000093900000, 0x0000000093900000|100%| O|  |TAMS 0x0000000093900000| PB 0x0000000093900000| Untracked 
|  41|0x0000000093900000, 0x0000000093a00000, 0x0000000093a00000|100%| O|  |TAMS 0x0000000093a00000| PB 0x0000000093a00000| Untracked 
|  42|0x0000000093a00000, 0x0000000093b00000, 0x0000000093b00000|100%| O|  |TAMS 0x0000000093b00000| PB 0x0000000093b00000| Untracked 
|  43|0x0000000093b00000, 0x0000000093b28ef0, 0x0000000093c00000| 15%| O|  |TAMS 0x0000000093b28ef0| PB 0x0000000093b28ef0| Updating 
|  44|0x0000000093c00000, 0x0000000093d00000, 0x0000000093d00000|100%|HS|  |TAMS 0x0000000093d00000| PB 0x0000000093c00000| Complete 
|  45|0x0000000093d00000, 0x0000000093e00000, 0x0000000093e00000|100%|HC|  |TAMS 0x0000000093e00000| PB 0x0000000093d00000| Complete 
|  46|0x0000000093e00000, 0x0000000093f00000, 0x0000000093f00000|100%|HC|  |TAMS 0x0000000093f00000| PB 0x0000000093e00000| Complete 
|  47|0x0000000093f00000, 0x0000000094000000, 0x0000000094000000|100%|HC|  |TAMS 0x0000000094000000| PB 0x0000000093f00000| Complete 
|  48|0x0000000094000000, 0x0000000094100000, 0x0000000094100000|100%|HC|  |TAMS 0x0000000094100000| PB 0x0000000094000000| Complete 
|  49|0x0000000094100000, 0x0000000094200000, 0x0000000094200000|100%|HC|  |TAMS 0x0000000094200000| PB 0x0000000094100000| Complete 
|  50|0x0000000094200000, 0x0000000094300000, 0x0000000094300000|100%|HC|  |TAMS 0x0000000094300000| PB 0x0000000094200000| Complete 
|  51|0x0000000094300000, 0x0000000094400000, 0x0000000094400000|100%|HC|  |TAMS 0x0000000094400000| PB 0x0000000094300000| Complete 
|  52|0x0000000094400000, 0x0000000094500000, 0x0000000094500000|100%|HC|  |TAMS 0x0000000094500000| PB 0x0000000094400000| Complete 
|  53|0x0000000094500000, 0x0000000094600000, 0x0000000094600000|100%|HC|  |TAMS 0x0000000094600000| PB 0x0000000094500000| Complete 
|  54|0x0000000094600000, 0x0000000094700000, 0x0000000094700000|100%|HC|  |TAMS 0x0000000094700000| PB 0x0000000094600000| Complete 
|  55|0x0000000094700000, 0x0000000094800000, 0x0000000094800000|100%|HC|  |TAMS 0x0000000094800000| PB 0x0000000094700000| Complete 
|  56|0x0000000094800000, 0x0000000094900000, 0x0000000094900000|100%|HC|  |TAMS 0x0000000094900000| PB 0x0000000094800000| Complete 
|  57|0x0000000094900000, 0x0000000094a00000, 0x0000000094a00000|100%|HC|  |TAMS 0x0000000094a00000| PB 0x0000000094900000| Complete 
|  58|0x0000000094a00000, 0x0000000094b00000, 0x0000000094b00000|100%|HC|  |TAMS 0x0000000094b00000| PB 0x0000000094a00000| Complete 
|  59|0x0000000094b00000, 0x0000000094c00000, 0x0000000094c00000|100%|HC|  |TAMS 0x0000000094c00000| PB 0x0000000094b00000| Complete 
|  60|0x0000000094c00000, 0x0000000094d00000, 0x0000000094d00000|100%|HC|  |TAMS 0x0000000094d00000| PB 0x0000000094c00000| Complete 
|  61|0x0000000094d00000, 0x0000000094e00000, 0x0000000094e00000|100%|HC|  |TAMS 0x0000000094e00000| PB 0x0000000094d00000| Complete 
|  62|0x0000000094e00000, 0x0000000094f00000, 0x0000000094f00000|100%|HC|  |TAMS 0x0000000094f00000| PB 0x0000000094e00000| Complete 
|  63|0x0000000094f00000, 0x0000000095000000, 0x0000000095000000|100%|HC|  |TAMS 0x0000000095000000| PB 0x0000000094f00000| Complete 
|  64|0x0000000095000000, 0x0000000095100000, 0x0000000095100000|100%|HC|  |TAMS 0x0000000095100000| PB 0x0000000095000000| Complete 
|  65|0x0000000095100000, 0x0000000095200000, 0x0000000095200000|100%|HC|  |TAMS 0x0000000095200000| PB 0x0000000095100000| Complete 
|  66|0x0000000095200000, 0x0000000095300000, 0x0000000095300000|100%|HC|  |TAMS 0x0000000095300000| PB 0x0000000095200000| Complete 
|  67|0x0000000095300000, 0x0000000095400000, 0x0000000095400000|100%|HC|  |TAMS 0x0000000095400000| PB 0x0000000095300000| Complete 
|  68|0x0000000095400000, 0x0000000095500000, 0x0000000095500000|100%|HC|  |TAMS 0x0000000095500000| PB 0x0000000095400000| Complete 
|  69|0x0000000095500000, 0x0000000095600000, 0x0000000095600000|100%|HC|  |TAMS 0x0000000095600000| PB 0x0000000095500000| Complete 
|  70|0x0000000095600000, 0x0000000095700000, 0x0000000095700000|100%|HC|  |TAMS 0x0000000095700000| PB 0x0000000095600000| Complete 
|  71|0x0000000095700000, 0x0000000095800000, 0x0000000095800000|100%|HC|  |TAMS 0x0000000095800000| PB 0x0000000095700000| Complete 
|  72|0x0000000095800000, 0x0000000095900000, 0x0000000095900000|100%|HC|  |TAMS 0x0000000095900000| PB 0x0000000095800000| Complete 
|  73|0x0000000095900000, 0x0000000095a00000, 0x0000000095a00000|100%|HC|  |TAMS 0x0000000095a00000| PB 0x0000000095900000| Complete 
|  74|0x0000000095a00000, 0x0000000095b00000, 0x0000000095b00000|100%|HC|  |TAMS 0x0000000095b00000| PB 0x0000000095a00000| Complete 
|  75|0x0000000095b00000, 0x0000000095c00000, 0x0000000095c00000|100%|HC|  |TAMS 0x0000000095c00000| PB 0x0000000095b00000| Complete 
|  76|0x0000000095c00000, 0x0000000095d00000, 0x0000000095d00000|100%|HS|  |TAMS 0x0000000095c00000| PB 0x0000000095c00000| Complete 
|  77|0x0000000095d00000, 0x0000000095e00000, 0x0000000095e00000|100%|HC|  |TAMS 0x0000000095d00000| PB 0x0000000095d00000| Complete 
|  78|0x0000000095e00000, 0x0000000095f00000, 0x0000000095f00000|100%|HC|  |TAMS 0x0000000095e00000| PB 0x0000000095e00000| Complete 
|  79|0x0000000095f00000, 0x0000000096000000, 0x0000000096000000|100%|HC|  |TAMS 0x0000000095f00000| PB 0x0000000095f00000| Complete 
|  80|0x0000000096000000, 0x0000000096100000, 0x0000000096100000|100%|HC|  |TAMS 0x0000000096000000| PB 0x0000000096000000| Complete 
|  81|0x0000000096100000, 0x0000000096200000, 0x0000000096200000|100%|HC|  |TAMS 0x0000000096100000| PB 0x0000000096100000| Complete 
|  82|0x0000000096200000, 0x0000000096300000, 0x0000000096300000|100%|HC|  |TAMS 0x0000000096200000| PB 0x0000000096200000| Complete 
|  83|0x0000000096300000, 0x0000000096400000, 0x0000000096400000|100%|HC|  |TAMS 0x0000000096300000| PB 0x0000000096300000| Complete 
|  84|0x0000000096400000, 0x0000000096500000, 0x0000000096500000|100%|HC|  |TAMS 0x0000000096400000| PB 0x0000000096400000| Complete 
|  85|0x0000000096500000, 0x0000000096500000, 0x0000000096600000|  0%| F|  |TAMS 0x0000000096500000| PB 0x0000000096500000| Untracked 
|  86|0x0000000096600000, 0x0000000096600000, 0x0000000096700000|  0%| F|  |TAMS 0x0000000096600000| PB 0x0000000096600000| Untracked 
|  87|0x0000000096700000, 0x0000000096700000, 0x0000000096800000|  0%| F|  |TAMS 0x0000000096700000| PB 0x0000000096700000| Untracked 
|  88|0x0000000096800000, 0x0000000096800000, 0x0000000096900000|  0%| F|  |TAMS 0x0000000096800000| PB 0x0000000096800000| Untracked 
|  89|0x0000000096900000, 0x0000000096900000, 0x0000000096a00000|  0%| F|  |TAMS 0x0000000096900000| PB 0x0000000096900000| Untracked 
|  90|0x0000000096a00000, 0x0000000096a00000, 0x0000000096b00000|  0%| F|  |TAMS 0x0000000096a00000| PB 0x0000000096a00000| Untracked 
|  91|0x0000000096b00000, 0x0000000096b00000, 0x0000000096c00000|  0%| F|  |TAMS 0x0000000096b00000| PB 0x0000000096b00000| Untracked 
|  92|0x0000000096c00000, 0x0000000096c00000, 0x0000000096d00000|  0%| F|  |TAMS 0x0000000096c00000| PB 0x0000000096c00000| Untracked 
|  93|0x0000000096d00000, 0x0000000096d00000, 0x0000000096e00000|  0%| F|  |TAMS 0x0000000096d00000| PB 0x0000000096d00000| Untracked 
|  94|0x0000000096e00000, 0x0000000096e00000, 0x0000000096f00000|  0%| F|  |TAMS 0x0000000096e00000| PB 0x0000000096e00000| Untracked 
|  95|0x0000000096f00000, 0x0000000096f00000, 0x0000000097000000|  0%| F|  |TAMS 0x0000000096f00000| PB 0x0000000096f00000| Untracked 
|  96|0x0000000097000000, 0x0000000097000000, 0x0000000097100000|  0%| F|  |TAMS 0x0000000097000000| PB 0x0000000097000000| Untracked 
|  97|0x0000000097100000, 0x0000000097100000, 0x0000000097200000|  0%| F|  |TAMS 0x0000000097100000| PB 0x0000000097100000| Untracked 
|  98|0x0000000097200000, 0x0000000097200000, 0x0000000097300000|  0%| F|  |TAMS 0x0000000097200000| PB 0x0000000097200000| Untracked 
|  99|0x0000000097300000, 0x0000000097300000, 0x0000000097400000|  0%| F|  |TAMS 0x0000000097300000| PB 0x0000000097300000| Untracked 
| 100|0x0000000097400000, 0x0000000097400000, 0x0000000097500000|  0%| F|  |TAMS 0x0000000097400000| PB 0x0000000097400000| Untracked 
| 101|0x0000000097500000, 0x0000000097500000, 0x0000000097600000|  0%| F|  |TAMS 0x0000000097500000| PB 0x0000000097500000| Untracked 
| 102|0x0000000097600000, 0x0000000097600000, 0x0000000097700000|  0%| F|  |TAMS 0x0000000097600000| PB 0x0000000097600000| Untracked 
| 103|0x0000000097700000, 0x0000000097700000, 0x0000000097800000|  0%| F|  |TAMS 0x0000000097700000| PB 0x0000000097700000| Untracked 
| 104|0x0000000097800000, 0x0000000097800000, 0x0000000097900000|  0%| F|  |TAMS 0x0000000097800000| PB 0x0000000097800000| Untracked 
| 105|0x0000000097900000, 0x0000000097900000, 0x0000000097a00000|  0%| F|  |TAMS 0x0000000097900000| PB 0x0000000097900000| Untracked 
| 106|0x0000000097a00000, 0x0000000097a00000, 0x0000000097b00000|  0%| F|  |TAMS 0x0000000097a00000| PB 0x0000000097a00000| Untracked 
| 107|0x0000000097b00000, 0x0000000097b00000, 0x0000000097c00000|  0%| F|  |TAMS 0x0000000097b00000| PB 0x0000000097b00000| Untracked 
| 108|0x0000000097c00000, 0x0000000097cfe280, 0x0000000097d00000| 99%| S|CS|TAMS 0x0000000097c00000| PB 0x0000000097c00000| Complete 
| 109|0x0000000097d00000, 0x0000000097e00000, 0x0000000097e00000|100%| S|CS|TAMS 0x0000000097d00000| PB 0x0000000097d00000| Complete 
| 110|0x0000000097e00000, 0x0000000097e00000, 0x0000000097f00000|  0%| F|  |TAMS 0x0000000097e00000| PB 0x0000000097e00000| Untracked 
| 111|0x0000000097f00000, 0x0000000098000000, 0x0000000098000000|100%| E|  |TAMS 0x0000000097f00000| PB 0x0000000097f00000| Complete 

Card table byte_map: [0x000002aabdcd0000,0x000002aabe050000] _byte_map_base: 0x000002aabd848000

Marking Bits: (CMBitMap*) 0x000002aaa6218250
 Bits: [0x000002aabe050000, 0x000002aabfc10000)

Polling page: 0x000002aaa4170000

Metaspace:

Usage:
  Non-class:     14.66 MB used.
      Class:      2.67 MB used.
       Both:     17.33 MB used.

Virtual space:
  Non-class space:       64.00 MB reserved,      14.88 MB ( 23%) committed,  1 nodes.
      Class space:        1.00 GB reserved,       2.81 MB ( <1%) committed,  1 nodes.
             Both:        1.06 GB reserved,      17.69 MB (  2%) committed. 

Chunk freelists:
   Non-Class:  736.00 KB
       Class:  13.16 MB
        Both:  13.88 MB

MaxMetaspaceSize: unlimited
CompressedClassSpaceSize: 1.00 GB
Initial GC threshold: 21.00 MB
Current GC threshold: 21.00 MB
CDS: on
 - commit_granule_bytes: 65536.
 - commit_granule_words: 8192.
 - virtual_space_node_default_size: 8388608.
 - enlarge_chunks_in_place: 1.
 - use_allocation_guard: 0.


Internal statistics:

num_allocs_failed_limit: 0.
num_arena_births: 390.
num_arena_deaths: 0.
num_vsnodes_births: 2.
num_vsnodes_deaths: 0.
num_space_committed: 283.
num_space_uncommitted: 0.
num_chunks_returned_to_freelist: 0.
num_chunks_taken_from_freelist: 970.
num_chunk_merges: 0.
num_chunk_splits: 663.
num_chunks_enlarged: 481.
num_inconsistent_stats: 0.

CodeHeap 'non-profiled nmethods': size=120000Kb used=1055Kb max_used=1055Kb free=118944Kb
 bounds [0x000002aab60f0000, 0x000002aab6360000, 0x000002aabd620000]
CodeHeap 'profiled nmethods': size=120000Kb used=4902Kb max_used=4902Kb free=115097Kb
 bounds [0x000002aaae620000, 0x000002aaaeaf0000, 0x000002aab5b50000]
CodeHeap 'non-nmethods': size=5760Kb used=1828Kb max_used=1863Kb free=3931Kb
 bounds [0x000002aab5b50000, 0x000002aab5dc0000, 0x000002aab60f0000]
 total_blobs=3537 nmethods=2698 adapters=743
 compilation: enabled
              stopped_count=0, restarted_count=0
 full_count=0

Compilation events (20 events):
Event: 4.018 Thread 0x000002aac262b810 2695       3       com.sun.prism.impl.BaseResourcePool$WeakLinkedList::getResource (11 bytes)
Event: 4.018 Thread 0x000002aac262b810 nmethod 2695 0x000002aaaeae7d90 code [0x000002aaaeae7f40, 0x000002aaaeae8208]
Event: 4.018 Thread 0x000002aac262b810 2694       1       com.sun.prism.impl.ManagedResource::isPermanent (5 bytes)
Event: 4.018 Thread 0x000002aac262b810 nmethod 2694 0x000002aab61f6d10 code [0x000002aab61f6ea0, 0x000002aab61f6f70]
Event: 4.018 Thread 0x000002aac262b810 2696       3       com.sun.prism.impl.ManagedResource::_isgone (42 bytes)
Event: 4.019 Thread 0x000002aac262b810 nmethod 2696 0x000002aaaeae8310 code [0x000002aaaeae8500, 0x000002aaaeae8bd8]
Event: 4.019 Thread 0x000002aac262b810 2697       3       com.sun.prism.impl.ManagedResource::isLocked (13 bytes)
Event: 4.019 Thread 0x000002aac262b810 nmethod 2697 0x000002aaaeae8d90 code [0x000002aaaeae8f20, 0x000002aaaeae9090]
Event: 4.019 Thread 0x000002aac262b810 2698       1       com.sun.prism.impl.ManagedResource::getAge (5 bytes)
Event: 4.019 Thread 0x000002aac262b810 nmethod 2698 0x000002aab61f7010 code [0x000002aab61f71a0, 0x000002aab61f7268]
Event: 4.073 Thread 0x000002aac262afb0 2699 %     4       java.lang.StringLatin1::inflate @ 3 (34 bytes)
Event: 4.082 Thread 0x000002aac262afb0 nmethod 2699% 0x000002aab61f7310 code [0x000002aab61f74a0, 0x000002aab61f7828]
Event: 4.090 Thread 0x000002aac262b810 2700       1       java.lang.Class::getClassLoader0 (5 bytes)
Event: 4.091 Thread 0x000002aac262b810 nmethod 2700 0x000002aab61f7990 code [0x000002aab61f7b20, 0x000002aab61f7be8]
Event: 4.091 Thread 0x000002aac262b810 2701       3       java.io.BufferedWriter::ensureOpen (18 bytes)
Event: 4.091 Thread 0x000002aac262afb0 2702       4       jdk.internal.misc.InternalLock::unlock (8 bytes)
Event: 4.091 Thread 0x000002aac262b810 nmethod 2701 0x000002aaaeae9110 code [0x000002aaaeae92c0, 0x000002aaaeae94d8]
Event: 4.092 Thread 0x000002aac262b810 2703       3       java.io.Writer::write (11 bytes)
Event: 4.092 Thread 0x000002aac262b810 nmethod 2703 0x000002aaaeae9590 code [0x000002aaaeae9760, 0x000002aaaeae9a40]
Event: 4.092 Thread 0x000002aac262b810 2704   !   3       java.io.BufferedWriter::write (82 bytes)

GC Heap History (8 events):
Event: 1.011 GC heap before
{Heap before GC invocations=0 (full 0):
 garbage-first heap   total 114688K, used 22528K [0x0000000091000000, 0x0000000100000000)
  region size 1024K, 23 young (23552K), 0 survivors (0K)
 Metaspace       used 5038K, committed 5248K, reserved 1114112K
  class space    used 581K, committed 704K, reserved 1048576K
}
Event: 1.015 GC heap after
{Heap after GC invocations=1 (full 0):
 garbage-first heap   total 114688K, used 2884K [0x0000000091000000, 0x0000000100000000)
  region size 1024K, 3 young (3072K), 3 survivors (3072K)
 Metaspace       used 5038K, committed 5248K, reserved 1114112K
  class space    used 581K, committed 704K, reserved 1048576K
}
Event: 2.023 GC heap before
{Heap before GC invocations=1 (full 0):
 garbage-first heap   total 114688K, used 70468K [0x0000000091000000, 0x0000000100000000)
  region size 1024K, 36 young (36864K), 3 survivors (3072K)
 Metaspace       used 12167K, committed 12480K, reserved 1114112K
  class space    used 1708K, committed 1856K, reserved 1048576K
}
Event: 2.030 GC heap after
{Heap after GC invocations=2 (full 0):
 garbage-first heap   total 114688K, used 42178K [0x0000000091000000, 0x0000000100000000)
  region size 1024K, 5 young (5120K), 5 survivors (5120K)
 Metaspace       used 12167K, committed 12480K, reserved 1114112K
  class space    used 1708K, committed 1856K, reserved 1048576K
}
Event: 3.989 GC heap before
{Heap before GC invocations=2 (full 0):
 garbage-first heap   total 114688K, used 69826K [0x0000000091000000, 0x0000000100000000)
  region size 1024K, 32 young (32768K), 5 survivors (5120K)
 Metaspace       used 17697K, committed 18048K, reserved 1114112K
  class space    used 2731K, committed 2880K, reserved 1048576K
}
Event: 3.995 GC heap after
{Heap after GC invocations=3 (full 0):
 garbage-first heap   total 114688K, used 46377K [0x0000000091000000, 0x0000000100000000)
  region size 1024K, 3 young (3072K), 3 survivors (3072K)
 Metaspace       used 17697K, committed 18048K, reserved 1114112K
  class space    used 2731K, committed 2880K, reserved 1048576K
}
Event: 4.074 GC heap before
{Heap before GC invocations=3 (full 0):
 garbage-first heap   total 114688K, used 80169K [0x0000000091000000, 0x0000000100000000)
  region size 1024K, 5 young (5120K), 3 survivors (3072K)
 Metaspace       used 17743K, committed 18112K, reserved 1114112K
  class space    used 2736K, committed 2880K, reserved 1048576K
}
Event: 4.076 GC heap after
{Heap after GC invocations=4 (full 0):
 garbage-first heap   total 114688K, used 79004K [0x0000000091000000, 0x0000000100000000)
  region size 1024K, 2 young (2048K), 2 survivors (2048K)
 Metaspace       used 17743K, committed 18112K, reserved 1114112K
  class space    used 2736K, committed 2880K, reserved 1048576K
}

Dll operation events (20 events):
Event: 0.636 Loaded shared library C:\Users\kleggy\.openjfx\cache\21-ea+null\amd64\api-ms-win-crt-math-l1-1-0.dll
Event: 0.642 Loaded shared library C:\Users\kleggy\.openjfx\cache\21-ea+null\amd64\api-ms-win-crt-multibyte-l1-1-0.dll
Event: 0.649 Loaded shared library C:\Users\kleggy\.openjfx\cache\21-ea+null\amd64\api-ms-win-crt-private-l1-1-0.dll
Event: 0.655 Loaded shared library C:\Users\kleggy\.openjfx\cache\21-ea+null\amd64\api-ms-win-crt-process-l1-1-0.dll
Event: 0.661 Loaded shared library C:\Users\kleggy\.openjfx\cache\21-ea+null\amd64\api-ms-win-crt-runtime-l1-1-0.dll
Event: 0.667 Loaded shared library C:\Users\kleggy\.openjfx\cache\21-ea+null\amd64\api-ms-win-crt-stdio-l1-1-0.dll
Event: 0.673 Loaded shared library C:\Users\kleggy\.openjfx\cache\21-ea+null\amd64\api-ms-win-crt-string-l1-1-0.dll
Event: 0.679 Loaded shared library C:\Users\kleggy\.openjfx\cache\21-ea+null\amd64\api-ms-win-crt-time-l1-1-0.dll
Event: 0.685 Loaded shared library C:\Users\kleggy\.openjfx\cache\21-ea+null\amd64\api-ms-win-crt-utility-l1-1-0.dll
Event: 0.704 Loaded shared library C:\Users\kleggy\.openjfx\cache\21-ea+null\amd64\ucrtbase.dll
Event: 0.710 Loaded shared library C:\Users\kleggy\.openjfx\cache\21-ea+null\amd64\vcruntime140.dll
Event: 0.716 Loaded shared library C:\Users\kleggy\.openjfx\cache\21-ea+null\amd64\vcruntime140_1.dll
Event: 0.728 Loaded shared library C:\Users\kleggy\.openjfx\cache\21-ea+null\amd64\msvcp140.dll
Event: 0.733 Loaded shared library C:\Users\kleggy\.openjfx\cache\21-ea+null\amd64\msvcp140_1.dll
Event: 0.740 Loaded shared library C:\Users\kleggy\.openjfx\cache\21-ea+null\amd64\msvcp140_2.dll
Event: 0.794 Loaded shared library C:\Users\kleggy\.openjfx\cache\21-ea+null\amd64\prism_d3d.dll
Event: 0.847 Loaded shared library C:\Users\kleggy\.openjfx\cache\21-ea+null\amd64\glass.dll
Event: 1.031 Loaded shared library D:\Program Files\Java21\bin\jimage.dll
Event: 1.235 Loaded shared library C:\Users\kleggy\.openjfx\cache\21-ea+null\amd64\javafx_font.dll
Event: 1.870 Loaded shared library C:\Users\kleggy\.openjfx\cache\21-ea+null\amd64\javafx_iio.dll

Deoptimization events (20 events):
Event: 3.253 Thread 0x000002ab082752a0 DEOPT PACKING pc=0x000002aaaea751ca sp=0x000000ae004fd5f0
Event: 3.253 Thread 0x000002ab082752a0 DEOPT UNPACKING pc=0x000002aab5ba4e42 sp=0x000000ae004fca48 mode 0
Event: 3.253 Thread 0x000002ab082752a0 DEOPT PACKING pc=0x000002aaaea751ca sp=0x000000ae004fd5f0
Event: 3.253 Thread 0x000002ab082752a0 DEOPT UNPACKING pc=0x000002aab5ba4e42 sp=0x000000ae004fca48 mode 0
Event: 3.253 Thread 0x000002ab082752a0 DEOPT PACKING pc=0x000002aaaea751ca sp=0x000000ae004fd5f0
Event: 3.253 Thread 0x000002ab082752a0 DEOPT UNPACKING pc=0x000002aab5ba4e42 sp=0x000000ae004fca48 mode 0
Event: 3.253 Thread 0x000002ab082752a0 DEOPT PACKING pc=0x000002aaaea751ca sp=0x000000ae004fd5f0
Event: 3.253 Thread 0x000002ab082752a0 DEOPT UNPACKING pc=0x000002aab5ba4e42 sp=0x000000ae004fca48 mode 0
Event: 3.253 Thread 0x000002ab082752a0 DEOPT PACKING pc=0x000002aaaea751ca sp=0x000000ae004fd5f0
Event: 3.253 Thread 0x000002ab082752a0 DEOPT UNPACKING pc=0x000002aab5ba4e42 sp=0x000000ae004fca48 mode 0
Event: 3.254 Thread 0x000002ab082752a0 DEOPT PACKING pc=0x000002aaaea751ca sp=0x000000ae004fd5f0
Event: 3.254 Thread 0x000002ab082752a0 DEOPT UNPACKING pc=0x000002aab5ba4e42 sp=0x000000ae004fca48 mode 0
Event: 3.725 Thread 0x000002ab082752a0 DEOPT PACKING pc=0x000002aaae7d875e sp=0x000000ae004fd310
Event: 3.725 Thread 0x000002ab082752a0 DEOPT UNPACKING pc=0x000002aab5ba4e42 sp=0x000000ae004fc7a0 mode 0
Event: 3.731 Thread 0x000002ab082752a0 DEOPT PACKING pc=0x000002aaaea97fe2 sp=0x000000ae004fd580
Event: 3.731 Thread 0x000002ab082752a0 DEOPT UNPACKING pc=0x000002aab5ba4e42 sp=0x000000ae004fc9e8 mode 0
Event: 3.737 Thread 0x000002ab082752a0 DEOPT PACKING pc=0x000002aaaea81b5a sp=0x000000ae004fd270
Event: 3.737 Thread 0x000002ab082752a0 DEOPT UNPACKING pc=0x000002aab5ba4e42 sp=0x000000ae004fc700 mode 0
Event: 3.980 Thread 0x000002ab089bcb70 DEOPT PACKING pc=0x000002aaae9192bc sp=0x000000ae008fc860
Event: 3.980 Thread 0x000002ab089bcb70 DEOPT UNPACKING pc=0x000002aab5ba4e42 sp=0x000000ae008fbd78 mode 0

Classes loaded (20 events):
Event: 2.703 Loading class java/nio/DirectFloatBufferU
Event: 2.704 Loading class java/nio/DirectFloatBufferU done
Event: 2.721 Loading class java/lang/FdLibm$Atan2
Event: 2.721 Loading class java/lang/FdLibm$Atan2 done
Event: 2.777 Loading class java/lang/FdLibm$Acos
Event: 2.778 Loading class java/lang/FdLibm$Acos done
Event: 2.812 Loading class java/util/EnumMap$Values
Event: 2.813 Loading class java/util/EnumMap$Values done
Event: 2.813 Loading class java/util/EnumMap$ValueIterator
Event: 2.813 Loading class java/util/EnumMap$EnumMapIterator
Event: 2.813 Loading class java/util/EnumMap$EnumMapIterator done
Event: 2.813 Loading class java/util/EnumMap$ValueIterator done
Event: 3.705 Loading class java/io/UnsupportedEncodingException
Event: 3.705 Loading class java/io/UnsupportedEncodingException done
Event: 3.979 Loading class java/util/regex/Pattern$SliceS
Event: 3.979 Loading class java/util/regex/Pattern$SliceS done
Event: 4.072 Loading class java/lang/Throwable$WrappedPrintStream
Event: 4.072 Loading class java/lang/Throwable$PrintStreamOrWriter
Event: 4.072 Loading class java/lang/Throwable$PrintStreamOrWriter done
Event: 4.072 Loading class java/lang/Throwable$WrappedPrintStream done

Classes unloaded (0 events):
No events

Classes redefined (0 events):
No events

Internal exceptions (20 events):
Event: 1.675 Thread 0x000002ab089bcb70 Implicit null exception at 0x000002aab617021c to 0x000002aab6170450
Event: 1.679 Thread 0x000002ab089bcb70 Implicit null exception at 0x000002aab616e41c to 0x000002aab616e644
Event: 1.692 Thread 0x000002ab089bcb70 Implicit null exception at 0x000002aab6116bfd to 0x000002aab6116edc
Event: 1.751 Thread 0x000002ab089bcb70 Exception <a 'java/lang/NoSuchMethodError'{0x0000000095f76290}: 'int java.lang.invoke.DirectMethodHandle$Holder.invokeStatic(java.lang.Object, java.lang.Object, java.lang.Object, java.lang.Object)'> (0x0000000095f76290) 
thrown [s\open\src\hotspot\share\interpreter\linkResolver.cpp, line 773]
Event: 2.155 Thread 0x000002ab089bcb70 Exception <a 'java/lang/ClassNotFoundException'{0x0000000097a3f628}: com/sun/javafx/scene/control/skin/resources/controls> (0x0000000097a3f628) 
thrown [s\open\src\hotspot\share\prims\jni.cpp, line 539]
Event: 2.156 Thread 0x000002ab089bcb70 Exception <a 'java/lang/ClassNotFoundException'{0x0000000097a4d828}: com/sun/javafx/scene/control/skin/resources/controls_en> (0x0000000097a4d828) 
thrown [s\open\src\hotspot\share\prims\jni.cpp, line 539]
Event: 2.156 Thread 0x000002ab089bcb70 Exception <a 'java/lang/ClassNotFoundException'{0x0000000097a4e7d0}: com/sun/javafx/scene/control/skin/resources/controls_en_GB> (0x0000000097a4e7d0) 
thrown [s\open\src\hotspot\share\prims\jni.cpp, line 539]
Event: 2.201 Thread 0x000002ab089bcb70 Exception <a 'java/lang/NoSuchMethodError'{0x0000000097831078}: 'void java.lang.invoke.DirectMethodHandle$Holder.invokeSpecial(java.lang.Object, java.lang.Object, java.lang.Object, java.lang.Object, java.lang.Object, java.lang.Object)'> (0x0000000097831078) 
thrown [s\open\src\hotspot\share\interpreter\linkResolver.cpp, line 773]
Event: 2.203 Thread 0x000002ab089bcb70 Exception <a 'java/lang/IncompatibleClassChangeError'{0x000000009784f9b0}: Found class java.lang.Object, but interface was expected> (0x000000009784f9b0) 
thrown [s\open\src\hotspot\share\interpreter\linkResolver.cpp, line 840]
Event: 2.253 Thread 0x000002ab089bcb70 Exception <a 'java/lang/NoSuchMethodError'{0x0000000097465438}: 'int java.lang.invoke.DirectMethodHandle$Holder.invokeSpecial(java.lang.Object, java.lang.Object, int)'> (0x0000000097465438) 
thrown [s\open\src\hotspot\share\interpreter\linkResolver.cpp, line 773]
Event: 2.447 Thread 0x000002ab089bcb70 Exception <a 'java/lang/NoSuchMethodError'{0x0000000096e6e548}: 'void java.lang.invoke.DirectMethodHandle$Holder.invokeSpecial(java.lang.Object, java.lang.Object, int, int)'> (0x0000000096e6e548) 
thrown [s\open\src\hotspot\share\interpreter\linkResolver.cpp, line 773]
Event: 2.447 Thread 0x000002ab089bcb70 Exception <a 'java/lang/NoSuchMethodError'{0x0000000096e74580}: 'java.lang.Object java.lang.invoke.DirectMethodHandle$Holder.newInvokeSpecial(java.lang.Object, java.lang.Object, int, int)'> (0x0000000096e74580) 
thrown [s\open\src\hotspot\share\interpreter\linkResolver.cpp, line 773]
Event: 2.448 Thread 0x000002ab089bcb70 Exception <a 'java/lang/NoSuchMethodError'{0x0000000096e784e0}: 'java.lang.Object java.lang.invoke.DirectMethodHandle$Holder.invokeSpecial(java.lang.Object, java.lang.Object, java.lang.Object, int, int)'> (0x0000000096e784e0) 
thrown [s\open\src\hotspot\share\interpreter\linkResolver.cpp, line 773]
Event: 2.452 Thread 0x000002ab089bcb70 Exception <a 'java/lang/NoSuchMethodError'{0x0000000096e86ba0}: 'java.lang.Object java.lang.invoke.DirectMethodHandle$Holder.newInvokeSpecial(java.lang.Object, java.lang.Object, int)'> (0x0000000096e86ba0) 
thrown [s\open\src\hotspot\share\interpreter\linkResolver.cpp, line 773]
Event: 2.539 Thread 0x000002ab082752a0 Exception <a 'java/lang/NoSuchMethodError'{0x0000000096c0dbb0}: 'int java.lang.invoke.DirectMethodHandle$Holder.invokeStaticInit(java.lang.Object, java.lang.Object)'> (0x0000000096c0dbb0) 
thrown [s\open\src\hotspot\share\interpreter\linkResolver.cpp, line 773]
Event: 2.690 Thread 0x000002ab082752a0 Exception <a 'java/lang/NoSuchMethodError'{0x000000009681aa30}: 'java.lang.Object java.lang.invoke.DirectMethodHandle$Holder.invokeStaticInit(java.lang.Object, int)'> (0x000000009681aa30) 
thrown [s\open\src\hotspot\share\interpreter\linkResolver.cpp, line 773]
Event: 3.718 Thread 0x000002ab089bcb70 Exception <a 'java/lang/NoSuchMethodError'{0x0000000096610af8}: 'long java.lang.invoke.DirectMethodHandle$Holder.invokeStatic(java.lang.Object, java.lang.Object, java.lang.Object)'> (0x0000000096610af8) 
thrown [s\open\src\hotspot\share\interpreter\linkResolver.cpp, line 773]
Event: 3.719 Thread 0x000002ab089bcb70 Exception <a 'java/lang/NoSuchMethodError'{0x0000000096613ec8}: 'long java.lang.invoke.DirectMethodHandle$Holder.invokeStaticInit(java.lang.Object, java.lang.Object, java.lang.Object)'> (0x0000000096613ec8) 
thrown [s\open\src\hotspot\share\interpreter\linkResolver.cpp, line 773]
Event: 3.721 Thread 0x000002ab089bcb70 Exception <a 'java/lang/NoSuchMethodError'{0x00000000966284c0}: 'java.lang.Object java.lang.invoke.DirectMethodHandle$Holder.newInvokeSpecial(java.lang.Object, java.lang.Object, long)'> (0x00000000966284c0) 
thrown [s\open\src\hotspot\share\interpreter\linkResolver.cpp, line 773]
Event: 3.721 Thread 0x000002ab089bcb70 Exception <a 'java/lang/NoSuchMethodError'{0x000000009662bdb8}: 'java.lang.Object java.lang.invoke.Invokers$Holder.linkToTargetMethod(java.lang.Object, long, java.lang.Object)'> (0x000000009662bdb8) 
thrown [s\open\src\hotspot\share\interpreter\linkResolver.cpp, line 773]

ZGC Phase Switch (0 events):
No events

VM Operations (20 events):
Event: 1.246 Executing VM operation: HandshakeAllThreads (Deoptimize) done
Event: 1.436 Executing VM operation: HandshakeAllThreads (Deoptimize)
Event: 1.437 Executing VM operation: HandshakeAllThreads (Deoptimize) done
Event: 1.445 Executing VM operation: HandshakeAllThreads (Deoptimize)
Event: 1.445 Executing VM operation: HandshakeAllThreads (Deoptimize) done
Event: 1.765 Executing VM operation: ICBufferFull
Event: 1.765 Executing VM operation: ICBufferFull done
Event: 2.023 Executing VM operation: G1CollectForAllocation (G1 Evacuation Pause)
Event: 2.030 Executing VM operation: G1CollectForAllocation (G1 Evacuation Pause) done
Event: 2.425 Executing VM operation: ICBufferFull
Event: 2.426 Executing VM operation: ICBufferFull done
Event: 3.980 Executing VM operation: HandshakeAllThreads (Deoptimize)
Event: 3.980 Executing VM operation: HandshakeAllThreads (Deoptimize) done
Event: 3.980 Executing VM operation: Cleanup
Event: 3.980 Executing VM operation: Cleanup done
Event: 3.989 Executing VM operation: G1TryInitiateConcMark (G1 Humongous Allocation)
Event: 3.995 Executing VM operation: G1TryInitiateConcMark (G1 Humongous Allocation) done
Event: 4.074 Executing VM operation: G1TryInitiateConcMark (G1 Humongous Allocation)
Event: 4.077 Executing VM operation: G1TryInitiateConcMark (G1 Humongous Allocation) done
Event: 4.092 Executing VM operation: G1PauseRemark

Events (20 events):
Event: 0.053 Thread 0x000002aac260d0b0 Thread added: 0x000002aac260d0b0
Event: 0.053 Thread 0x000002aac260db90 Thread added: 0x000002aac260db90
Event: 0.054 Thread 0x000002aac26195f0 Thread added: 0x000002aac26195f0
Event: 0.054 Thread 0x000002aac2619c60 Thread added: 0x000002aac2619c60
Event: 0.054 Thread 0x000002aac261a630 Thread added: 0x000002aac261a630
Event: 0.054 Thread 0x000002aac261ee60 Thread added: 0x000002aac261ee60
Event: 0.054 Thread 0x000002aac262afb0 Thread added: 0x000002aac262afb0
Event: 0.054 Thread 0x000002aac262b810 Thread added: 0x000002aac262b810
Event: 0.098 Thread 0x000002aac28368f0 Thread added: 0x000002aac28368f0
Event: 0.160 Thread 0x000002aac2924460 Thread added: 0x000002aac2924460
Event: 0.321 Thread 0x000002aac2888940 Thread added: 0x000002aac2888940
Event: 0.321 Thread 0x000002ab08117cb0 Thread added: 0x000002ab08117cb0
Event: 0.781 Thread 0x000002ab082752a0 Thread added: 0x000002ab082752a0
Event: 0.849 Thread 0x000002ab089b78a0 Thread added: 0x000002ab089b78a0
Event: 0.853 Thread 0x000002ab089bcb70 Thread added: 0x000002ab089bcb70
Event: 0.902 Thread 0x000002aac2924460 Thread exited: 0x000002aac2924460
Event: 0.963 Thread 0x000002ab087a5390 Thread added: 0x000002ab087a5390
Event: 0.975 Thread 0x000002ab08a19f20 Thread added: 0x000002ab08a19f20
Event: 1.565 Thread 0x000002ab08b8c090 Thread added: 0x000002ab08b8c090
Event: 2.633 Thread 0x000002ab08b8c720 Thread added: 0x000002ab08b8c720


Dynamic libraries:
0x00007ff6fa830000 - 0x00007ff6fa83e000 	D:\Program Files\Java21\bin\java.exe
0x00007ffe31ce0000 - 0x00007ffe31ee9000 	C:\WINDOWS\SYSTEM32\ntdll.dll
0x00007ffe308b0000 - 0x00007ffe3096d000 	C:\WINDOWS\System32\KERNEL32.DLL
0x00007ffe2f2d0000 - 0x00007ffe2f654000 	C:\WINDOWS\System32\KERNELBASE.dll
0x00007ffe2fa10000 - 0x00007ffe2fb21000 	C:\WINDOWS\System32\ucrtbase.dll
0x00007ffe2e980000 - 0x00007ffe2e998000 	D:\Program Files\Java21\bin\jli.dll
0x00007ffe2e960000 - 0x00007ffe2e97b000 	D:\Program Files\Java21\bin\VCRUNTIME140.dll
0x00007ffe313c0000 - 0x00007ffe3156d000 	C:\WINDOWS\System32\USER32.dll
0x00007ffe2f6d0000 - 0x00007ffe2f6f6000 	C:\WINDOWS\System32\win32u.dll
0x00007ffe2e370000 - 0x00007ffe2e615000 	C:\WINDOWS\WinSxS\amd64_microsoft.windows.common-controls_6595b64144ccf1df_6.0.22000.120_none_9d947278b86cc467\COMCTL32.dll
0x00007ffe30390000 - 0x00007ffe30433000 	C:\WINDOWS\System32\msvcrt.dll
0x00007ffe2fb30000 - 0x00007ffe2fb5a000 	C:\WINDOWS\System32\GDI32.dll
0x00007ffe2f700000 - 0x00007ffe2f81e000 	C:\WINDOWS\System32\gdi32full.dll
0x00007ffe2f230000 - 0x00007ffe2f2cd000 	C:\WINDOWS\System32\msvcp_win.dll
0x00007ffe30870000 - 0x00007ffe308a1000 	C:\WINDOWS\System32\IMM32.DLL
0x00007ffe2e950000 - 0x00007ffe2e95c000 	D:\Program Files\Java21\bin\vcruntime140_1.dll
0x00007ffe1f060000 - 0x00007ffe1f0ee000 	D:\Program Files\Java21\bin\msvcp140.dll
0x00007ffdd6d00000 - 0x00007ffdd7a13000 	D:\Program Files\Java21\bin\server\jvm.dll
0x00007ffe31b90000 - 0x00007ffe31c3e000 	C:\WINDOWS\System32\ADVAPI32.dll
0x00007ffe31930000 - 0x00007ffe319ce000 	C:\WINDOWS\System32\sechost.dll
0x00007ffe30970000 - 0x00007ffe30a91000 	C:\WINDOWS\System32\RPCRT4.dll
0x00007ffe30450000 - 0x00007ffe304bf000 	C:\WINDOWS\System32\WS2_32.dll
0x00007ffe2f040000 - 0x00007ffe2f08d000 	C:\WINDOWS\SYSTEM32\POWRPROF.dll
0x00007ffe27c40000 - 0x00007ffe27c73000 	C:\WINDOWS\SYSTEM32\WINMM.dll
0x00007ffe2b530000 - 0x00007ffe2b53a000 	C:\WINDOWS\SYSTEM32\VERSION.dll
0x00007ffe2f020000 - 0x00007ffe2f033000 	C:\WINDOWS\SYSTEM32\UMPDC.dll
0x00007ffe2d310000 - 0x00007ffe2d328000 	C:\WINDOWS\SYSTEM32\kernel.appcore.dll
0x00007ffe2a8d0000 - 0x00007ffe2a8da000 	D:\Program Files\Java21\bin\jimage.dll
0x00007ffe2ea10000 - 0x00007ffe2ec31000 	C:\WINDOWS\SYSTEM32\DBGHELP.DLL
0x00007ffe2e750000 - 0x00007ffe2e781000 	C:\WINDOWS\SYSTEM32\dbgcore.DLL
0x00007ffe2f990000 - 0x00007ffe2fa0f000 	C:\WINDOWS\System32\bcryptPrimitives.dll
0x00007ffe2a860000 - 0x00007ffe2a86f000 	D:\Program Files\Java21\bin\instrument.dll
0x00007ffe27d80000 - 0x00007ffe27d9f000 	D:\Program Files\Java21\bin\java.dll
0x00007ffe2fbc0000 - 0x00007ffe30385000 	C:\WINDOWS\System32\SHELL32.dll
0x00007ffe2c380000 - 0x00007ffe2cbe2000 	C:\WINDOWS\SYSTEM32\windows.storage.dll
0x00007ffe315a0000 - 0x00007ffe31916000 	C:\WINDOWS\System32\combase.dll
0x00007ffe2c210000 - 0x00007ffe2c377000 	C:\WINDOWS\SYSTEM32\wintypes.dll
0x00007ffe30780000 - 0x00007ffe3086a000 	C:\WINDOWS\System32\SHCORE.dll
0x00007ffe31c40000 - 0x00007ffe31c9d000 	C:\WINDOWS\System32\shlwapi.dll
0x00007ffe2f0a0000 - 0x00007ffe2f0c5000 	C:\WINDOWS\SYSTEM32\profapi.dll
0x00007ffe1ed00000 - 0x00007ffe1edd7000 	D:\Program Files\Java21\bin\jsvml.dll
0x00007ffe290a0000 - 0x00007ffe290b0000 	D:\Program Files\Java21\bin\net.dll
0x00007ffe260e0000 - 0x00007ffe261f4000 	C:\WINDOWS\SYSTEM32\WINHTTP.dll
0x00007ffe2dfa0000 - 0x00007ffe2e007000 	C:\WINDOWS\system32\mswsock.dll
0x00007ffe27d60000 - 0x00007ffe27d76000 	D:\Program Files\Java21\bin\nio.dll
0x00007ffe264d0000 - 0x00007ffe264e8000 	D:\Program Files\Java21\bin\zip.dll
0x00007ffe21c70000 - 0x00007ffe21c8a000 	D:\Program Files\IntelliJ IDEA 2023.2.4\bin\breakgen64.dll
0x000002aaa41c0000 - 0x000002aaa41c3000 	C:\Users\kleggy\.openjfx\cache\21-ea+null\amd64\api-ms-win-core-console-l1-1-0.dll
0x000002aaa41d0000 - 0x000002aaa41d3000 	C:\Users\kleggy\.openjfx\cache\21-ea+null\amd64\api-ms-win-core-console-l1-2-0.dll
0x000002aaa41e0000 - 0x000002aaa41e3000 	C:\Users\kleggy\.openjfx\cache\21-ea+null\amd64\api-ms-win-core-datetime-l1-1-0.dll
0x000002aaa6150000 - 0x000002aaa6153000 	C:\Users\kleggy\.openjfx\cache\21-ea+null\amd64\api-ms-win-core-debug-l1-1-0.dll
0x000002aaa6160000 - 0x000002aaa6163000 	C:\Users\kleggy\.openjfx\cache\21-ea+null\amd64\api-ms-win-core-errorhandling-l1-1-0.dll
0x000002aaa6170000 - 0x000002aaa6174000 	C:\Users\kleggy\.openjfx\cache\21-ea+null\amd64\api-ms-win-core-file-l1-1-0.dll
0x000002aaa6180000 - 0x000002aaa6183000 	C:\Users\kleggy\.openjfx\cache\21-ea+null\amd64\api-ms-win-core-file-l1-2-0.dll
0x000002aaa6190000 - 0x000002aaa6193000 	C:\Users\kleggy\.openjfx\cache\21-ea+null\amd64\api-ms-win-core-file-l2-1-0.dll
0x000002aac2b90000 - 0x000002aac2b93000 	C:\Users\kleggy\.openjfx\cache\21-ea+null\amd64\api-ms-win-core-handle-l1-1-0.dll
0x000002aac2ba0000 - 0x000002aac2ba3000 	C:\Users\kleggy\.openjfx\cache\21-ea+null\amd64\api-ms-win-core-heap-l1-1-0.dll
0x000002aac2bb0000 - 0x000002aac2bb3000 	C:\Users\kleggy\.openjfx\cache\21-ea+null\amd64\api-ms-win-core-interlocked-l1-1-0.dll
0x000002aac2bc0000 - 0x000002aac2bc3000 	C:\Users\kleggy\.openjfx\cache\21-ea+null\amd64\api-ms-win-core-libraryloader-l1-1-0.dll
0x000002aac2bd0000 - 0x000002aac2bd3000 	C:\Users\kleggy\.openjfx\cache\21-ea+null\amd64\api-ms-win-core-localization-l1-2-0.dll
0x000002aac2be0000 - 0x000002aac2be3000 	C:\Users\kleggy\.openjfx\cache\21-ea+null\amd64\api-ms-win-core-memory-l1-1-0.dll
0x000002aac2bf0000 - 0x000002aac2bf3000 	C:\Users\kleggy\.openjfx\cache\21-ea+null\amd64\api-ms-win-core-namedpipe-l1-1-0.dll
0x000002aac2c00000 - 0x000002aac2c03000 	C:\Users\kleggy\.openjfx\cache\21-ea+null\amd64\api-ms-win-core-processenvironment-l1-1-0.dll
0x000002aac2c10000 - 0x000002aac2c13000 	C:\Users\kleggy\.openjfx\cache\21-ea+null\amd64\api-ms-win-core-processthreads-l1-1-0.dll
0x000002aac2c20000 - 0x000002aac2c23000 	C:\Users\kleggy\.openjfx\cache\21-ea+null\amd64\api-ms-win-core-processthreads-l1-1-1.dll
0x000002aac2c30000 - 0x000002aac2c33000 	C:\Users\kleggy\.openjfx\cache\21-ea+null\amd64\api-ms-win-core-profile-l1-1-0.dll
0x000002aac2c40000 - 0x000002aac2c43000 	C:\Users\kleggy\.openjfx\cache\21-ea+null\amd64\api-ms-win-core-rtlsupport-l1-1-0.dll
0x000002aac2c50000 - 0x000002aac2c53000 	C:\Users\kleggy\.openjfx\cache\21-ea+null\amd64\api-ms-win-core-string-l1-1-0.dll
0x000002aac2c60000 - 0x000002aac2c63000 	C:\Users\kleggy\.openjfx\cache\21-ea+null\amd64\api-ms-win-core-synch-l1-1-0.dll
0x000002aac2c70000 - 0x000002aac2c73000 	C:\Users\kleggy\.openjfx\cache\21-ea+null\amd64\api-ms-win-core-synch-l1-2-0.dll
0x000002aac2c80000 - 0x000002aac2c83000 	C:\Users\kleggy\.openjfx\cache\21-ea+null\amd64\api-ms-win-core-sysinfo-l1-1-0.dll
0x000002aac2c90000 - 0x000002aac2c93000 	C:\Users\kleggy\.openjfx\cache\21-ea+null\amd64\api-ms-win-core-timezone-l1-1-0.dll
0x000002aac2ca0000 - 0x000002aac2ca3000 	C:\Users\kleggy\.openjfx\cache\21-ea+null\amd64\api-ms-win-core-util-l1-1-0.dll
0x000002aac2cb0000 - 0x000002aac2cb3000 	C:\Users\kleggy\.openjfx\cache\21-ea+null\amd64\api-ms-win-crt-conio-l1-1-0.dll
0x000002aac2cc0000 - 0x000002aac2cc4000 	C:\Users\kleggy\.openjfx\cache\21-ea+null\amd64\api-ms-win-crt-convert-l1-1-0.dll
0x000002aac2cd0000 - 0x000002aac2cd3000 	C:\Users\kleggy\.openjfx\cache\21-ea+null\amd64\api-ms-win-crt-environment-l1-1-0.dll
0x000002aac2ce0000 - 0x000002aac2ce3000 	C:\Users\kleggy\.openjfx\cache\21-ea+null\amd64\api-ms-win-crt-filesystem-l1-1-0.dll
0x000002aac2cf0000 - 0x000002aac2cf3000 	C:\Users\kleggy\.openjfx\cache\21-ea+null\amd64\api-ms-win-crt-heap-l1-1-0.dll
0x000002aac2d00000 - 0x000002aac2d03000 	C:\Users\kleggy\.openjfx\cache\21-ea+null\amd64\api-ms-win-crt-locale-l1-1-0.dll
0x000002aac2d10000 - 0x000002aac2d15000 	C:\Users\kleggy\.openjfx\cache\21-ea+null\amd64\api-ms-win-crt-math-l1-1-0.dll
0x000002aac2d20000 - 0x000002aac2d25000 	C:\Users\kleggy\.openjfx\cache\21-ea+null\amd64\api-ms-win-crt-multibyte-l1-1-0.dll
0x000002aac2d30000 - 0x000002aac2d40000 	C:\Users\kleggy\.openjfx\cache\21-ea+null\amd64\api-ms-win-crt-private-l1-1-0.dll
0x000002aac2d40000 - 0x000002aac2d43000 	C:\Users\kleggy\.openjfx\cache\21-ea+null\amd64\api-ms-win-crt-process-l1-1-0.dll
0x000002aac2d50000 - 0x000002aac2d54000 	C:\Users\kleggy\.openjfx\cache\21-ea+null\amd64\api-ms-win-crt-runtime-l1-1-0.dll
0x000002aac2d60000 - 0x000002aac2d64000 	C:\Users\kleggy\.openjfx\cache\21-ea+null\amd64\api-ms-win-crt-stdio-l1-1-0.dll
0x000002aac2d70000 - 0x000002aac2d74000 	C:\Users\kleggy\.openjfx\cache\21-ea+null\amd64\api-ms-win-crt-string-l1-1-0.dll
0x000002aac2d80000 - 0x000002aac2d83000 	C:\Users\kleggy\.openjfx\cache\21-ea+null\amd64\api-ms-win-crt-time-l1-1-0.dll
0x000002aac2d90000 - 0x000002aac2d93000 	C:\Users\kleggy\.openjfx\cache\21-ea+null\amd64\api-ms-win-crt-utility-l1-1-0.dll
0x00007ffe02fd0000 - 0x00007ffe030cc000 	C:\Users\kleggy\.openjfx\cache\21-ea+null\amd64\ucrtbase.dll
0x00007ffe1ee90000 - 0x00007ffe1eeab000 	C:\Users\kleggy\.openjfx\cache\21-ea+null\amd64\vcruntime140.dll
0x00007ffe1fdf0000 - 0x00007ffe1fdfc000 	C:\Users\kleggy\.openjfx\cache\21-ea+null\amd64\vcruntime140_1.dll
0x00007ffe146b0000 - 0x00007ffe1473e000 	C:\Users\kleggy\.openjfx\cache\21-ea+null\amd64\msvcp140.dll
0x00007ffe304c0000 - 0x00007ffe3065a000 	C:\WINDOWS\System32\ole32.dll
0x00007ffe1f650000 - 0x00007ffe1f659000 	C:\Users\kleggy\.openjfx\cache\21-ea+null\amd64\msvcp140_1.dll
0x00007ffe1e420000 - 0x00007ffe1e44f000 	C:\Users\kleggy\.openjfx\cache\21-ea+null\amd64\msvcp140_2.dll
0x00007ffe18f50000 - 0x00007ffe18f7f000 	C:\Users\kleggy\.openjfx\cache\21-ea+null\amd64\prism_d3d.dll
0x00007ffdda850000 - 0x00007ffdda9f6000 	C:\WINDOWS\system32\d3d9.dll
0x00007ffe2b9d0000 - 0x00007ffe2b9ff000 	C:\WINDOWS\SYSTEM32\dwmapi.dll
0x00007ffe2b750000 - 0x00007ffe2b788000 	C:\WINDOWS\SYSTEM32\dxcore.dll
0x00007ffe2b660000 - 0x00007ffe2b70c000 	C:\WINDOWS\system32\uxtheme.dll
0x00007ffe24ad0000 - 0x00007ffe24cad000 	C:\WINDOWS\System32\DriverStore\FileRepository\u0347924.inf_amd64_04af308e61660124\B347730\aticfx64.dll
0x00007ffe21d50000 - 0x00007ffe21d80000 	C:\WINDOWS\System32\DriverStore\FileRepository\u0347924.inf_amd64_04af308e61660124\B347730\atiu9p64.dll
0x00007ffe01630000 - 0x00007ffe022fb000 	C:\WINDOWS\System32\DriverStore\FileRepository\u0347924.inf_amd64_04af308e61660124\B347730\atiumd64.dll
0x0000000075210000 - 0x0000000075f93000 	C:\WINDOWS\System32\DriverStore\FileRepository\u0347924.inf_amd64_04af308e61660124\B347730\atiumd6a.dll
0x00007ffe28da0000 - 0x00007ffe28de4000 	C:\WINDOWS\SYSTEM32\directxdatabasehelper.dll
0x00007ffe2e9a0000 - 0x00007ffe2e9d4000 	C:\WINDOWS\SYSTEM32\ntmarta.dll
0x00007ffe18500000 - 0x00007ffe18542000 	C:\Users\kleggy\.openjfx\cache\21-ea+null\amd64\glass.dll
0x00007ffe31130000 - 0x00007ffe3121c000 	C:\WINDOWS\System32\COMDLG32.dll
0x00007ffe312e0000 - 0x00007ffe313b6000 	C:\WINDOWS\System32\OLEAUT32.dll
0x00007ffe30b90000 - 0x00007ffe30cad000 	C:\WINDOWS\System32\MSCTF.dll
0x00007ffe1c840000 - 0x00007ffe1c854000 	C:\Users\kleggy\.openjfx\cache\21-ea+null\amd64\javafx_font.dll
0x00007ffe1c880000 - 0x00007ffe1cadf000 	C:\WINDOWS\SYSTEM32\dwrite.dll
0x00007ffe17460000 - 0x00007ffe1748d000 	C:\Users\kleggy\.openjfx\cache\21-ea+null\amd64\javafx_iio.dll
0x00007ffe306d0000 - 0x00007ffe3077f000 	C:\WINDOWS\System32\clbcatq.dll
0x00007ffe26800000 - 0x00007ffe269ae000 	C:\WINDOWS\SYSTEM32\WindowsCodecs.dll
0x00007ffe0e6d0000 - 0x00007ffe0e72d000 	C:\WINDOWS\system32\dataexchange.dll
0x00007ffe25a80000 - 0x00007ffe25ce5000 	C:\WINDOWS\system32\twinapi.appcore.dll
0x00007ffe1c470000 - 0x00007ffe1c4a2000 	C:\Program Files\Common Files\Microsoft Shared\Ink\rtscom.dll
0x00007ffe1b010000 - 0x00007ffe1b13c000 	C:\WINDOWS\SYSTEM32\textinputframework.dll
0x00007ffe2b1a0000 - 0x00007ffe2b2d1000 	C:\WINDOWS\SYSTEM32\CoreMessaging.dll
0x00007ffe27e70000 - 0x00007ffe281dd000 	C:\WINDOWS\SYSTEM32\CoreUIComponents.dll
0x00007ffe2e290000 - 0x00007ffe2e29c000 	C:\WINDOWS\SYSTEM32\CRYPTBASE.DLL

dbghelp: loaded successfully - version: 4.0.5 - missing functions: none
symbol engine: initialized successfully - sym options: 0x614 - pdb path: .;D:\Program Files\Java21\bin;C:\WINDOWS\SYSTEM32;C:\WINDOWS\WinSxS\amd64_microsoft.windows.common-controls_6595b64144ccf1df_6.0.22000.120_none_9d947278b86cc467;D:\Program Files\Java21\bin\server;D:\Program Files\IntelliJ IDEA 2023.2.4\bin;C:\Users\kleggy\.openjfx\cache\21-ea+null\amd64;C:\WINDOWS\System32\DriverStore\FileRepository\u0347924.inf_amd64_04af308e61660124\B347730;C:\Program Files\Common Files\Microsoft Shared\Ink

VM Arguments:
jvm_args: -javaagent:D:\Program Files\IntelliJ IDEA 2023.2.4\lib\idea_rt.jar=53123:D:\Program Files\IntelliJ IDEA 2023.2.4\bin -Dfile.encoding=UTF-8 -Dsun.stdout.encoding=UTF-8 -Dsun.stderr.encoding=UTF-8 --module-path=C:\Users\kleggy\.m2\repository\org\openjfx\javafx-graphics\21-ea+24\javafx-graphics-21-ea+24-win.jar;C:\Users\kleggy\.m2\repository\org\openjfx\javafx-fxml\21-ea+24\javafx-fxml-21-ea+24-win.jar;D:\university\Git\psymk6_comp2013_cw\snakegame\target\classes;C:\Users\kleggy\.m2\repository\org\openjfx\javafx-base\21-ea+24\javafx-base-21-ea+24-win.jar;C:\Users\kleggy\.m2\repository\org\openjfx\javafx-controls\21-ea+24\javafx-controls-21-ea+24-win.jar;C:\Users\kleggy\.m2\repository\com\googlecode\soundlibs\jlayer\1.0.1.4\jlayer-1.0.1.4.jar -Djdk.module.main=com.COMP2013.javafxmultiscenes 
java_command: com.COMP2013.javafxmultiscenes/com.psymk6.Main
java_class_path (initial): C:\Users\kleggy\.m2\repository\org\openjfx\javafx-controls\21-ea+24\javafx-controls-21-ea+24.jar;C:\Users\kleggy\.m2\repository\org\openjfx\javafx-graphics\21-ea+24\javafx-graphics-21-ea+24.jar;C:\Users\kleggy\.m2\repository\org\openjfx\javafx-base\21-ea+24\javafx-base-21-ea+24.jar;C:\Users\kleggy\.m2\repository\org\openjfx\javafx-fxml\21-ea+24\javafx-fxml-21-ea+24.jar;C:\Users\kleggy\.m2\repository\junit\junit\3.8.2\junit-3.8.2.jar;C:\Users\kleggy\.m2\repository\org\controlsfx\controlsfx\11.1.2\controlsfx-11.1.2.jar
Launcher Type: SUN_STANDARD

[Global flags]
     intx CICompilerCount                          = 4                                         {product} {ergonomic}
     uint ConcGCThreads                            = 2                                         {product} {ergonomic}
     uint G1ConcRefinementThreads                  = 8                                         {product} {ergonomic}
   size_t G1HeapRegionSize                         = 1048576                                   {product} {ergonomic}
    uintx GCDrainStackTargetSize                   = 64                                        {product} {ergonomic}
   size_t InitialHeapSize                          = 117440512                                 {product} {ergonomic}
   size_t MarkStackSize                            = 4194304                                   {product} {ergonomic}
   size_t MaxHeapSize                              = 1862270976                                {product} {ergonomic}
   size_t MaxNewSize                               = 1116733440                                {product} {ergonomic}
   size_t MinHeapDeltaBytes                        = 1048576                                   {product} {ergonomic}
   size_t MinHeapSize                              = 8388608                                   {product} {ergonomic}
    uintx NonNMethodCodeHeapSize                   = 5839372                                {pd product} {ergonomic}
    uintx NonProfiledCodeHeapSize                  = 122909434                              {pd product} {ergonomic}
    uintx ProfiledCodeHeapSize                     = 122909434                              {pd product} {ergonomic}
    uintx ReservedCodeCacheSize                    = 251658240                              {pd product} {ergonomic}
     bool SegmentedCodeCache                       = true                                      {product} {ergonomic}
   size_t SoftMaxHeapSize                          = 1862270976                             {manageable} {ergonomic}
     bool UseCompressedOops                        = true                           {product lp64_product} {ergonomic}
     bool UseG1GC                                  = true                                      {product} {ergonomic}
     bool UseLargePagesIndividualAllocation        = false                                  {pd product} {ergonomic}

Logging:
Log output configuration:
 #0: stdout all=warning uptime,level,tags foldmultilines=false
 #1: stderr all=off uptime,level,tags foldmultilines=false

Environment Variables:
PATH=C:\WINDOWS\system32;C:\WINDOWS;C:\WINDOWS\System32\Wbem;C:\WINDOWS\System32\WindowsPowerShell\v1.0\;C:\WINDOWS\System32\OpenSSH\;C:\Users\natal\AppData\Local\Programs\Python\Python310;C:\Users\natal\AppData\Local\Programs\Python\Python310\Scripts;D:\Program Files\Git\cmd;D:\Program Files\pUTTY\;C:\Users\kleggy\.elan\bin;C:\Users\kleggy\AppData\Local\Programs\Python\Python310\Scripts\;C:\Users\kleggy\AppData\Local\Programs\Python\Python310\;C:\Users\kleggy\AppData\Local\Programs\Python\Launcher\;C:\Users\kleggy\AppData\Local\Microsoft\WindowsApps;C:\Users\kleggy\AppData\Local\Programs\Microsoft VS Code\bin;C:\msys64\mingw64\bin;C:\ghcup\bin;C:\Users\kleggy\AppData\Local\spicetify;C:\Users\kleggy\AppData\Local\GitHubDesktop\bin;D:\Program Files\CLion 2023.2.2\bin;;D:\Program Files\IntelliJ IDEA 2023.2.4\bin;
USERNAME=kleggy
OS=Windows_NT
PROCESSOR_IDENTIFIER=AMD64 Family 23 Model 24 Stepping 1, AuthenticAMD
TMP=C:\Users\kleggy\AppData\Local\Temp
TEMP=C:\Users\kleggy\AppData\Local\Temp




---------------  S Y S T E M  ---------------

OS:
 Windows 11 , 64 bit Build 22000 (10.0.22000.2538)
OS uptime: 4 days 3:37 hours

CPU: total 8 (initial active 8) (8 cores per cpu, 2 threads per core) family 23 model 24 stepping 1 microcode 0x0, cx8, cmov, fxsr, ht, mmx, 3dnowpref, sse, sse2, sse3, ssse3, sse4a, sse4.1, sse4.2, popcnt, lzcnt, tsc, tscinvbit, avx, avx2, aes, clmul, bmi1, bmi2, adx, sha, fma, vzeroupper, clflush, clflushopt, rdtscp, f16c
Processor Information for all 8 processors :
  Max Mhz: 2100, Current Mhz: 2100, Mhz Limit: 2100

Memory: 4k page, system-wide physical 7103M (304M free)
TotalPageFile size 17343M (AvailPageFile size 10M)
current process WorkingSet (physical memory assigned to process): 255M, peak: 255M
current process commit charge ("private bytes"): 438M, peak: 473M

vm_info: OpenJDK 64-Bit Server VM (21+35-2513) for windows-amd64 JRE (21+35-2513), built on 2023-08-09T20:25:10Z by "mach5one" with MS VC++ 17.1 (VS2022)

END.
