#
# There is insufficient memory for the Java Runtime Environment to continue.
# Native memory allocation (mmap) failed to map 1048576 bytes for G1 virtual space
# Possible reasons:
#   The system is out of physical RAM or swap space
#   The process is running with CompressedOops enabled, and the Java Heap may be blocking the growth of the native heap
# Possible solutions:
#   Reduce memory load on the system
#   Increase physical memory or swap space
#   Check if swap backing store is full
#   Decrease Java heap size (-Xmx/-Xms)
#   Decrease number of Java threads
#   Decrease Java thread stack sizes (-Xss)
#   Set larger code cache with -XX:ReservedCodeCacheSize=
#   JVM is running with Unscaled Compressed Oops mode in which the Java heap is
#     placed in the first 4GB address space. The Java Heap base address is the
#     maximum limit for the native heap growth. Please use -XX:HeapBaseMinAddress
#     to set the Java Heap base and to place the Java Heap above 4GB virtual address.
# This output file may be truncated or incomplete.
#
#  Out of Memory Error (os_windows.cpp:3600), pid=29656, tid=30972
#
# JRE version: OpenJDK Runtime Environment (21.0+35) (build 21+35-2513)
# Java VM: OpenJDK 64-Bit Server VM (21+35-2513, mixed mode, sharing, tiered, compressed oops, compressed class ptrs, g1 gc, windows-amd64)
# No core dump will be written. Minidumps are not enabled by default on client versions of Windows
#

---------------  S U M M A R Y ------------

Command Line: -javaagent:D:\Program Files\IntelliJ IDEA 2023.2.4\lib\idea_rt.jar=53174:D:\Program Files\IntelliJ IDEA 2023.2.4\bin -Dfile.encoding=UTF-8 -Dsun.stdout.encoding=UTF-8 -Dsun.stderr.encoding=UTF-8 --module-path=C:\Users\kleggy\.m2\repository\org\openjfx\javafx-graphics\21-ea+24\javafx-graphics-21-ea+24-win.jar;C:\Users\kleggy\.m2\repository\org\openjfx\javafx-fxml\21-ea+24\javafx-fxml-21-ea+24-win.jar;D:\university\Git\psymk6_comp2013_cw\snakegame\target\classes;C:\Users\kleggy\.m2\repository\org\openjfx\javafx-base\21-ea+24\javafx-base-21-ea+24-win.jar;C:\Users\kleggy\.m2\repository\org\openjfx\javafx-controls\21-ea+24\javafx-controls-21-ea+24-win.jar;C:\Users\kleggy\.m2\repository\com\googlecode\soundlibs\jlayer\1.0.1.4\jlayer-1.0.1.4.jar -Djdk.module.main=com.COMP2013.javafxmultiscenes com.COMP2013.javafxmultiscenes/com.psymk6.Main

Host: AMD Ryzen 5 3500U with Radeon Vega Mobile Gfx  , 8 cores, 6G,  Windows 11 , 64 bit Build 22000 (10.0.22000.2538)
Time: Tue Dec  5 17:47:41 2023 GMT Standard Time elapsed time: 259.706238 seconds (0d 0h 4m 19s)

---------------  T H R E A D  ---------------

Current thread (0x000001f06131bdb0):  JavaThread "QuantumRenderer-0" daemon [_thread_in_vm, id=30972, stack(0x000000cdd8100000,0x000000cdd8200000) (1024K)]

Stack: [0x000000cdd8100000,0x000000cdd8200000]
Native frames: (J=compiled Java code, j=interpreted, Vv=VM code, C=native code)
V  [jvm.dll+0x6c8d39]
V  [jvm.dll+0x854091]
V  [jvm.dll+0x85630e]
V  [jvm.dll+0x8569e3]
V  [jvm.dll+0x2809a6]
V  [jvm.dll+0x6c5425]
V  [jvm.dll+0x6b9e1a]
V  [jvm.dll+0x3555ba]
V  [jvm.dll+0x35d206]
V  [jvm.dll+0x3adc6b]
V  [jvm.dll+0x3ae304]
V  [jvm.dll+0x3ade76]
V  [jvm.dll+0x3293fe]
V  [jvm.dll+0x32762f]
V  [jvm.dll+0x65b0d0]
V  [jvm.dll+0x240902]
V  [jvm.dll+0x819207]
V  [jvm.dll+0x3d588a]
C  0x000001f0545ea8f4

The last pc belongs to newarray (printed below).
Java frames: (J=compiled Java code, j=interpreted, Vv=VM code)
j  java.nio.HeapIntBuffer.<init>(IILjava/lang/foreign/MemorySegment;)V+6 java.base@21
j  java.nio.IntBuffer.allocate(I)Ljava/nio/IntBuffer;+16 java.base@21
j  com.sun.javafx.tk.quantum.QuantumToolkit$5.renderWholeImage(IIIILcom/sun/prism/ResourceFactory;Lcom/sun/javafx/tk/quantum/QuantumToolkit$QuantumImage;)V+72 javafx.graphics@21-ea
j  com.sun.javafx.tk.quantum.QuantumToolkit$5.run()V+434 javafx.graphics@21-ea
j  java.util.concurrent.Executors$RunnableAdapter.call()Ljava/lang/Object;+4 java.base@21
j  java.util.concurrent.FutureTask.runAndReset()Z+44 java.base@21
j  com.sun.javafx.tk.RenderJob.run()V+1 javafx.graphics@21-ea
j  java.util.concurrent.ThreadPoolExecutor.runWorker(Ljava/util/concurrent/ThreadPoolExecutor$Worker;)V+92 java.base@21
j  java.util.concurrent.ThreadPoolExecutor$Worker.run()V+5 java.base@21
j  com.sun.javafx.tk.quantum.QuantumRenderer$PipelineRunnable.run()V+8 javafx.graphics@21-ea
j  java.lang.Thread.runWith(Ljava/lang/Object;Ljava/lang/Runnable;)V+5 java.base@21
j  java.lang.Thread.run()V+19 java.base@21
v  ~StubRoutines::call_stub 0x000001f0545d100d
newarray  188 newarray  [0x000001f0545ea8a0, 0x000001f0545ea978]  216 bytes
[MachCode]
  0x000001f0545ea8a0: 8b04 2448 | 83c4 0841 | 0fb6 5501 | e805 0000 | 00e9 ab00 | 0000 4c8b | c048 8d44 | 2408 4c89 
  0x000001f0545ea8c0: 6dc0 498b | cfc5 f877 | 4989 afa8 | 0300 0049 | 8987 9803 | 0000 4883 | ec20 40f6 | c40f 0f84 
  0x000001f0545ea8e0: 1900 0000 | 4883 ec08 | 48b8 6058 | 0dd7 fd7f | 0000 ffd0 | 4883 c408 | e90c 0000 | 0048 b860 
  0x000001f0545ea900: 580d d7fd | 7f00 00ff | d048 83c4 | 2049 c787 | 9803 0000 | 0000 0000 | 49c7 87a8 | 0300 0000 
  0x000001f0545ea920: 0000 0049 | c787 a003 | 0000 0000 | 0000 c5f8 | 7749 837f | 0800 0f84 | 0500 0000 | e9bf 65fe 
  0x000001f0545ea940: ff49 8b87 | f003 0000 | 49c7 87f0 | 0300 0000 | 0000 004c | 8b6d c04c | 8b75 c84e | 8d74 f500 
  0x000001f0545ea960: c341 0fb6 | 5d02 4983 | c502 49ba | c0be 94d7 | fd7f 0000 | 41ff 24da 
[/MachCode]

---------------  P R O C E S S  ---------------

Threads class SMR info:
_java_thread_list=0x000001f066ca0a60, length=20, elements={
0x000001f0429f2a60, 0x000001f061091040, 0x000001f061091aa0, 0x000001f061096790,
0x000001f0610971f0, 0x000001f061099c60, 0x000001f0610a4cf0, 0x000001f0610cafa0,
0x000001f0610d0e70, 0x000001f06131d7f0, 0x000001f06131eba0, 0x000001f06131d160,
0x000001f06131bdb0, 0x000001f06131de80, 0x000001f06131f230, 0x000001f06131c440,
0x000001f06131cad0, 0x000001f0667ae270, 0x000001f0667a8d20, 0x000001f0667acec0
}

Java Threads: ( => current thread )
  0x000001f0429f2a60 JavaThread "main"                              [_thread_blocked, id=22784, stack(0x000000cdd7000000,0x000000cdd7100000) (1024K)]
  0x000001f061091040 JavaThread "Reference Handler"          daemon [_thread_blocked, id=20668, stack(0x000000cdd7800000,0x000000cdd7900000) (1024K)]
  0x000001f061091aa0 JavaThread "Finalizer"                  daemon [_thread_blocked, id=13852, stack(0x000000cdd7900000,0x000000cdd7a00000) (1024K)]
  0x000001f061096790 JavaThread "Signal Dispatcher"          daemon [_thread_blocked, id=29988, stack(0x000000cdd7a00000,0x000000cdd7b00000) (1024K)]
  0x000001f0610971f0 JavaThread "Attach Listener"            daemon [_thread_blocked, id=18856, stack(0x000000cdd7b00000,0x000000cdd7c00000) (1024K)]
  0x000001f061099c60 JavaThread "Service Thread"             daemon [_thread_blocked, id=25784, stack(0x000000cdd7c00000,0x000000cdd7d00000) (1024K)]
  0x000001f0610a4cf0 JavaThread "Monitor Deflation Thread"   daemon [_thread_blocked, id=9320, stack(0x000000cdd7d00000,0x000000cdd7e00000) (1024K)]
  0x000001f0610cafa0 JavaThread "C2 CompilerThread0"         daemon [_thread_blocked, id=31396, stack(0x000000cdd7e00000,0x000000cdd7f00000) (1024K)]
  0x000001f0610d0e70 JavaThread "C1 CompilerThread0"         daemon [_thread_blocked, id=38240, stack(0x000000cdd7f00000,0x000000cdd8000000) (1024K)]
  0x000001f06131d7f0 JavaThread "Common-Cleaner"             daemon [_thread_blocked, id=24300, stack(0x000000cdd8000000,0x000000cdd8100000) (1024K)]
  0x000001f06131eba0 JavaThread "Monitor Ctrl-Break"         daemon [_thread_in_native, id=30984, stack(0x000000cdd8300000,0x000000cdd8400000) (1024K)]
  0x000001f06131d160 JavaThread "Notification Thread"        daemon [_thread_blocked, id=17624, stack(0x000000cdd8400000,0x000000cdd8500000) (1024K)]
=>0x000001f06131bdb0 JavaThread "QuantumRenderer-0"          daemon [_thread_in_vm, id=30972, stack(0x000000cdd8100000,0x000000cdd8200000) (1024K)]
  0x000001f06131de80 JavaThread "InvokeLaterDispatcher"      daemon [_thread_blocked, id=8272, stack(0x000000cdd8600000,0x000000cdd8700000) (1024K)]
  0x000001f06131f230 JavaThread "JavaFX Application Thread"         [_thread_blocked, id=17128, stack(0x000000cdd8700000,0x000000cdd8800000) (1024K)]
  0x000001f06131c440 JavaThread "Thread-1"                   daemon [_thread_in_native, id=5152, stack(0x000000cdd8e00000,0x000000cdd8f00000) (1024K)]
  0x000001f06131cad0 JavaThread "JavaFX-Launcher"                   [_thread_blocked, id=33388, stack(0x000000cdd8f00000,0x000000cdd9000000) (1024K)]
  0x000001f0667ae270 JavaThread "Prism Font Disposer"        daemon [_thread_blocked, id=35260, stack(0x000000cdd9700000,0x000000cdd9800000) (1024K)]
  0x000001f0667a8d20 JavaThread "Cleaner-0"                  daemon [_thread_blocked, id=34064, stack(0x000000cdd9b00000,0x000000cdd9c00000) (1024K)]
  0x000001f0667acec0 JavaThread "Java Sound Event Dispatcher" daemon [_thread_blocked, id=23956, stack(0x000000cdda200000,0x000000cdda300000) (1024K)]
Total: 20

Other Threads:
  0x000001f061073b60 VMThread "VM Thread"                           [id=37900, stack(0x000000cdd7700000,0x000000cdd7800000) (1024K)]
  0x000001f06105d550 WatcherThread "VM Periodic Task Thread"        [id=32660, stack(0x000000cdd7600000,0x000000cdd7700000) (1024K)]
  0x000001f044c994d0 WorkerThread "GC Thread#0"                     [id=33192, stack(0x000000cdd7100000,0x000000cdd7200000) (1024K)]
  0x000001f06656c5d0 WorkerThread "GC Thread#1"                     [id=17704, stack(0x000000cdd9000000,0x000000cdd9100000) (1024K)]
  0x000001f06656c970 WorkerThread "GC Thread#2"                     [id=24680, stack(0x000000cdd9100000,0x000000cdd9200000) (1024K)]
  0x000001f06656cd10 WorkerThread "GC Thread#3"                     [id=7580, stack(0x000000cdd9200000,0x000000cdd9300000) (1024K)]
  0x000001f06656d0b0 WorkerThread "GC Thread#4"                     [id=16896, stack(0x000000cdd9300000,0x000000cdd9400000) (1024K)]
  0x000001f06657afa0 WorkerThread "GC Thread#5"                     [id=7720, stack(0x000000cdd9400000,0x000000cdd9500000) (1024K)]
  0x000001f0667279c0 WorkerThread "GC Thread#6"                     [id=13648, stack(0x000000cdd9800000,0x000000cdd9900000) (1024K)]
  0x000001f0667284a0 WorkerThread "GC Thread#7"                     [id=11464, stack(0x000000cdd9900000,0x000000cdd9a00000) (1024K)]
  0x000001f044ca8370 ConcurrentGCThread "G1 Main Marker"            [id=6436, stack(0x000000cdd7200000,0x000000cdd7300000) (1024K)]
  0x000001f044ca8d80 WorkerThread "G1 Conc#0"                       [id=7996, stack(0x000000cdd7300000,0x000000cdd7400000) (1024K)]
  0x000001f066729320 WorkerThread "G1 Conc#1"                       [id=15368, stack(0x000000cdd9a00000,0x000000cdd9b00000) (1024K)]
  0x000001f060f320c0 ConcurrentGCThread "G1 Refine#0"               [id=19896, stack(0x000000cdd7400000,0x000000cdd7500000) (1024K)]
  0x000001f060f329e0 ConcurrentGCThread "G1 Service"                [id=14924, stack(0x000000cdd7500000,0x000000cdd7600000) (1024K)]
Total: 15

Threads with active compile tasks:
Total: 0

VM state: not at safepoint (normal execution)

VM Mutex/Monitor currently owned by a thread:  ([mutex/lock_event])
[0x00007ffdd7938648] Heap_lock - owner thread: 0x000001f06131bdb0

Heap address: 0x0000000091000000, size: 1776 MB, Compressed Oops mode: 32-bit

CDS archive(s) mapped at: [0x000001f000000000-0x000001f000c90000-0x000001f000c90000), size 13172736, SharedBaseAddress: 0x000001f000000000, ArchiveRelocationMode: 1.
Compressed class space mapped at: 0x000001f001000000-0x000001f041000000, reserved size: 1073741824
Narrow klass base: 0x000001f000000000, Narrow klass shift: 0, Narrow klass range: 0x100000000

GC Precious Log:
 CardTable entry size: 512
 Card Set container configuration: InlinePtr #cards 5 size 8 Array Of Cards #cards 12 size 40 Howl #buckets 4 coarsen threshold 1843 Howl Bitmap #cards 512 size 80 coarsen threshold 460 Card regions per heap region 1 cards per card region 2048
 CPUs: 8 total, 8 available
 Memory: 7103M
 Large Page Support: Disabled
 NUMA Support: Disabled
 Compressed Oops: Enabled (32-bit)
 Heap Region Size: 1M
 Heap Min Capacity: 8M
 Heap Initial Capacity: 112M
 Heap Max Capacity: 1776M
 Pre-touch: Disabled
 Parallel Workers: 8
 Concurrent Workers: 2
 Concurrent Refinement Workers: 8
 Periodic GC: Disabled

Heap:
 garbage-first heap   total 218112K, used 177235K [0x0000000091000000, 0x0000000100000000)
  region size 1024K, 17 young (17408K), 3 survivors (3072K)
 Metaspace       used 19827K, committed 20160K, reserved 1114112K
  class space    used 2859K, committed 3008K, reserved 1048576K

Heap Regions: E=young(eden), S=young(survivor), O=old, HS=humongous(starts), HC=humongous(continues), CS=collection set, F=free, TAMS=top-at-mark-start, PB=parsable bottom
|   0|0x0000000091000000, 0x0000000091100000, 0x0000000091100000|100%| O|  |TAMS 0x0000000091000000| PB 0x0000000091000000| Untracked 
|   1|0x0000000091100000, 0x0000000091200000, 0x0000000091200000|100%| O|  |TAMS 0x0000000091100000| PB 0x0000000091100000| Untracked 
|   2|0x0000000091200000, 0x0000000091300000, 0x0000000091300000|100%|HS|  |TAMS 0x0000000091200000| PB 0x0000000091200000| Complete 
|   3|0x0000000091300000, 0x0000000091400000, 0x0000000091400000|100%|HC|  |TAMS 0x0000000091300000| PB 0x0000000091300000| Complete 
|   4|0x0000000091400000, 0x0000000091500000, 0x0000000091500000|100%|HC|  |TAMS 0x0000000091400000| PB 0x0000000091400000| Complete 
|   5|0x0000000091500000, 0x0000000091600000, 0x0000000091600000|100%|HC|  |TAMS 0x0000000091500000| PB 0x0000000091500000| Complete 
|   6|0x0000000091600000, 0x0000000091700000, 0x0000000091700000|100%|HC|  |TAMS 0x0000000091600000| PB 0x0000000091600000| Complete 
|   7|0x0000000091700000, 0x0000000091800000, 0x0000000091800000|100%|HC|  |TAMS 0x0000000091700000| PB 0x0000000091700000| Complete 
|   8|0x0000000091800000, 0x0000000091900000, 0x0000000091900000|100%|HC|  |TAMS 0x0000000091800000| PB 0x0000000091800000| Complete 
|   9|0x0000000091900000, 0x0000000091a00000, 0x0000000091a00000|100%|HC|  |TAMS 0x0000000091900000| PB 0x0000000091900000| Complete 
|  10|0x0000000091a00000, 0x0000000091b00000, 0x0000000091b00000|100%|HC|  |TAMS 0x0000000091a00000| PB 0x0000000091a00000| Complete 
|  11|0x0000000091b00000, 0x0000000091c00000, 0x0000000091c00000|100%|HC|  |TAMS 0x0000000091b00000| PB 0x0000000091b00000| Complete 
|  12|0x0000000091c00000, 0x0000000091d00000, 0x0000000091d00000|100%|HC|  |TAMS 0x0000000091c00000| PB 0x0000000091c00000| Complete 
|  13|0x0000000091d00000, 0x0000000091e00000, 0x0000000091e00000|100%|HC|  |TAMS 0x0000000091d00000| PB 0x0000000091d00000| Complete 
|  14|0x0000000091e00000, 0x0000000091f00000, 0x0000000091f00000|100%|HC|  |TAMS 0x0000000091e00000| PB 0x0000000091e00000| Complete 
|  15|0x0000000091f00000, 0x0000000092000000, 0x0000000092000000|100%|HC|  |TAMS 0x0000000091f00000| PB 0x0000000091f00000| Complete 
|  16|0x0000000092000000, 0x0000000092100000, 0x0000000092100000|100%|HC|  |TAMS 0x0000000092000000| PB 0x0000000092000000| Complete 
|  17|0x0000000092100000, 0x0000000092200000, 0x0000000092200000|100%|HC|  |TAMS 0x0000000092100000| PB 0x0000000092100000| Complete 
|  18|0x0000000092200000, 0x0000000092300000, 0x0000000092300000|100%|HC|  |TAMS 0x0000000092200000| PB 0x0000000092200000| Complete 
|  19|0x0000000092300000, 0x0000000092400000, 0x0000000092400000|100%|HC|  |TAMS 0x0000000092300000| PB 0x0000000092300000| Complete 
|  20|0x0000000092400000, 0x0000000092500000, 0x0000000092500000|100%|HC|  |TAMS 0x0000000092400000| PB 0x0000000092400000| Complete 
|  21|0x0000000092500000, 0x0000000092600000, 0x0000000092600000|100%|HC|  |TAMS 0x0000000092500000| PB 0x0000000092500000| Complete 
|  22|0x0000000092600000, 0x0000000092700000, 0x0000000092700000|100%|HC|  |TAMS 0x0000000092600000| PB 0x0000000092600000| Complete 
|  23|0x0000000092700000, 0x0000000092800000, 0x0000000092800000|100%|HC|  |TAMS 0x0000000092700000| PB 0x0000000092700000| Complete 
|  24|0x0000000092800000, 0x0000000092900000, 0x0000000092900000|100%|HC|  |TAMS 0x0000000092800000| PB 0x0000000092800000| Complete 
|  25|0x0000000092900000, 0x0000000092a00000, 0x0000000092a00000|100%|HC|  |TAMS 0x0000000092900000| PB 0x0000000092900000| Complete 
|  26|0x0000000092a00000, 0x0000000092b00000, 0x0000000092b00000|100%|HS|  |TAMS 0x0000000092a00000| PB 0x0000000092a00000| Complete 
|  27|0x0000000092b00000, 0x0000000092c00000, 0x0000000092c00000|100%|HC|  |TAMS 0x0000000092b00000| PB 0x0000000092b00000| Complete 
|  28|0x0000000092c00000, 0x0000000092d00000, 0x0000000092d00000|100%|HC|  |TAMS 0x0000000092c00000| PB 0x0000000092c00000| Complete 
|  29|0x0000000092d00000, 0x0000000092e00000, 0x0000000092e00000|100%|HC|  |TAMS 0x0000000092d00000| PB 0x0000000092d00000| Complete 
|  30|0x0000000092e00000, 0x0000000092f00000, 0x0000000092f00000|100%|HC|  |TAMS 0x0000000092e00000| PB 0x0000000092e00000| Complete 
|  31|0x0000000092f00000, 0x0000000093000000, 0x0000000093000000|100%|HC|  |TAMS 0x0000000092f00000| PB 0x0000000092f00000| Complete 
|  32|0x0000000093000000, 0x0000000093100000, 0x0000000093100000|100%|HC|  |TAMS 0x0000000093000000| PB 0x0000000093000000| Complete 
|  33|0x0000000093100000, 0x0000000093200000, 0x0000000093200000|100%|HS|  |TAMS 0x0000000093100000| PB 0x0000000093100000| Complete 
|  34|0x0000000093200000, 0x0000000093300000, 0x0000000093300000|100%|HC|  |TAMS 0x0000000093200000| PB 0x0000000093200000| Complete 
|  35|0x0000000093300000, 0x0000000093400000, 0x0000000093400000|100%|HC|  |TAMS 0x0000000093300000| PB 0x0000000093300000| Complete 
|  36|0x0000000093400000, 0x0000000093500000, 0x0000000093500000|100%|HS|  |TAMS 0x0000000093400000| PB 0x0000000093400000| Complete 
|  37|0x0000000093500000, 0x0000000093600000, 0x0000000093600000|100%|HC|  |TAMS 0x0000000093500000| PB 0x0000000093500000| Complete 
|  38|0x0000000093600000, 0x0000000093700000, 0x0000000093700000|100%| O|Cm|TAMS 0x0000000093600000| PB 0x0000000093600000| Complete 
|  39|0x0000000093700000, 0x0000000093800000, 0x0000000093800000|100%| O|  |TAMS 0x0000000093700000| PB 0x0000000093700000| Untracked 
|  40|0x0000000093800000, 0x0000000093900000, 0x0000000093900000|100%|HS|  |TAMS 0x0000000093800000| PB 0x0000000093800000| Complete 
|  41|0x0000000093900000, 0x0000000093a00000, 0x0000000093a00000|100%|HC|  |TAMS 0x0000000093900000| PB 0x0000000093900000| Complete 
|  42|0x0000000093a00000, 0x0000000093b00000, 0x0000000093b00000|100%|HC|  |TAMS 0x0000000093a00000| PB 0x0000000093a00000| Complete 
|  43|0x0000000093b00000, 0x0000000093c00000, 0x0000000093c00000|100%|HC|  |TAMS 0x0000000093b00000| PB 0x0000000093b00000| Complete 
|  44|0x0000000093c00000, 0x0000000093d00000, 0x0000000093d00000|100%|HC|  |TAMS 0x0000000093c00000| PB 0x0000000093c00000| Complete 
|  45|0x0000000093d00000, 0x0000000093e00000, 0x0000000093e00000|100%|HC|  |TAMS 0x0000000093d00000| PB 0x0000000093d00000| Complete 
|  46|0x0000000093e00000, 0x0000000093f00000, 0x0000000093f00000|100%|HC|  |TAMS 0x0000000093e00000| PB 0x0000000093e00000| Complete 
|  47|0x0000000093f00000, 0x0000000094000000, 0x0000000094000000|100%|HC|  |TAMS 0x0000000093f00000| PB 0x0000000093f00000| Complete 
|  48|0x0000000094000000, 0x0000000094100000, 0x0000000094100000|100%|HC|  |TAMS 0x0000000094000000| PB 0x0000000094000000| Complete 
|  49|0x0000000094100000, 0x0000000094200000, 0x0000000094200000|100%|HC|  |TAMS 0x0000000094100000| PB 0x0000000094100000| Complete 
|  50|0x0000000094200000, 0x0000000094300000, 0x0000000094300000|100%|HC|  |TAMS 0x0000000094200000| PB 0x0000000094200000| Complete 
|  51|0x0000000094300000, 0x0000000094400000, 0x0000000094400000|100%|HC|  |TAMS 0x0000000094300000| PB 0x0000000094300000| Complete 
|  52|0x0000000094400000, 0x0000000094500000, 0x0000000094500000|100%|HC|  |TAMS 0x0000000094400000| PB 0x0000000094400000| Complete 
|  53|0x0000000094500000, 0x0000000094600000, 0x0000000094600000|100%|HC|  |TAMS 0x0000000094500000| PB 0x0000000094500000| Complete 
|  54|0x0000000094600000, 0x0000000094700000, 0x0000000094700000|100%|HC|  |TAMS 0x0000000094600000| PB 0x0000000094600000| Complete 
|  55|0x0000000094700000, 0x0000000094800000, 0x0000000094800000|100%|HC|  |TAMS 0x0000000094700000| PB 0x0000000094700000| Complete 
|  56|0x0000000094800000, 0x0000000094900000, 0x0000000094900000|100%|HC|  |TAMS 0x0000000094800000| PB 0x0000000094800000| Complete 
|  57|0x0000000094900000, 0x0000000094a00000, 0x0000000094a00000|100%|HC|  |TAMS 0x0000000094900000| PB 0x0000000094900000| Complete 
|  58|0x0000000094a00000, 0x0000000094b00000, 0x0000000094b00000|100%|HC|  |TAMS 0x0000000094a00000| PB 0x0000000094a00000| Complete 
|  59|0x0000000094b00000, 0x0000000094c00000, 0x0000000094c00000|100%|HC|  |TAMS 0x0000000094b00000| PB 0x0000000094b00000| Complete 
|  60|0x0000000094c00000, 0x0000000094d00000, 0x0000000094d00000|100%|HC|  |TAMS 0x0000000094c00000| PB 0x0000000094c00000| Complete 
|  61|0x0000000094d00000, 0x0000000094e00000, 0x0000000094e00000|100%|HC|  |TAMS 0x0000000094d00000| PB 0x0000000094d00000| Complete 
|  62|0x0000000094e00000, 0x0000000094f00000, 0x0000000094f00000|100%|HC|  |TAMS 0x0000000094e00000| PB 0x0000000094e00000| Complete 
|  63|0x0000000094f00000, 0x0000000095000000, 0x0000000095000000|100%|HC|  |TAMS 0x0000000094f00000| PB 0x0000000094f00000| Complete 
|  64|0x0000000095000000, 0x0000000095100000, 0x0000000095100000|100%|HC|  |TAMS 0x0000000095000000| PB 0x0000000095000000| Complete 
|  65|0x0000000095100000, 0x0000000095200000, 0x0000000095200000|100%|HC|  |TAMS 0x0000000095100000| PB 0x0000000095100000| Complete 
|  66|0x0000000095200000, 0x0000000095300000, 0x0000000095300000|100%|HC|  |TAMS 0x0000000095200000| PB 0x0000000095200000| Complete 
|  67|0x0000000095300000, 0x0000000095400000, 0x0000000095400000|100%|HC|  |TAMS 0x0000000095300000| PB 0x0000000095300000| Complete 
|  68|0x0000000095400000, 0x0000000095500000, 0x0000000095500000|100%|HC|  |TAMS 0x0000000095400000| PB 0x0000000095400000| Complete 
|  69|0x0000000095500000, 0x0000000095600000, 0x0000000095600000|100%|HC|  |TAMS 0x0000000095500000| PB 0x0000000095500000| Complete 
|  70|0x0000000095600000, 0x0000000095700000, 0x0000000095700000|100%|HC|  |TAMS 0x0000000095600000| PB 0x0000000095600000| Complete 
|  71|0x0000000095700000, 0x0000000095800000, 0x0000000095800000|100%|HC|  |TAMS 0x0000000095700000| PB 0x0000000095700000| Complete 
|  72|0x0000000095800000, 0x0000000095900000, 0x0000000095900000|100%| O|  |TAMS 0x0000000095800000| PB 0x0000000095800000| Untracked 
|  73|0x0000000095900000, 0x0000000095a00000, 0x0000000095a00000|100%| O|  |TAMS 0x0000000095900000| PB 0x0000000095900000| Untracked 
|  74|0x0000000095a00000, 0x0000000095af2ee0, 0x0000000095b00000| 94%| O|  |TAMS 0x0000000095a00000| PB 0x0000000095a00000| Untracked 
|  75|0x0000000095b00000, 0x0000000095c00000, 0x0000000095c00000|100%|HS|  |TAMS 0x0000000095b00000| PB 0x0000000095b00000| Complete 
|  76|0x0000000095c00000, 0x0000000095d00000, 0x0000000095d00000|100%|HC|  |TAMS 0x0000000095c00000| PB 0x0000000095c00000| Complete 
|  77|0x0000000095d00000, 0x0000000095e00000, 0x0000000095e00000|100%|HC|  |TAMS 0x0000000095d00000| PB 0x0000000095d00000| Complete 
|  78|0x0000000095e00000, 0x0000000095f00000, 0x0000000095f00000|100%|HC|  |TAMS 0x0000000095e00000| PB 0x0000000095e00000| Complete 
|  79|0x0000000095f00000, 0x0000000096000000, 0x0000000096000000|100%|HC|  |TAMS 0x0000000095f00000| PB 0x0000000095f00000| Complete 
|  80|0x0000000096000000, 0x0000000096100000, 0x0000000096100000|100%|HC|  |TAMS 0x0000000096000000| PB 0x0000000096000000| Complete 
|  81|0x0000000096100000, 0x0000000096200000, 0x0000000096200000|100%|HC|  |TAMS 0x0000000096100000| PB 0x0000000096100000| Complete 
|  82|0x0000000096200000, 0x0000000096300000, 0x0000000096300000|100%|HC|  |TAMS 0x0000000096200000| PB 0x0000000096200000| Complete 
|  83|0x0000000096300000, 0x0000000096400000, 0x0000000096400000|100%|HC|  |TAMS 0x0000000096300000| PB 0x0000000096300000| Complete 
|  84|0x0000000096400000, 0x0000000096500000, 0x0000000096500000|100%|HC|  |TAMS 0x0000000096400000| PB 0x0000000096400000| Complete 
|  85|0x0000000096500000, 0x0000000096600000, 0x0000000096600000|100%|HC|  |TAMS 0x0000000096500000| PB 0x0000000096500000| Complete 
|  86|0x0000000096600000, 0x0000000096700000, 0x0000000096700000|100%|HC|  |TAMS 0x0000000096600000| PB 0x0000000096600000| Complete 
|  87|0x0000000096700000, 0x0000000096800000, 0x0000000096800000|100%|HC|  |TAMS 0x0000000096700000| PB 0x0000000096700000| Complete 
|  88|0x0000000096800000, 0x0000000096900000, 0x0000000096900000|100%|HC|  |TAMS 0x0000000096800000| PB 0x0000000096800000| Complete 
|  89|0x0000000096900000, 0x0000000096a00000, 0x0000000096a00000|100%|HC|  |TAMS 0x0000000096900000| PB 0x0000000096900000| Complete 
|  90|0x0000000096a00000, 0x0000000096b00000, 0x0000000096b00000|100%|HC|  |TAMS 0x0000000096a00000| PB 0x0000000096a00000| Complete 
|  91|0x0000000096b00000, 0x0000000096c00000, 0x0000000096c00000|100%|HC|  |TAMS 0x0000000096b00000| PB 0x0000000096b00000| Complete 
|  92|0x0000000096c00000, 0x0000000096d00000, 0x0000000096d00000|100%|HC|  |TAMS 0x0000000096c00000| PB 0x0000000096c00000| Complete 
|  93|0x0000000096d00000, 0x0000000096e00000, 0x0000000096e00000|100%|HC|  |TAMS 0x0000000096d00000| PB 0x0000000096d00000| Complete 
|  94|0x0000000096e00000, 0x0000000096f00000, 0x0000000096f00000|100%|HC|  |TAMS 0x0000000096e00000| PB 0x0000000096e00000| Complete 
|  95|0x0000000096f00000, 0x0000000097000000, 0x0000000097000000|100%|HC|  |TAMS 0x0000000096f00000| PB 0x0000000096f00000| Complete 
|  96|0x0000000097000000, 0x0000000097100000, 0x0000000097100000|100%|HC|  |TAMS 0x0000000097000000| PB 0x0000000097000000| Complete 
|  97|0x0000000097100000, 0x0000000097200000, 0x0000000097200000|100%|HC|  |TAMS 0x0000000097100000| PB 0x0000000097100000| Complete 
|  98|0x0000000097200000, 0x0000000097300000, 0x0000000097300000|100%|HC|  |TAMS 0x0000000097200000| PB 0x0000000097200000| Complete 
|  99|0x0000000097300000, 0x0000000097400000, 0x0000000097400000|100%|HC|  |TAMS 0x0000000097300000| PB 0x0000000097300000| Complete 
| 100|0x0000000097400000, 0x0000000097500000, 0x0000000097500000|100%|HC|  |TAMS 0x0000000097400000| PB 0x0000000097400000| Complete 
| 101|0x0000000097500000, 0x0000000097600000, 0x0000000097600000|100%|HC|  |TAMS 0x0000000097500000| PB 0x0000000097500000| Complete 
| 102|0x0000000097600000, 0x0000000097700000, 0x0000000097700000|100%|HC|  |TAMS 0x0000000097600000| PB 0x0000000097600000| Complete 
| 103|0x0000000097700000, 0x0000000097800000, 0x0000000097800000|100%|HC|  |TAMS 0x0000000097700000| PB 0x0000000097700000| Complete 
| 104|0x0000000097800000, 0x0000000097900000, 0x0000000097900000|100%|HC|  |TAMS 0x0000000097800000| PB 0x0000000097800000| Complete 
| 105|0x0000000097900000, 0x0000000097a00000, 0x0000000097a00000|100%|HC|  |TAMS 0x0000000097900000| PB 0x0000000097900000| Complete 
| 106|0x0000000097a00000, 0x0000000097b00000, 0x0000000097b00000|100%|HC|  |TAMS 0x0000000097a00000| PB 0x0000000097a00000| Complete 
| 107|0x0000000097b00000, 0x0000000097b22020, 0x0000000097c00000| 13%| S|CS|TAMS 0x0000000097b00000| PB 0x0000000097b00000| Complete 
| 108|0x0000000097c00000, 0x0000000097d00000, 0x0000000097d00000|100%| S|CS|TAMS 0x0000000097c00000| PB 0x0000000097c00000| Complete 
| 109|0x0000000097d00000, 0x0000000097e00000, 0x0000000097e00000|100%| S|CS|TAMS 0x0000000097d00000| PB 0x0000000097d00000| Complete 
| 110|0x0000000097e00000, 0x0000000097e00000, 0x0000000097f00000|  0%| F|  |TAMS 0x0000000097e00000| PB 0x0000000097e00000| Untracked 
| 111|0x0000000097f00000, 0x0000000098000000, 0x0000000098000000|100%| E|CS|TAMS 0x0000000097f00000| PB 0x0000000097f00000| Complete 
| 112|0x0000000098000000, 0x0000000098100000, 0x0000000098100000|100%|HS|  |TAMS 0x0000000098000000| PB 0x0000000098000000| Complete 
| 113|0x0000000098100000, 0x0000000098200000, 0x0000000098200000|100%|HC|  |TAMS 0x0000000098100000| PB 0x0000000098100000| Complete 
| 114|0x0000000098200000, 0x0000000098300000, 0x0000000098300000|100%|HC|  |TAMS 0x0000000098200000| PB 0x0000000098200000| Complete 
| 115|0x0000000098300000, 0x0000000098400000, 0x0000000098400000|100%|HC|  |TAMS 0x0000000098300000| PB 0x0000000098300000| Complete 
| 116|0x0000000098400000, 0x0000000098500000, 0x0000000098500000|100%|HC|  |TAMS 0x0000000098400000| PB 0x0000000098400000| Complete 
| 117|0x0000000098500000, 0x0000000098600000, 0x0000000098600000|100%|HC|  |TAMS 0x0000000098500000| PB 0x0000000098500000| Complete 
| 118|0x0000000098600000, 0x0000000098700000, 0x0000000098700000|100%|HC|  |TAMS 0x0000000098600000| PB 0x0000000098600000| Complete 
| 119|0x0000000098700000, 0x0000000098800000, 0x0000000098800000|100%|HC|  |TAMS 0x0000000098700000| PB 0x0000000098700000| Complete 
| 120|0x0000000098800000, 0x0000000098900000, 0x0000000098900000|100%|HC|  |TAMS 0x0000000098800000| PB 0x0000000098800000| Complete 
| 121|0x0000000098900000, 0x0000000098a00000, 0x0000000098a00000|100%|HS|  |TAMS 0x0000000098900000| PB 0x0000000098900000| Complete 
| 122|0x0000000098a00000, 0x0000000098b00000, 0x0000000098b00000|100%|HC|  |TAMS 0x0000000098a00000| PB 0x0000000098a00000| Complete 
| 123|0x0000000098b00000, 0x0000000098c00000, 0x0000000098c00000|100%|HC|  |TAMS 0x0000000098b00000| PB 0x0000000098b00000| Complete 
| 124|0x0000000098c00000, 0x0000000098d00000, 0x0000000098d00000|100%|HC|  |TAMS 0x0000000098c00000| PB 0x0000000098c00000| Complete 
| 125|0x0000000098d00000, 0x0000000098e00000, 0x0000000098e00000|100%|HC|  |TAMS 0x0000000098d00000| PB 0x0000000098d00000| Complete 
| 126|0x0000000098e00000, 0x0000000098f00000, 0x0000000098f00000|100%|HC|  |TAMS 0x0000000098e00000| PB 0x0000000098e00000| Complete 
| 127|0x0000000098f00000, 0x0000000099000000, 0x0000000099000000|100%|HC|  |TAMS 0x0000000098f00000| PB 0x0000000098f00000| Complete 
| 128|0x0000000099000000, 0x0000000099100000, 0x0000000099100000|100%|HC|  |TAMS 0x0000000099000000| PB 0x0000000099000000| Complete 
| 129|0x0000000099100000, 0x0000000099200000, 0x0000000099200000|100%|HC|  |TAMS 0x0000000099100000| PB 0x0000000099100000| Complete 
| 130|0x0000000099200000, 0x0000000099300000, 0x0000000099300000|100%|HS|  |TAMS 0x0000000099200000| PB 0x0000000099200000| Complete 
| 131|0x0000000099300000, 0x0000000099400000, 0x0000000099400000|100%|HC|  |TAMS 0x0000000099300000| PB 0x0000000099300000| Complete 
| 132|0x0000000099400000, 0x0000000099500000, 0x0000000099500000|100%|HC|  |TAMS 0x0000000099400000| PB 0x0000000099400000| Complete 
| 133|0x0000000099500000, 0x0000000099600000, 0x0000000099600000|100%|HC|  |TAMS 0x0000000099500000| PB 0x0000000099500000| Complete 
| 134|0x0000000099600000, 0x0000000099700000, 0x0000000099700000|100%|HC|  |TAMS 0x0000000099600000| PB 0x0000000099600000| Complete 
| 135|0x0000000099700000, 0x0000000099800000, 0x0000000099800000|100%|HC|  |TAMS 0x0000000099700000| PB 0x0000000099700000| Complete 
| 136|0x0000000099800000, 0x0000000099900000, 0x0000000099900000|100%|HC|  |TAMS 0x0000000099800000| PB 0x0000000099800000| Complete 
| 137|0x0000000099900000, 0x0000000099a00000, 0x0000000099a00000|100%|HC|  |TAMS 0x0000000099900000| PB 0x0000000099900000| Complete 
| 138|0x0000000099a00000, 0x0000000099b00000, 0x0000000099b00000|100%|HC|  |TAMS 0x0000000099a00000| PB 0x0000000099a00000| Complete 
| 139|0x0000000099b00000, 0x0000000099c00000, 0x0000000099c00000|100%|HC|  |TAMS 0x0000000099b00000| PB 0x0000000099b00000| Complete 
| 140|0x0000000099c00000, 0x0000000099d00000, 0x0000000099d00000|100%|HC|  |TAMS 0x0000000099c00000| PB 0x0000000099c00000| Complete 
| 141|0x0000000099d00000, 0x0000000099e00000, 0x0000000099e00000|100%|HC|  |TAMS 0x0000000099d00000| PB 0x0000000099d00000| Complete 
| 142|0x0000000099e00000, 0x0000000099f00000, 0x0000000099f00000|100%|HC|  |TAMS 0x0000000099e00000| PB 0x0000000099e00000| Complete 
| 143|0x0000000099f00000, 0x000000009a000000, 0x000000009a000000|100%|HC|  |TAMS 0x0000000099f00000| PB 0x0000000099f00000| Complete 
| 144|0x000000009a000000, 0x000000009a100000, 0x000000009a100000|100%|HC|  |TAMS 0x000000009a000000| PB 0x000000009a000000| Complete 
| 145|0x000000009a100000, 0x000000009a200000, 0x000000009a200000|100%|HC|  |TAMS 0x000000009a100000| PB 0x000000009a100000| Complete 
| 146|0x000000009a200000, 0x000000009a300000, 0x000000009a300000|100%|HC|  |TAMS 0x000000009a200000| PB 0x000000009a200000| Complete 
| 147|0x000000009a300000, 0x000000009a400000, 0x000000009a400000|100%|HC|  |TAMS 0x000000009a300000| PB 0x000000009a300000| Complete 
| 148|0x000000009a400000, 0x000000009a500000, 0x000000009a500000|100%|HC|  |TAMS 0x000000009a400000| PB 0x000000009a400000| Complete 
| 149|0x000000009a500000, 0x000000009a600000, 0x000000009a600000|100%|HC|  |TAMS 0x000000009a500000| PB 0x000000009a500000| Complete 
| 150|0x000000009a600000, 0x000000009a700000, 0x000000009a700000|100%|HC|  |TAMS 0x000000009a600000| PB 0x000000009a600000| Complete 
| 151|0x000000009a700000, 0x000000009a800000, 0x000000009a800000|100%|HC|  |TAMS 0x000000009a700000| PB 0x000000009a700000| Complete 
| 152|0x000000009a800000, 0x000000009a900000, 0x000000009a900000|100%|HC|  |TAMS 0x000000009a800000| PB 0x000000009a800000| Complete 
| 153|0x000000009a900000, 0x000000009aa00000, 0x000000009aa00000|100%|HC|  |TAMS 0x000000009a900000| PB 0x000000009a900000| Complete 
| 154|0x000000009aa00000, 0x000000009ab00000, 0x000000009ab00000|100%|HC|  |TAMS 0x000000009aa00000| PB 0x000000009aa00000| Complete 
| 155|0x000000009ab00000, 0x000000009ac00000, 0x000000009ac00000|100%|HC|  |TAMS 0x000000009ab00000| PB 0x000000009ab00000| Complete 
| 156|0x000000009ac00000, 0x000000009ad00000, 0x000000009ad00000|100%|HC|  |TAMS 0x000000009ac00000| PB 0x000000009ac00000| Complete 
| 157|0x000000009ad00000, 0x000000009ae00000, 0x000000009ae00000|100%|HC|  |TAMS 0x000000009ad00000| PB 0x000000009ad00000| Complete 
| 158|0x000000009ae00000, 0x000000009af00000, 0x000000009af00000|100%|HC|  |TAMS 0x000000009ae00000| PB 0x000000009ae00000| Complete 
| 159|0x000000009af00000, 0x000000009b000000, 0x000000009b000000|100%|HC|  |TAMS 0x000000009af00000| PB 0x000000009af00000| Complete 
| 160|0x000000009b000000, 0x000000009b100000, 0x000000009b100000|100%|HC|  |TAMS 0x000000009b000000| PB 0x000000009b000000| Complete 
| 161|0x000000009b100000, 0x000000009b200000, 0x000000009b200000|100%|HC|  |TAMS 0x000000009b100000| PB 0x000000009b100000| Complete 
| 162|0x000000009b200000, 0x000000009b200000, 0x000000009b300000|  0%| F|  |TAMS 0x000000009b200000| PB 0x000000009b200000| Untracked 
| 163|0x000000009b300000, 0x000000009b300000, 0x000000009b400000|  0%| F|  |TAMS 0x000000009b300000| PB 0x000000009b300000| Untracked 
| 164|0x000000009b400000, 0x000000009b400000, 0x000000009b500000|  0%| F|  |TAMS 0x000000009b400000| PB 0x000000009b400000| Untracked 
| 165|0x000000009b500000, 0x000000009b500000, 0x000000009b600000|  0%| F|  |TAMS 0x000000009b500000| PB 0x000000009b500000| Untracked 
| 166|0x000000009b600000, 0x000000009b600000, 0x000000009b700000|  0%| F|  |TAMS 0x000000009b600000| PB 0x000000009b600000| Untracked 
| 167|0x000000009b700000, 0x000000009b700000, 0x000000009b800000|  0%| F|  |TAMS 0x000000009b700000| PB 0x000000009b700000| Untracked 
| 168|0x000000009b800000, 0x000000009b800000, 0x000000009b900000|  0%| F|  |TAMS 0x000000009b800000| PB 0x000000009b800000| Untracked 
| 169|0x000000009b900000, 0x000000009b900000, 0x000000009ba00000|  0%| F|  |TAMS 0x000000009b900000| PB 0x000000009b900000| Untracked 
| 170|0x000000009ba00000, 0x000000009ba00000, 0x000000009bb00000|  0%| F|  |TAMS 0x000000009ba00000| PB 0x000000009ba00000| Untracked 
| 171|0x000000009bb00000, 0x000000009bb00000, 0x000000009bc00000|  0%| F|  |TAMS 0x000000009bb00000| PB 0x000000009bb00000| Untracked 
| 172|0x000000009bc00000, 0x000000009bd00000, 0x000000009bd00000|100%| E|  |TAMS 0x000000009bc00000| PB 0x000000009bc00000| Complete 
| 173|0x000000009bd00000, 0x000000009be00000, 0x000000009be00000|100%| E|CS|TAMS 0x000000009bd00000| PB 0x000000009bd00000| Complete 
| 174|0x000000009be00000, 0x000000009bf00000, 0x000000009bf00000|100%| E|CS|TAMS 0x000000009be00000| PB 0x000000009be00000| Complete 
| 175|0x000000009bf00000, 0x000000009c000000, 0x000000009c000000|100%| E|CS|TAMS 0x000000009bf00000| PB 0x000000009bf00000| Complete 
| 176|0x000000009c000000, 0x000000009c100000, 0x000000009c100000|100%| E|CS|TAMS 0x000000009c000000| PB 0x000000009c000000| Complete 
| 177|0x000000009c100000, 0x000000009c200000, 0x000000009c200000|100%| E|CS|TAMS 0x000000009c100000| PB 0x000000009c100000| Complete 
| 178|0x000000009c200000, 0x000000009c300000, 0x000000009c300000|100%| E|CS|TAMS 0x000000009c200000| PB 0x000000009c200000| Complete 
| 179|0x000000009c300000, 0x000000009c400000, 0x000000009c400000|100%| E|CS|TAMS 0x000000009c300000| PB 0x000000009c300000| Complete 
| 180|0x000000009c400000, 0x000000009c500000, 0x000000009c500000|100%| E|CS|TAMS 0x000000009c400000| PB 0x000000009c400000| Complete 
| 181|0x000000009c500000, 0x000000009c600000, 0x000000009c600000|100%| E|CS|TAMS 0x000000009c500000| PB 0x000000009c500000| Complete 
| 182|0x000000009c600000, 0x000000009c700000, 0x000000009c700000|100%| E|CS|TAMS 0x000000009c600000| PB 0x000000009c600000| Complete 
| 183|0x000000009c700000, 0x000000009c800000, 0x000000009c800000|100%| E|CS|TAMS 0x000000009c700000| PB 0x000000009c700000| Complete 
| 184|0x000000009c800000, 0x000000009c900000, 0x000000009c900000|100%| E|CS|TAMS 0x000000009c800000| PB 0x000000009c800000| Complete 
| 185|0x000000009c900000, 0x000000009c900000, 0x000000009ca00000|  0%| F|  |TAMS 0x000000009c900000| PB 0x000000009c900000| Untracked 
| 186|0x000000009ca00000, 0x000000009ca00000, 0x000000009cb00000|  0%| F|  |TAMS 0x000000009ca00000| PB 0x000000009ca00000| Untracked 
| 187|0x000000009cb00000, 0x000000009cb00000, 0x000000009cc00000|  0%| F|  |TAMS 0x000000009cb00000| PB 0x000000009cb00000| Untracked 
| 188|0x000000009cc00000, 0x000000009cc00000, 0x000000009cd00000|  0%| F|  |TAMS 0x000000009cc00000| PB 0x000000009cc00000| Untracked 
| 189|0x000000009cd00000, 0x000000009cd00000, 0x000000009ce00000|  0%| F|  |TAMS 0x000000009cd00000| PB 0x000000009cd00000| Untracked 
| 190|0x000000009ce00000, 0x000000009ce00000, 0x000000009cf00000|  0%| F|  |TAMS 0x000000009ce00000| PB 0x000000009ce00000| Untracked 
| 191|0x000000009cf00000, 0x000000009cf00000, 0x000000009d000000|  0%| F|  |TAMS 0x000000009cf00000| PB 0x000000009cf00000| Untracked 
| 192|0x000000009d000000, 0x000000009d000000, 0x000000009d100000|  0%| F|  |TAMS 0x000000009d000000| PB 0x000000009d000000| Untracked 
| 193|0x000000009d100000, 0x000000009d100000, 0x000000009d200000|  0%| F|  |TAMS 0x000000009d100000| PB 0x000000009d100000| Untracked 
| 194|0x000000009d200000, 0x000000009d200000, 0x000000009d300000|  0%| F|  |TAMS 0x000000009d200000| PB 0x000000009d200000| Untracked 
| 195|0x000000009d300000, 0x000000009d300000, 0x000000009d400000|  0%| F|  |TAMS 0x000000009d300000| PB 0x000000009d300000| Untracked 
| 196|0x000000009d400000, 0x000000009d400000, 0x000000009d500000|  0%| F|  |TAMS 0x000000009d400000| PB 0x000000009d400000| Untracked 
| 197|0x000000009d500000, 0x000000009d500000, 0x000000009d600000|  0%| F|  |TAMS 0x000000009d500000| PB 0x000000009d500000| Untracked 
| 198|0x000000009d600000, 0x000000009d600000, 0x000000009d700000|  0%| F|  |TAMS 0x000000009d600000| PB 0x000000009d600000| Untracked 
| 199|0x000000009d700000, 0x000000009d700000, 0x000000009d800000|  0%| F|  |TAMS 0x000000009d700000| PB 0x000000009d700000| Untracked 
| 200|0x000000009d800000, 0x000000009d800000, 0x000000009d900000|  0%| F|  |TAMS 0x000000009d800000| PB 0x000000009d800000| Untracked 
| 201|0x000000009d900000, 0x000000009d900000, 0x000000009da00000|  0%| F|  |TAMS 0x000000009d900000| PB 0x000000009d900000| Untracked 
| 202|0x000000009da00000, 0x000000009da00000, 0x000000009db00000|  0%| F|  |TAMS 0x000000009da00000| PB 0x000000009da00000| Untracked 
| 203|0x000000009db00000, 0x000000009db00000, 0x000000009dc00000|  0%| F|  |TAMS 0x000000009db00000| PB 0x000000009db00000| Untracked 
| 204|0x000000009dc00000, 0x000000009dc00000, 0x000000009dd00000|  0%| F|  |TAMS 0x000000009dc00000| PB 0x000000009dc00000| Untracked 
| 205|0x000000009dd00000, 0x000000009dd00000, 0x000000009de00000|  0%| F|  |TAMS 0x000000009dd00000| PB 0x000000009dd00000| Untracked 
| 206|0x000000009de00000, 0x000000009de00000, 0x000000009df00000|  0%| F|  |TAMS 0x000000009de00000| PB 0x000000009de00000| Untracked 
| 207|0x000000009df00000, 0x000000009df00000, 0x000000009e000000|  0%| F|  |TAMS 0x000000009df00000| PB 0x000000009df00000| Untracked 
| 208|0x000000009e000000, 0x000000009e000000, 0x000000009e100000|  0%| F|  |TAMS 0x000000009e000000| PB 0x000000009e000000| Untracked 
| 209|0x000000009e100000, 0x000000009e100000, 0x000000009e200000|  0%| F|  |TAMS 0x000000009e100000| PB 0x000000009e100000| Untracked 
| 210|0x000000009e200000, 0x000000009e200000, 0x000000009e300000|  0%| F|  |TAMS 0x000000009e200000| PB 0x000000009e200000| Untracked 
| 211|0x000000009e300000, 0x000000009e300000, 0x000000009e400000|  0%| F|  |TAMS 0x000000009e300000| PB 0x000000009e300000| Untracked 
| 212|0x000000009e400000, 0x000000009e400000, 0x000000009e500000|  0%| F|  |TAMS 0x000000009e400000| PB 0x000000009e400000| Untracked 

Card table byte_map: [0x000001f05c750000,0x000001f05cad0000] _byte_map_base: 0x000001f05c2c8000

Marking Bits: (CMBitMap*) 0x000001f044c99ae0
 Bits: [0x000001f05cad0000, 0x000001f05e690000)

Polling page: 0x000001f042bf0000

Metaspace:

Usage:
  Non-class:     16.57 MB used.
      Class:      2.79 MB used.
       Both:     19.36 MB used.

Virtual space:
  Non-class space:       64.00 MB reserved,      16.75 MB ( 26%) committed,  1 nodes.
      Class space:        1.00 GB reserved,       2.94 MB ( <1%) committed,  1 nodes.
             Both:        1.06 GB reserved,      19.69 MB (  2%) committed. 

Chunk freelists:
   Non-Class:  14.38 MB
       Class:  13.09 MB
        Both:  27.47 MB

MaxMetaspaceSize: unlimited
CompressedClassSpaceSize: 1.00 GB
Initial GC threshold: 21.00 MB
Current GC threshold: 29.50 MB
CDS: on
 - commit_granule_bytes: 65536.
 - commit_granule_words: 8192.
 - virtual_space_node_default_size: 8388608.
 - enlarge_chunks_in_place: 1.
 - use_allocation_guard: 0.


Internal statistics:

num_allocs_failed_limit: 0.
num_arena_births: 398.
num_arena_deaths: 0.
num_vsnodes_births: 2.
num_vsnodes_deaths: 0.
num_space_committed: 315.
num_space_uncommitted: 0.
num_chunks_returned_to_freelist: 0.
num_chunks_taken_from_freelist: 1026.
num_chunk_merges: 0.
num_chunk_splits: 719.
num_chunks_enlarged: 531.
num_inconsistent_stats: 0.

CodeHeap 'non-profiled nmethods': size=120000Kb used=1938Kb max_used=1938Kb free=118062Kb
 bounds [0x000001f054b70000, 0x000001f054de0000, 0x000001f05c0a0000]
CodeHeap 'profiled nmethods': size=120000Kb used=8281Kb max_used=8281Kb free=111718Kb
 bounds [0x000001f04d0a0000, 0x000001f04d8c0000, 0x000001f0545d0000]
CodeHeap 'non-nmethods': size=5760Kb used=1868Kb max_used=1894Kb free=3891Kb
 bounds [0x000001f0545d0000, 0x000001f054840000, 0x000001f054b70000]
 total_blobs=5036 nmethods=4171 adapters=768
 compilation: enabled
              stopped_count=0, restarted_count=0
 full_count=0

Compilation events (20 events):
Event: 259.631 Thread 0x000001f0610d0e70 4164       3       java.util.TimSort::binarySort (223 bytes)
Event: 259.632 Thread 0x000001f0610cafa0 4165       4       com.sun.javafx.collections.VetoableListDecorator::size (10 bytes)
Event: 259.632 Thread 0x000001f0610d0e70 nmethod 4164 0x000001f04d8b2a90 code [0x000001f04d8b2cc0, 0x000001f04d8b37d0]
Event: 259.634 Thread 0x000001f0610cafa0 nmethod 4165 0x000001f054d53d90 code [0x000001f054d53f40, 0x000001f054d54090]
Event: 259.650 Thread 0x000001f0610d0e70 4166       1       java.util.stream.ReferencePipeline$StatelessOp::opIsStateful (2 bytes)
Event: 259.650 Thread 0x000001f0610d0e70 nmethod 4166 0x000001f054d54210 code [0x000001f054d543a0, 0x000001f054d54468]
Event: 259.659 Thread 0x000001f0610d0e70 4167       3       java.util.regex.Matcher::checkGroup (41 bytes)
Event: 259.659 Thread 0x000001f0610cafa0 4170       4       java.util.regex.Matcher::checkMatch (19 bytes)
Event: 259.660 Thread 0x000001f0610d0e70 nmethod 4167 0x000001f04d8b3b10 code [0x000001f04d8b3d40, 0x000001f04d8b43e0]
Event: 259.660 Thread 0x000001f0610d0e70 4168       3       java.util.regex.Matcher::groupCount (10 bytes)
Event: 259.660 Thread 0x000001f0610cafa0 nmethod 4170 0x000001f054d54510 code [0x000001f054d546a0, 0x000001f054d54748]
Event: 259.660 Thread 0x000001f0610d0e70 nmethod 4168 0x000001f04d8b4690 code [0x000001f04d8b4820, 0x000001f04d8b4938]
Event: 259.660 Thread 0x000001f0610d0e70 4169       3       java.util.regex.Pattern$BmpCharProperty::match (55 bytes)
Event: 259.660 Thread 0x000001f0610d0e70 nmethod 4169 0x000001f04d8b4a10 code [0x000001f04d8b4c00, 0x000001f04d8b50b8]
Event: 259.660 Thread 0x000001f0610d0e70 4171       3       javafx.css.CssLexer::readChar (72 bytes)
Event: 259.661 Thread 0x000001f0610d0e70 nmethod 4171 0x000001f04d8b5210 code [0x000001f04d8b53c0, 0x000001f04d8b5690]
Event: 259.661 Thread 0x000001f0610d0e70 4172   !   3       java.io.CharArrayReader::read (50 bytes)
Event: 259.661 Thread 0x000001f0610d0e70 nmethod 4172 0x000001f04d8b5790 code [0x000001f04d8b5980, 0x000001f04d8b5dd8]
Event: 259.661 Thread 0x000001f0610d0e70 4173       3       java.io.CharArrayReader::ensureOpen (18 bytes)
Event: 259.662 Thread 0x000001f0610d0e70 nmethod 4173 0x000001f04d8b6090 code [0x000001f04d8b6240, 0x000001f04d8b6458]

GC Heap History (8 events):
Event: 0.911 GC heap before
{Heap before GC invocations=0 (full 0):
 garbage-first heap   total 114688K, used 22528K [0x0000000091000000, 0x0000000100000000)
  region size 1024K, 23 young (23552K), 0 survivors (0K)
 Metaspace       used 4944K, committed 5120K, reserved 1114112K
  class space    used 553K, committed 640K, reserved 1048576K
}
Event: 0.915 GC heap after
{Heap after GC invocations=1 (full 0):
 garbage-first heap   total 114688K, used 3311K [0x0000000091000000, 0x0000000100000000)
  region size 1024K, 3 young (3072K), 3 survivors (3072K)
 Metaspace       used 4944K, committed 5120K, reserved 1114112K
  class space    used 553K, committed 640K, reserved 1048576K
}
Event: 1.658 GC heap before
{Heap before GC invocations=1 (full 0):
 garbage-first heap   total 114688K, used 36079K [0x0000000091000000, 0x0000000100000000)
  region size 1024K, 36 young (36864K), 3 survivors (3072K)
 Metaspace       used 12123K, committed 12480K, reserved 1114112K
  class space    used 1705K, committed 1856K, reserved 1048576K
}
Event: 1.664 GC heap after
{Heap after GC invocations=2 (full 0):
 garbage-first heap   total 114688K, used 6713K [0x0000000091000000, 0x0000000100000000)
  region size 1024K, 5 young (5120K), 5 survivors (5120K)
 Metaspace       used 12123K, committed 12480K, reserved 1114112K
  class space    used 1705K, committed 1856K, reserved 1048576K
}
Event: 3.476 GC heap before
{Heap before GC invocations=2 (full 0):
 garbage-first heap   total 114688K, used 71225K [0x0000000091000000, 0x0000000100000000)
  region size 1024K, 33 young (33792K), 5 survivors (5120K)
 Metaspace       used 17711K, committed 18048K, reserved 1114112K
  class space    used 2732K, committed 2880K, reserved 1048576K
}
Event: 3.484 GC heap after
{Heap after GC invocations=3 (full 0):
 garbage-first heap   total 114688K, used 46294K [0x0000000091000000, 0x0000000100000000)
  region size 1024K, 6 young (6144K), 6 survivors (6144K)
 Metaspace       used 17711K, committed 18048K, reserved 1114112K
  class space    used 2732K, committed 2880K, reserved 1048576K
}
Event: 3.531 GC heap before
{Heap before GC invocations=3 (full 0):
 garbage-first heap   total 114688K, used 80086K [0x0000000091000000, 0x0000000100000000)
  region size 1024K, 8 young (8192K), 6 survivors (6144K)
 Metaspace       used 17766K, committed 18112K, reserved 1114112K
  class space    used 2737K, committed 2880K, reserved 1048576K
}
Event: 3.535 GC heap after
{Heap after GC invocations=4 (full 0):
 garbage-first heap   total 114688K, used 78931K [0x0000000091000000, 0x0000000100000000)
  region size 1024K, 3 young (3072K), 3 survivors (3072K)
 Metaspace       used 17766K, committed 18112K, reserved 1114112K
  class space    used 2737K, committed 2880K, reserved 1048576K
}

Dll operation events (20 events):
Event: 0.598 Loaded shared library C:\Users\kleggy\.openjfx\cache\21-ea+null\amd64\api-ms-win-crt-private-l1-1-0.dll
Event: 0.603 Loaded shared library C:\Users\kleggy\.openjfx\cache\21-ea+null\amd64\api-ms-win-crt-process-l1-1-0.dll
Event: 0.608 Loaded shared library C:\Users\kleggy\.openjfx\cache\21-ea+null\amd64\api-ms-win-crt-runtime-l1-1-0.dll
Event: 0.612 Loaded shared library C:\Users\kleggy\.openjfx\cache\21-ea+null\amd64\api-ms-win-crt-stdio-l1-1-0.dll
Event: 0.617 Loaded shared library C:\Users\kleggy\.openjfx\cache\21-ea+null\amd64\api-ms-win-crt-string-l1-1-0.dll
Event: 0.622 Loaded shared library C:\Users\kleggy\.openjfx\cache\21-ea+null\amd64\api-ms-win-crt-time-l1-1-0.dll
Event: 0.626 Loaded shared library C:\Users\kleggy\.openjfx\cache\21-ea+null\amd64\api-ms-win-crt-utility-l1-1-0.dll
Event: 0.643 Loaded shared library C:\Users\kleggy\.openjfx\cache\21-ea+null\amd64\ucrtbase.dll
Event: 0.648 Loaded shared library C:\Users\kleggy\.openjfx\cache\21-ea+null\amd64\vcruntime140.dll
Event: 0.652 Loaded shared library C:\Users\kleggy\.openjfx\cache\21-ea+null\amd64\vcruntime140_1.dll
Event: 0.664 Loaded shared library C:\Users\kleggy\.openjfx\cache\21-ea+null\amd64\msvcp140.dll
Event: 0.668 Loaded shared library C:\Users\kleggy\.openjfx\cache\21-ea+null\amd64\msvcp140_1.dll
Event: 0.674 Loaded shared library C:\Users\kleggy\.openjfx\cache\21-ea+null\amd64\msvcp140_2.dll
Event: 0.721 Loaded shared library C:\Users\kleggy\.openjfx\cache\21-ea+null\amd64\prism_d3d.dll
Event: 0.771 Loaded shared library C:\Users\kleggy\.openjfx\cache\21-ea+null\amd64\glass.dll
Event: 0.933 Loaded shared library D:\Program Files\Java21\bin\jimage.dll
Event: 1.094 Loaded shared library C:\Users\kleggy\.openjfx\cache\21-ea+null\amd64\javafx_font.dll
Event: 1.678 Loaded shared library C:\Users\kleggy\.openjfx\cache\21-ea+null\amd64\javafx_iio.dll
Event: 3.747 Loaded shared library D:\Program Files\Java21\bin\verify.dll
Event: 3.771 Loaded shared library D:\Program Files\Java21\bin\jsound.dll

Deoptimization events (20 events):
Event: 8.914 Thread 0x000001f06131f230 DEOPT PACKING pc=0x000001f054cf1540 sp=0x000000cdd87fe5a0
Event: 8.914 Thread 0x000001f06131f230 DEOPT UNPACKING pc=0x000001f0546246a2 sp=0x000000cdd87fe4c0 mode 2
Event: 9.506 Thread 0x000001f06131f230 Uncommon trap: trap_request=0xffffff45 fr.pc=0x000001f054cc0198 relative=0x0000000000000078
Event: 9.506 Thread 0x000001f06131f230 Uncommon trap: reason=unstable_if action=reinterpret pc=0x000001f054cc0198 method=com.sun.javafx.sg.prism.GrowableDataBuffer.ensureWriteCapacity(I)V @ 11 c2
Event: 9.506 Thread 0x000001f06131f230 DEOPT PACKING pc=0x000001f054cc0198 sp=0x000000cdd87fe550
Event: 9.506 Thread 0x000001f06131f230 DEOPT UNPACKING pc=0x000001f0546246a2 sp=0x000000cdd87fe4c8 mode 2
Event: 256.947 Thread 0x000001f06131bdb0 Uncommon trap: trap_request=0xffffff45 fr.pc=0x000001f054c89190 relative=0x00000000000000f0
Event: 256.947 Thread 0x000001f06131bdb0 Uncommon trap: reason=unstable_if action=reinterpret pc=0x000001f054c89190 method=com.sun.marlin.Helpers.outcode(DD[D)I @ 57 c2
Event: 256.947 Thread 0x000001f06131bdb0 DEOPT PACKING pc=0x000001f054c89190 sp=0x000000cdd81fd030
Event: 256.947 Thread 0x000001f06131bdb0 DEOPT UNPACKING pc=0x000001f0546246a2 sp=0x000000cdd81fcfb0 mode 2
Event: 256.947 Thread 0x000001f06131bdb0 Uncommon trap: trap_request=0xffffff45 fr.pc=0x000001f054d3b16c relative=0x000000000000084c
Event: 256.947 Thread 0x000001f06131bdb0 Uncommon trap: reason=unstable_if action=reinterpret pc=0x000001f054d3b16c method=com.sun.marlin.Helpers.outcode(DD[D)I @ 57 c2
Event: 256.947 Thread 0x000001f06131bdb0 DEOPT PACKING pc=0x000001f054d3b16c sp=0x000000cdd81fd090
Event: 256.947 Thread 0x000001f06131bdb0 DEOPT UNPACKING pc=0x000001f0546246a2 sp=0x000000cdd81fcf58 mode 2
Event: 259.539 Thread 0x000001f06131f230 DEOPT PACKING pc=0x000001f04d11b8ce sp=0x000000cdd87fd020
Event: 259.539 Thread 0x000001f06131f230 DEOPT UNPACKING pc=0x000001f054624e42 sp=0x000000cdd87fc498 mode 0
Event: 259.687 Thread 0x000001f06131bdb0 Uncommon trap: trap_request=0xffffff45 fr.pc=0x000001f054d48060 relative=0x00000000000000c0
Event: 259.687 Thread 0x000001f06131bdb0 Uncommon trap: reason=unstable_if action=reinterpret pc=0x000001f054d48060 method=com.sun.prism.d3d.D3DTextureResource.isValid()Z @ 4 c2
Event: 259.687 Thread 0x000001f06131bdb0 DEOPT PACKING pc=0x000001f054d48060 sp=0x000000cdd81fe310
Event: 259.687 Thread 0x000001f06131bdb0 DEOPT UNPACKING pc=0x000001f0546246a2 sp=0x000000cdd81fe298 mode 2

Classes loaded (20 events):
Event: 4.876 Loading class java/io/ObjectStreamClass$Caches
Event: 4.876 Loading class java/io/ObjectStreamClass$Caches done
Event: 4.876 Loading class java/io/ObjectStreamClass$Caches$1
Event: 4.876 Loading class java/io/ClassCache
Event: 4.877 Loading class java/io/ClassCache done
Event: 4.877 Loading class java/io/ObjectStreamClass$Caches$1 done
Event: 4.877 Loading class java/io/ClassCache$1
Event: 4.877 Loading class java/io/ClassCache$1 done
Event: 4.877 Loading class java/io/ObjectStreamClass$Caches$2
Event: 4.877 Loading class java/io/ObjectStreamClass$Caches$2 done
Event: 4.877 Loading class java/io/ObjectStreamClass$2
Event: 4.877 Loading class java/io/ObjectStreamClass$2 done
Event: 4.877 Loading class java/io/ClassCache$CacheRef
Event: 4.877 Loading class java/io/ClassCache$CacheRef done
Event: 4.877 Loading class java/io/ObjectStreamClass$FieldReflectorKey
Event: 4.877 Loading class java/io/ObjectStreamClass$FieldReflectorKey done
Event: 4.877 Loading class java/io/ObjectStreamClass$FieldReflector
Event: 4.877 Loading class java/io/ObjectStreamClass$FieldReflector done
Event: 4.877 Loading class java/io/ObjectStreamClass$ExceptionInfo
Event: 4.877 Loading class java/io/ObjectStreamClass$ExceptionInfo done

Classes unloaded (0 events):
No events

Classes redefined (0 events):
No events

Internal exceptions (20 events):
Event: 1.517 Thread 0x000001f06131f230 Implicit null exception at 0x000001f054b9127d to 0x000001f054b9155c
Event: 1.569 Thread 0x000001f06131f230 Exception <a 'java/lang/NoSuchMethodError'{0x0000000095f976f8}: 'int java.lang.invoke.DirectMethodHandle$Holder.invokeStatic(java.lang.Object, java.lang.Object, java.lang.Object, java.lang.Object)'> (0x0000000095f976f8) 
thrown [s\open\src\hotspot\share\interpreter\linkResolver.cpp, line 773]
Event: 1.924 Thread 0x000001f06131f230 Exception <a 'java/lang/ClassNotFoundException'{0x0000000097aa0670}: com/sun/javafx/scene/control/skin/resources/controls> (0x0000000097aa0670) 
thrown [s\open\src\hotspot\share\prims\jni.cpp, line 539]
Event: 1.925 Thread 0x000001f06131f230 Exception <a 'java/lang/ClassNotFoundException'{0x0000000097aae870}: com/sun/javafx/scene/control/skin/resources/controls_en> (0x0000000097aae870) 
thrown [s\open\src\hotspot\share\prims\jni.cpp, line 539]
Event: 1.925 Thread 0x000001f06131f230 Exception <a 'java/lang/ClassNotFoundException'{0x0000000097aaf818}: com/sun/javafx/scene/control/skin/resources/controls_en_GB> (0x0000000097aaf818) 
thrown [s\open\src\hotspot\share\prims\jni.cpp, line 539]
Event: 1.968 Thread 0x000001f06131f230 Exception <a 'java/lang/NoSuchMethodError'{0x0000000097894f78}: 'void java.lang.invoke.DirectMethodHandle$Holder.invokeSpecial(java.lang.Object, java.lang.Object, java.lang.Object, java.lang.Object, java.lang.Object, java.lang.Object)'> (0x0000000097894f78) 
thrown [s\open\src\hotspot\share\interpreter\linkResolver.cpp, line 773]
Event: 1.970 Thread 0x000001f06131f230 Exception <a 'java/lang/IncompatibleClassChangeError'{0x00000000978b38b0}: Found class java.lang.Object, but interface was expected> (0x00000000978b38b0) 
thrown [s\open\src\hotspot\share\interpreter\linkResolver.cpp, line 840]
Event: 2.014 Thread 0x000001f06131f230 Exception <a 'java/lang/NoSuchMethodError'{0x00000000974ca1e0}: 'int java.lang.invoke.DirectMethodHandle$Holder.invokeSpecial(java.lang.Object, java.lang.Object, int)'> (0x00000000974ca1e0) 
thrown [s\open\src\hotspot\share\interpreter\linkResolver.cpp, line 773]
Event: 2.187 Thread 0x000001f06131f230 Exception <a 'java/lang/NoSuchMethodError'{0x0000000096d68240}: 'void java.lang.invoke.DirectMethodHandle$Holder.invokeSpecial(java.lang.Object, java.lang.Object, int, int)'> (0x0000000096d68240) 
thrown [s\open\src\hotspot\share\interpreter\linkResolver.cpp, line 773]
Event: 2.188 Thread 0x000001f06131f230 Exception <a 'java/lang/NoSuchMethodError'{0x0000000096d6e298}: 'java.lang.Object java.lang.invoke.DirectMethodHandle$Holder.newInvokeSpecial(java.lang.Object, java.lang.Object, int, int)'> (0x0000000096d6e298) 
thrown [s\open\src\hotspot\share\interpreter\linkResolver.cpp, line 773]
Event: 2.188 Thread 0x000001f06131f230 Exception <a 'java/lang/NoSuchMethodError'{0x0000000096d721f8}: 'java.lang.Object java.lang.invoke.DirectMethodHandle$Holder.invokeSpecial(java.lang.Object, java.lang.Object, java.lang.Object, int, int)'> (0x0000000096d721f8) 
thrown [s\open\src\hotspot\share\interpreter\linkResolver.cpp, line 773]
Event: 2.194 Thread 0x000001f06131f230 Exception <a 'java/lang/NoSuchMethodError'{0x0000000096d808b8}: 'java.lang.Object java.lang.invoke.DirectMethodHandle$Holder.newInvokeSpecial(java.lang.Object, java.lang.Object, int)'> (0x0000000096d808b8) 
thrown [s\open\src\hotspot\share\interpreter\linkResolver.cpp, line 773]
Event: 2.275 Thread 0x000001f06131bdb0 Exception <a 'java/lang/NoSuchMethodError'{0x0000000096ba49b0}: 'int java.lang.invoke.DirectMethodHandle$Holder.invokeStaticInit(java.lang.Object, java.lang.Object)'> (0x0000000096ba49b0) 
thrown [s\open\src\hotspot\share\interpreter\linkResolver.cpp, line 773]
Event: 2.364 Thread 0x000001f06131bdb0 Exception <a 'java/lang/NoSuchMethodError'{0x0000000096782b10}: 'java.lang.Object java.lang.invoke.DirectMethodHandle$Holder.invokeStaticInit(java.lang.Object, int)'> (0x0000000096782b10) 
thrown [s\open\src\hotspot\share\interpreter\linkResolver.cpp, line 773]
Event: 3.347 Thread 0x000001f06131f230 Exception <a 'java/lang/NoSuchMethodError'{0x000000009657ee40}: 'long java.lang.invoke.DirectMethodHandle$Holder.invokeStatic(java.lang.Object, java.lang.Object, java.lang.Object)'> (0x000000009657ee40) 
thrown [s\open\src\hotspot\share\interpreter\linkResolver.cpp, line 773]
Event: 3.347 Thread 0x000001f06131f230 Exception <a 'java/lang/NoSuchMethodError'{0x0000000096582210}: 'long java.lang.invoke.DirectMethodHandle$Holder.invokeStaticInit(java.lang.Object, java.lang.Object, java.lang.Object)'> (0x0000000096582210) 
thrown [s\open\src\hotspot\share\interpreter\linkResolver.cpp, line 773]
Event: 3.350 Thread 0x000001f06131f230 Exception <a 'java/lang/NoSuchMethodError'{0x0000000096596808}: 'java.lang.Object java.lang.invoke.DirectMethodHandle$Holder.newInvokeSpecial(java.lang.Object, java.lang.Object, long)'> (0x0000000096596808) 
thrown [s\open\src\hotspot\share\interpreter\linkResolver.cpp, line 773]
Event: 3.350 Thread 0x000001f06131f230 Exception <a 'java/lang/NoSuchMethodError'{0x000000009659a100}: 'java.lang.Object java.lang.invoke.Invokers$Holder.linkToTargetMethod(java.lang.Object, long, java.lang.Object)'> (0x000000009659a100) 
thrown [s\open\src\hotspot\share\interpreter\linkResolver.cpp, line 773]
Event: 3.830 Thread 0x000001f0667aa0d0 Exception <a 'sun/nio/fs/WindowsException'{0x000000009c7c4b48}> (0x000000009c7c4b48) 
thrown [s\open\src\hotspot\share\prims\jni.cpp, line 520]
Event: 259.687 Thread 0x000001f06131bdb0 Implicit null exception at 0x000001f054d47fde to 0x000001f054d48050

ZGC Phase Switch (0 events):
No events

VM Operations (20 events):
Event: 24.556 Executing VM operation: Cleanup
Event: 24.556 Executing VM operation: Cleanup done
Event: 25.556 Executing VM operation: Cleanup
Event: 25.556 Executing VM operation: Cleanup done
Event: 27.556 Executing VM operation: Cleanup
Event: 27.556 Executing VM operation: Cleanup done
Event: 30.562 Executing VM operation: Cleanup
Event: 30.562 Executing VM operation: Cleanup done
Event: 253.255 Executing VM operation: HandshakeAllThreads (HandshakeForDeflation)
Event: 253.255 Executing VM operation: HandshakeAllThreads (HandshakeForDeflation) done
Event: 253.255 Executing VM operation: RendezvousGCThreads
Event: 253.255 Executing VM operation: RendezvousGCThreads done
Event: 254.255 Executing VM operation: Cleanup
Event: 254.255 Executing VM operation: Cleanup done
Event: 256.255 Executing VM operation: Cleanup
Event: 256.255 Executing VM operation: Cleanup done
Event: 256.949 Executing VM operation: HandshakeAllThreads (Deoptimize)
Event: 256.949 Executing VM operation: HandshakeAllThreads (Deoptimize) done
Event: 257.949 Executing VM operation: Cleanup
Event: 257.949 Executing VM operation: Cleanup done

Events (20 events):
Event: 1.780 Thread 0x000001f0665fe160 Thread exited: 0x000001f0665fe160
Event: 1.780 Thread 0x000001f066a689c0 Thread exited: 0x000001f066a689c0
Event: 2.011 Thread 0x000001f06689f770 Thread added: 0x000001f06689f770
Event: 2.145 Thread 0x000001f0668d6820 Thread added: 0x000001f0668d6820
Event: 2.314 Thread 0x000001f0667a8d20 Thread added: 0x000001f0667a8d20
Event: 2.572 Thread 0x000001f06689f770 Thread exited: 0x000001f06689f770
Event: 2.572 Thread 0x000001f0668d6820 Thread exited: 0x000001f0668d6820
Event: 2.638 Thread 0x000001f0668d6820 Thread added: 0x000001f0668d6820
Event: 2.836 Thread 0x000001f0668d6820 Thread exited: 0x000001f0668d6820
Event: 3.174 Thread 0x000001f066f531b0 Thread added: 0x000001f066f531b0
Event: 3.349 Thread 0x000001f066f531b0 Thread exited: 0x000001f066f531b0
Event: 3.467 Thread 0x000001f06e137010 Thread added: 0x000001f06e137010
Event: 3.745 Thread 0x000001f0667aa0d0 Thread added: 0x000001f0667aa0d0
Event: 3.838 Thread 0x000001f0667acec0 Thread added: 0x000001f0667acec0
Event: 3.965 Thread 0x000001f06e137010 Thread exited: 0x000001f06e137010
Event: 5.211 Thread 0x000001f066ad66d0 Thread added: 0x000001f066ad66d0
Event: 5.481 Thread 0x000001f066ad66d0 Thread exited: 0x000001f066ad66d0
Event: 8.252 Thread 0x000001f0667aa0d0 Thread exited: 0x000001f0667aa0d0
Event: 8.285 Thread 0x000001f061487620 Thread added: 0x000001f061487620
Event: 9.011 Thread 0x000001f061487620 Thread exited: 0x000001f061487620


Dynamic libraries:
0x00007ff6fa830000 - 0x00007ff6fa83e000 	D:\Program Files\Java21\bin\java.exe
0x00007ffe31ce0000 - 0x00007ffe31ee9000 	C:\WINDOWS\SYSTEM32\ntdll.dll
0x00007ffe308b0000 - 0x00007ffe3096d000 	C:\WINDOWS\System32\KERNEL32.DLL
0x00007ffe2f2d0000 - 0x00007ffe2f654000 	C:\WINDOWS\System32\KERNELBASE.dll
0x00007ffe2fa10000 - 0x00007ffe2fb21000 	C:\WINDOWS\System32\ucrtbase.dll
0x00007ffe2e960000 - 0x00007ffe2e978000 	D:\Program Files\Java21\bin\jli.dll
0x00007ffe2e980000 - 0x00007ffe2e99b000 	D:\Program Files\Java21\bin\VCRUNTIME140.dll
0x00007ffe313c0000 - 0x00007ffe3156d000 	C:\WINDOWS\System32\USER32.dll
0x00007ffe2f6d0000 - 0x00007ffe2f6f6000 	C:\WINDOWS\System32\win32u.dll
0x00007ffe2e370000 - 0x00007ffe2e615000 	C:\WINDOWS\WinSxS\amd64_microsoft.windows.common-controls_6595b64144ccf1df_6.0.22000.120_none_9d947278b86cc467\COMCTL32.dll
0x00007ffe2fb30000 - 0x00007ffe2fb5a000 	C:\WINDOWS\System32\GDI32.dll
0x00007ffe30390000 - 0x00007ffe30433000 	C:\WINDOWS\System32\msvcrt.dll
0x00007ffe2f700000 - 0x00007ffe2f81e000 	C:\WINDOWS\System32\gdi32full.dll
0x00007ffe2f230000 - 0x00007ffe2f2cd000 	C:\WINDOWS\System32\msvcp_win.dll
0x00007ffe30870000 - 0x00007ffe308a1000 	C:\WINDOWS\System32\IMM32.DLL
0x00007ffe2e950000 - 0x00007ffe2e95c000 	D:\Program Files\Java21\bin\vcruntime140_1.dll
0x00007ffe1f060000 - 0x00007ffe1f0ee000 	D:\Program Files\Java21\bin\msvcp140.dll
0x00007ffdd6d00000 - 0x00007ffdd7a13000 	D:\Program Files\Java21\bin\server\jvm.dll
0x00007ffe31b90000 - 0x00007ffe31c3e000 	C:\WINDOWS\System32\ADVAPI32.dll
0x00007ffe31930000 - 0x00007ffe319ce000 	C:\WINDOWS\System32\sechost.dll
0x00007ffe30970000 - 0x00007ffe30a91000 	C:\WINDOWS\System32\RPCRT4.dll
0x00007ffe30450000 - 0x00007ffe304bf000 	C:\WINDOWS\System32\WS2_32.dll
0x00007ffe2f040000 - 0x00007ffe2f08d000 	C:\WINDOWS\SYSTEM32\POWRPROF.dll
0x00007ffe27c40000 - 0x00007ffe27c73000 	C:\WINDOWS\SYSTEM32\WINMM.dll
0x00007ffe2b530000 - 0x00007ffe2b53a000 	C:\WINDOWS\SYSTEM32\VERSION.dll
0x00007ffe2f020000 - 0x00007ffe2f033000 	C:\WINDOWS\SYSTEM32\UMPDC.dll
0x00007ffe2d310000 - 0x00007ffe2d328000 	C:\WINDOWS\SYSTEM32\kernel.appcore.dll
0x00007ffe2a8d0000 - 0x00007ffe2a8da000 	D:\Program Files\Java21\bin\jimage.dll
0x00007ffe2ea10000 - 0x00007ffe2ec31000 	C:\WINDOWS\SYSTEM32\DBGHELP.DLL
0x00007ffe2e750000 - 0x00007ffe2e781000 	C:\WINDOWS\SYSTEM32\dbgcore.DLL
0x00007ffe2f990000 - 0x00007ffe2fa0f000 	C:\WINDOWS\System32\bcryptPrimitives.dll
0x00007ffe290a0000 - 0x00007ffe290af000 	D:\Program Files\Java21\bin\instrument.dll
0x00007ffe27d80000 - 0x00007ffe27d9f000 	D:\Program Files\Java21\bin\java.dll
0x00007ffe2fbc0000 - 0x00007ffe30385000 	C:\WINDOWS\System32\SHELL32.dll
0x00007ffe2c380000 - 0x00007ffe2cbe2000 	C:\WINDOWS\SYSTEM32\windows.storage.dll
0x00007ffe315a0000 - 0x00007ffe31916000 	C:\WINDOWS\System32\combase.dll
0x00007ffe2c210000 - 0x00007ffe2c377000 	C:\WINDOWS\SYSTEM32\wintypes.dll
0x00007ffe30780000 - 0x00007ffe3086a000 	C:\WINDOWS\System32\SHCORE.dll
0x00007ffe31c40000 - 0x00007ffe31c9d000 	C:\WINDOWS\System32\shlwapi.dll
0x00007ffe2f0a0000 - 0x00007ffe2f0c5000 	C:\WINDOWS\SYSTEM32\profapi.dll
0x00007ffe1ed00000 - 0x00007ffe1edd7000 	D:\Program Files\Java21\bin\jsvml.dll
0x00007ffe27d70000 - 0x00007ffe27d80000 	D:\Program Files\Java21\bin\net.dll
0x00007ffe260e0000 - 0x00007ffe261f4000 	C:\WINDOWS\SYSTEM32\WINHTTP.dll
0x00007ffe2dfa0000 - 0x00007ffe2e007000 	C:\WINDOWS\system32\mswsock.dll
0x00007ffe27d50000 - 0x00007ffe27d66000 	D:\Program Files\Java21\bin\nio.dll
0x00007ffe264d0000 - 0x00007ffe264e8000 	D:\Program Files\Java21\bin\zip.dll
0x00007ffe21c70000 - 0x00007ffe21c8a000 	D:\Program Files\IntelliJ IDEA 2023.2.4\bin\breakgen64.dll
0x000001f042c40000 - 0x000001f042c43000 	C:\Users\kleggy\.openjfx\cache\21-ea+null\amd64\api-ms-win-core-console-l1-1-0.dll
0x000001f042c50000 - 0x000001f042c53000 	C:\Users\kleggy\.openjfx\cache\21-ea+null\amd64\api-ms-win-core-console-l1-2-0.dll
0x000001f042c60000 - 0x000001f042c63000 	C:\Users\kleggy\.openjfx\cache\21-ea+null\amd64\api-ms-win-core-datetime-l1-1-0.dll
0x000001f044bd0000 - 0x000001f044bd3000 	C:\Users\kleggy\.openjfx\cache\21-ea+null\amd64\api-ms-win-core-debug-l1-1-0.dll
0x000001f044be0000 - 0x000001f044be3000 	C:\Users\kleggy\.openjfx\cache\21-ea+null\amd64\api-ms-win-core-errorhandling-l1-1-0.dll
0x000001f044bf0000 - 0x000001f044bf4000 	C:\Users\kleggy\.openjfx\cache\21-ea+null\amd64\api-ms-win-core-file-l1-1-0.dll
0x000001f044c00000 - 0x000001f044c03000 	C:\Users\kleggy\.openjfx\cache\21-ea+null\amd64\api-ms-win-core-file-l1-2-0.dll
0x000001f044c10000 - 0x000001f044c13000 	C:\Users\kleggy\.openjfx\cache\21-ea+null\amd64\api-ms-win-core-file-l2-1-0.dll
0x000001f061e10000 - 0x000001f061e13000 	C:\Users\kleggy\.openjfx\cache\21-ea+null\amd64\api-ms-win-core-handle-l1-1-0.dll
0x000001f061e20000 - 0x000001f061e23000 	C:\Users\kleggy\.openjfx\cache\21-ea+null\amd64\api-ms-win-core-heap-l1-1-0.dll
0x000001f061e30000 - 0x000001f061e33000 	C:\Users\kleggy\.openjfx\cache\21-ea+null\amd64\api-ms-win-core-interlocked-l1-1-0.dll
0x000001f061e40000 - 0x000001f061e43000 	C:\Users\kleggy\.openjfx\cache\21-ea+null\amd64\api-ms-win-core-libraryloader-l1-1-0.dll
0x000001f061e50000 - 0x000001f061e53000 	C:\Users\kleggy\.openjfx\cache\21-ea+null\amd64\api-ms-win-core-localization-l1-2-0.dll
0x000001f061e60000 - 0x000001f061e63000 	C:\Users\kleggy\.openjfx\cache\21-ea+null\amd64\api-ms-win-core-memory-l1-1-0.dll
0x000001f061e70000 - 0x000001f061e73000 	C:\Users\kleggy\.openjfx\cache\21-ea+null\amd64\api-ms-win-core-namedpipe-l1-1-0.dll
0x000001f061e80000 - 0x000001f061e83000 	C:\Users\kleggy\.openjfx\cache\21-ea+null\amd64\api-ms-win-core-processenvironment-l1-1-0.dll
0x000001f061e90000 - 0x000001f061e93000 	C:\Users\kleggy\.openjfx\cache\21-ea+null\amd64\api-ms-win-core-processthreads-l1-1-0.dll
0x000001f061ea0000 - 0x000001f061ea3000 	C:\Users\kleggy\.openjfx\cache\21-ea+null\amd64\api-ms-win-core-processthreads-l1-1-1.dll
0x000001f061eb0000 - 0x000001f061eb3000 	C:\Users\kleggy\.openjfx\cache\21-ea+null\amd64\api-ms-win-core-profile-l1-1-0.dll
0x000001f061ec0000 - 0x000001f061ec3000 	C:\Users\kleggy\.openjfx\cache\21-ea+null\amd64\api-ms-win-core-rtlsupport-l1-1-0.dll
0x000001f061ed0000 - 0x000001f061ed3000 	C:\Users\kleggy\.openjfx\cache\21-ea+null\amd64\api-ms-win-core-string-l1-1-0.dll
0x000001f061ee0000 - 0x000001f061ee3000 	C:\Users\kleggy\.openjfx\cache\21-ea+null\amd64\api-ms-win-core-synch-l1-1-0.dll
0x000001f061ef0000 - 0x000001f061ef3000 	C:\Users\kleggy\.openjfx\cache\21-ea+null\amd64\api-ms-win-core-synch-l1-2-0.dll
0x000001f061f00000 - 0x000001f061f03000 	C:\Users\kleggy\.openjfx\cache\21-ea+null\amd64\api-ms-win-core-sysinfo-l1-1-0.dll
0x000001f061f10000 - 0x000001f061f13000 	C:\Users\kleggy\.openjfx\cache\21-ea+null\amd64\api-ms-win-core-timezone-l1-1-0.dll
0x000001f061f20000 - 0x000001f061f23000 	C:\Users\kleggy\.openjfx\cache\21-ea+null\amd64\api-ms-win-core-util-l1-1-0.dll
0x000001f061f30000 - 0x000001f061f33000 	C:\Users\kleggy\.openjfx\cache\21-ea+null\amd64\api-ms-win-crt-conio-l1-1-0.dll
0x000001f061f40000 - 0x000001f061f44000 	C:\Users\kleggy\.openjfx\cache\21-ea+null\amd64\api-ms-win-crt-convert-l1-1-0.dll
0x000001f061f50000 - 0x000001f061f53000 	C:\Users\kleggy\.openjfx\cache\21-ea+null\amd64\api-ms-win-crt-environment-l1-1-0.dll
0x000001f061f60000 - 0x000001f061f63000 	C:\Users\kleggy\.openjfx\cache\21-ea+null\amd64\api-ms-win-crt-filesystem-l1-1-0.dll
0x000001f061f70000 - 0x000001f061f73000 	C:\Users\kleggy\.openjfx\cache\21-ea+null\amd64\api-ms-win-crt-heap-l1-1-0.dll
0x000001f061f80000 - 0x000001f061f83000 	C:\Users\kleggy\.openjfx\cache\21-ea+null\amd64\api-ms-win-crt-locale-l1-1-0.dll
0x000001f061f90000 - 0x000001f061f95000 	C:\Users\kleggy\.openjfx\cache\21-ea+null\amd64\api-ms-win-crt-math-l1-1-0.dll
0x000001f061fa0000 - 0x000001f061fa5000 	C:\Users\kleggy\.openjfx\cache\21-ea+null\amd64\api-ms-win-crt-multibyte-l1-1-0.dll
0x000001f061fb0000 - 0x000001f061fc0000 	C:\Users\kleggy\.openjfx\cache\21-ea+null\amd64\api-ms-win-crt-private-l1-1-0.dll
0x000001f061fc0000 - 0x000001f061fc3000 	C:\Users\kleggy\.openjfx\cache\21-ea+null\amd64\api-ms-win-crt-process-l1-1-0.dll
0x000001f061fd0000 - 0x000001f061fd4000 	C:\Users\kleggy\.openjfx\cache\21-ea+null\amd64\api-ms-win-crt-runtime-l1-1-0.dll
0x000001f061fe0000 - 0x000001f061fe4000 	C:\Users\kleggy\.openjfx\cache\21-ea+null\amd64\api-ms-win-crt-stdio-l1-1-0.dll
0x000001f061ff0000 - 0x000001f061ff4000 	C:\Users\kleggy\.openjfx\cache\21-ea+null\amd64\api-ms-win-crt-string-l1-1-0.dll
0x000001f066fd0000 - 0x000001f066fd3000 	C:\Users\kleggy\.openjfx\cache\21-ea+null\amd64\api-ms-win-crt-time-l1-1-0.dll
0x000001f066fe0000 - 0x000001f066fe3000 	C:\Users\kleggy\.openjfx\cache\21-ea+null\amd64\api-ms-win-crt-utility-l1-1-0.dll
0x00007ffe06760000 - 0x00007ffe0685c000 	C:\Users\kleggy\.openjfx\cache\21-ea+null\amd64\ucrtbase.dll
0x00007ffe1fdf0000 - 0x00007ffe1fe0b000 	C:\Users\kleggy\.openjfx\cache\21-ea+null\amd64\vcruntime140.dll
0x00007ffe1fa60000 - 0x00007ffe1fa6c000 	C:\Users\kleggy\.openjfx\cache\21-ea+null\amd64\vcruntime140_1.dll
0x00007ffe08e20000 - 0x00007ffe08eae000 	C:\Users\kleggy\.openjfx\cache\21-ea+null\amd64\msvcp140.dll
0x00007ffe304c0000 - 0x00007ffe3065a000 	C:\WINDOWS\System32\ole32.dll
0x00007ffe1fa50000 - 0x00007ffe1fa59000 	C:\Users\kleggy\.openjfx\cache\21-ea+null\amd64\msvcp140_1.dll
0x00007ffe1ee80000 - 0x00007ffe1eeaf000 	C:\Users\kleggy\.openjfx\cache\21-ea+null\amd64\msvcp140_2.dll
0x00007ffe1ee50000 - 0x00007ffe1ee7f000 	C:\Users\kleggy\.openjfx\cache\21-ea+null\amd64\prism_d3d.dll
0x00007ffdda850000 - 0x00007ffdda9f6000 	C:\WINDOWS\system32\d3d9.dll
0x00007ffe2b9d0000 - 0x00007ffe2b9ff000 	C:\WINDOWS\SYSTEM32\dwmapi.dll
0x00007ffe2b750000 - 0x00007ffe2b788000 	C:\WINDOWS\SYSTEM32\dxcore.dll
0x00007ffe2b660000 - 0x00007ffe2b70c000 	C:\WINDOWS\system32\uxtheme.dll
0x00007ffe24ad0000 - 0x00007ffe24cad000 	C:\WINDOWS\System32\DriverStore\FileRepository\u0347924.inf_amd64_04af308e61660124\B347730\aticfx64.dll
0x00007ffe21d50000 - 0x00007ffe21d80000 	C:\WINDOWS\System32\DriverStore\FileRepository\u0347924.inf_amd64_04af308e61660124\B347730\atiu9p64.dll
0x00007ffe01630000 - 0x00007ffe022fb000 	C:\WINDOWS\System32\DriverStore\FileRepository\u0347924.inf_amd64_04af308e61660124\B347730\atiumd64.dll
0x0000000075210000 - 0x0000000075f93000 	C:\WINDOWS\System32\DriverStore\FileRepository\u0347924.inf_amd64_04af308e61660124\B347730\atiumd6a.dll
0x00007ffe28da0000 - 0x00007ffe28de4000 	C:\WINDOWS\SYSTEM32\directxdatabasehelper.dll
0x00007ffe2e9a0000 - 0x00007ffe2e9d4000 	C:\WINDOWS\SYSTEM32\ntmarta.dll
0x00007ffe18500000 - 0x00007ffe18542000 	C:\Users\kleggy\.openjfx\cache\21-ea+null\amd64\glass.dll
0x00007ffe31130000 - 0x00007ffe3121c000 	C:\WINDOWS\System32\COMDLG32.dll
0x00007ffe312e0000 - 0x00007ffe313b6000 	C:\WINDOWS\System32\OLEAUT32.dll
0x00007ffe30b90000 - 0x00007ffe30cad000 	C:\WINDOWS\System32\MSCTF.dll
0x00007ffe1fa30000 - 0x00007ffe1fa44000 	C:\Users\kleggy\.openjfx\cache\21-ea+null\amd64\javafx_font.dll
0x00007ffe1c880000 - 0x00007ffe1cadf000 	C:\WINDOWS\SYSTEM32\dwrite.dll
0x00007ffe1e420000 - 0x00007ffe1e44d000 	C:\Users\kleggy\.openjfx\cache\21-ea+null\amd64\javafx_iio.dll
0x00007ffe306d0000 - 0x00007ffe3077f000 	C:\WINDOWS\System32\clbcatq.dll
0x00007ffe26800000 - 0x00007ffe269ae000 	C:\WINDOWS\SYSTEM32\WindowsCodecs.dll
0x00007ffe0e6d0000 - 0x00007ffe0e72d000 	C:\WINDOWS\system32\dataexchange.dll
0x00007ffe25a80000 - 0x00007ffe25ce5000 	C:\WINDOWS\system32\twinapi.appcore.dll
0x00007ffe1c470000 - 0x00007ffe1c4a2000 	C:\Program Files\Common Files\Microsoft Shared\Ink\rtscom.dll
0x00007ffe1b010000 - 0x00007ffe1b13c000 	C:\WINDOWS\SYSTEM32\textinputframework.dll
0x00007ffe2b1a0000 - 0x00007ffe2b2d1000 	C:\WINDOWS\SYSTEM32\CoreMessaging.dll
0x00007ffe27e70000 - 0x00007ffe281dd000 	C:\WINDOWS\SYSTEM32\CoreUIComponents.dll
0x00007ffe2e290000 - 0x00007ffe2e29c000 	C:\WINDOWS\SYSTEM32\CRYPTBASE.DLL
0x00007ffe21d30000 - 0x00007ffe21d40000 	D:\Program Files\Java21\bin\verify.dll
0x00007ffe1c860000 - 0x00007ffe1c872000 	D:\Program Files\Java21\bin\jsound.dll
0x00007ffe072c0000 - 0x00007ffe07362000 	C:\WINDOWS\SYSTEM32\DSOUND.dll
0x00007ffe20c20000 - 0x00007ffe20c49000 	C:\WINDOWS\SYSTEM32\winmmbase.dll
0x00007ffe03cf0000 - 0x00007ffe03da1000 	C:\WINDOWS\SYSTEM32\ResampleDmo.DLL
0x00007ffdf1ab0000 - 0x00007ffdf1abb000 	C:\WINDOWS\SYSTEM32\msdmo.dll

dbghelp: loaded successfully - version: 4.0.5 - missing functions: none
symbol engine: initialized successfully - sym options: 0x614 - pdb path: .;D:\Program Files\Java21\bin;C:\WINDOWS\SYSTEM32;C:\WINDOWS\WinSxS\amd64_microsoft.windows.common-controls_6595b64144ccf1df_6.0.22000.120_none_9d947278b86cc467;D:\Program Files\Java21\bin\server;D:\Program Files\IntelliJ IDEA 2023.2.4\bin;C:\Users\kleggy\.openjfx\cache\21-ea+null\amd64;C:\WINDOWS\System32\DriverStore\FileRepository\u0347924.inf_amd64_04af308e61660124\B347730;C:\Program Files\Common Files\Microsoft Shared\Ink

VM Arguments:
jvm_args: -javaagent:D:\Program Files\IntelliJ IDEA 2023.2.4\lib\idea_rt.jar=53174:D:\Program Files\IntelliJ IDEA 2023.2.4\bin -Dfile.encoding=UTF-8 -Dsun.stdout.encoding=UTF-8 -Dsun.stderr.encoding=UTF-8 --module-path=C:\Users\kleggy\.m2\repository\org\openjfx\javafx-graphics\21-ea+24\javafx-graphics-21-ea+24-win.jar;C:\Users\kleggy\.m2\repository\org\openjfx\javafx-fxml\21-ea+24\javafx-fxml-21-ea+24-win.jar;D:\university\Git\psymk6_comp2013_cw\snakegame\target\classes;C:\Users\kleggy\.m2\repository\org\openjfx\javafx-base\21-ea+24\javafx-base-21-ea+24-win.jar;C:\Users\kleggy\.m2\repository\org\openjfx\javafx-controls\21-ea+24\javafx-controls-21-ea+24-win.jar;C:\Users\kleggy\.m2\repository\com\googlecode\soundlibs\jlayer\1.0.1.4\jlayer-1.0.1.4.jar -Djdk.module.main=com.COMP2013.javafxmultiscenes 
java_command: com.COMP2013.javafxmultiscenes/com.psymk6.Main
java_class_path (initial): C:\Users\kleggy\.m2\repository\org\openjfx\javafx-controls\21-ea+24\javafx-controls-21-ea+24.jar;C:\Users\kleggy\.m2\repository\org\openjfx\javafx-graphics\21-ea+24\javafx-graphics-21-ea+24.jar;C:\Users\kleggy\.m2\repository\org\openjfx\javafx-base\21-ea+24\javafx-base-21-ea+24.jar;C:\Users\kleggy\.m2\repository\org\openjfx\javafx-fxml\21-ea+24\javafx-fxml-21-ea+24.jar;C:\Users\kleggy\.m2\repository\junit\junit\3.8.2\junit-3.8.2.jar;C:\Users\kleggy\.m2\repository\org\controlsfx\controlsfx\11.1.2\controlsfx-11.1.2.jar
Launcher Type: SUN_STANDARD

[Global flags]
     intx CICompilerCount                          = 4                                         {product} {ergonomic}
     uint ConcGCThreads                            = 2                                         {product} {ergonomic}
     uint G1ConcRefinementThreads                  = 8                                         {product} {ergonomic}
   size_t G1HeapRegionSize                         = 1048576                                   {product} {ergonomic}
    uintx GCDrainStackTargetSize                   = 64                                        {product} {ergonomic}
   size_t InitialHeapSize                          = 117440512                                 {product} {ergonomic}
   size_t MarkStackSize                            = 4194304                                   {product} {ergonomic}
   size_t MaxHeapSize                              = 1862270976                                {product} {ergonomic}
   size_t MaxNewSize                               = 1116733440                                {product} {ergonomic}
   size_t MinHeapDeltaBytes                        = 1048576                                   {product} {ergonomic}
   size_t MinHeapSize                              = 8388608                                   {product} {ergonomic}
    uintx NonNMethodCodeHeapSize                   = 5839372                                {pd product} {ergonomic}
    uintx NonProfiledCodeHeapSize                  = 122909434                              {pd product} {ergonomic}
    uintx ProfiledCodeHeapSize                     = 122909434                              {pd product} {ergonomic}
    uintx ReservedCodeCacheSize                    = 251658240                              {pd product} {ergonomic}
     bool SegmentedCodeCache                       = true                                      {product} {ergonomic}
   size_t SoftMaxHeapSize                          = 1862270976                             {manageable} {ergonomic}
     bool UseCompressedOops                        = true                           {product lp64_product} {ergonomic}
     bool UseG1GC                                  = true                                      {product} {ergonomic}
     bool UseLargePagesIndividualAllocation        = false                                  {pd product} {ergonomic}

Logging:
Log output configuration:
 #0: stdout all=warning uptime,level,tags foldmultilines=false
 #1: stderr all=off uptime,level,tags foldmultilines=false

Environment Variables:
PATH=C:\WINDOWS\system32;C:\WINDOWS;C:\WINDOWS\System32\Wbem;C:\WINDOWS\System32\WindowsPowerShell\v1.0\;C:\WINDOWS\System32\OpenSSH\;C:\Users\natal\AppData\Local\Programs\Python\Python310;C:\Users\natal\AppData\Local\Programs\Python\Python310\Scripts;D:\Program Files\Git\cmd;D:\Program Files\pUTTY\;C:\Users\kleggy\.elan\bin;C:\Users\kleggy\AppData\Local\Programs\Python\Python310\Scripts\;C:\Users\kleggy\AppData\Local\Programs\Python\Python310\;C:\Users\kleggy\AppData\Local\Programs\Python\Launcher\;C:\Users\kleggy\AppData\Local\Microsoft\WindowsApps;C:\Users\kleggy\AppData\Local\Programs\Microsoft VS Code\bin;C:\msys64\mingw64\bin;C:\ghcup\bin;C:\Users\kleggy\AppData\Local\spicetify;C:\Users\kleggy\AppData\Local\GitHubDesktop\bin;D:\Program Files\CLion 2023.2.2\bin;;D:\Program Files\IntelliJ IDEA 2023.2.4\bin;
USERNAME=kleggy
OS=Windows_NT
PROCESSOR_IDENTIFIER=AMD64 Family 23 Model 24 Stepping 1, AuthenticAMD
TMP=C:\Users\kleggy\AppData\Local\Temp
TEMP=C:\Users\kleggy\AppData\Local\Temp




---------------  S Y S T E M  ---------------

OS:
 Windows 11 , 64 bit Build 22000 (10.0.22000.2538)
OS uptime: 4 days 3:44 hours

CPU: total 8 (initial active 8) (8 cores per cpu, 2 threads per core) family 23 model 24 stepping 1 microcode 0x0, cx8, cmov, fxsr, ht, mmx, 3dnowpref, sse, sse2, sse3, ssse3, sse4a, sse4.1, sse4.2, popcnt, lzcnt, tsc, tscinvbit, avx, avx2, aes, clmul, bmi1, bmi2, adx, sha, fma, vzeroupper, clflush, clflushopt, rdtscp, f16c
Processor Information for all 8 processors :
  Max Mhz: 2100, Current Mhz: 2100, Mhz Limit: 2100

Memory: 4k page, system-wide physical 7103M (346M free)
TotalPageFile size 17343M (AvailPageFile size 5M)
current process WorkingSet (physical memory assigned to process): 388M, peak: 396M
current process commit charge ("private bytes"): 828M, peak: 831M

vm_info: OpenJDK 64-Bit Server VM (21+35-2513) for windows-amd64 JRE (21+35-2513), built on 2023-08-09T20:25:10Z by "mach5one" with MS VC++ 17.1 (VS2022)

END.
